{"C:\\Users\\Me\\Desktop\\ME-DB\\ME-DB-front\\src\\App.js": {"path":"C:\\Users\\Me\\Desktop\\ME-DB\\ME-DB-front\\src\\App.js","statementMap":{"0":{"start":{"line":16,"column":19},"end":{"line":16,"column":69}},"1":{"start":{"line":16,"column":30},"end":{"line":16,"column":68}},"2":{"start":{"line":17,"column":19},"end":{"line":17,"column":69}},"3":{"start":{"line":17,"column":30},"end":{"line":17,"column":68}},"4":{"start":{"line":19,"column":22},"end":{"line":19,"column":69}},"5":{"start":{"line":19,"column":33},"end":{"line":19,"column":68}},"6":{"start":{"line":20,"column":14},"end":{"line":20,"column":53}},"7":{"start":{"line":20,"column":25},"end":{"line":20,"column":52}},"8":{"start":{"line":21,"column":14},"end":{"line":21,"column":49}},"9":{"start":{"line":21,"column":25},"end":{"line":21,"column":48}},"10":{"start":{"line":22,"column":14},"end":{"line":22,"column":57}},"11":{"start":{"line":22,"column":25},"end":{"line":22,"column":56}},"12":{"start":{"line":23,"column":16},"end":{"line":23,"column":57}},"13":{"start":{"line":23,"column":27},"end":{"line":23,"column":56}},"14":{"start":{"line":24,"column":25},"end":{"line":24,"column":75}},"15":{"start":{"line":24,"column":36},"end":{"line":24,"column":74}},"16":{"start":{"line":25,"column":20},"end":{"line":25,"column":65}},"17":{"start":{"line":25,"column":31},"end":{"line":25,"column":64}},"18":{"start":{"line":26,"column":16},"end":{"line":26,"column":57}},"19":{"start":{"line":26,"column":27},"end":{"line":26,"column":56}},"20":{"start":{"line":27,"column":19},"end":{"line":27,"column":63}},"21":{"start":{"line":27,"column":30},"end":{"line":27,"column":62}},"22":{"start":{"line":28,"column":27},"end":{"line":28,"column":79}},"23":{"start":{"line":28,"column":38},"end":{"line":28,"column":78}},"24":{"start":{"line":29,"column":18},"end":{"line":29,"column":62}},"25":{"start":{"line":29,"column":29},"end":{"line":29,"column":61}},"26":{"start":{"line":30,"column":26},"end":{"line":30,"column":78}},"27":{"start":{"line":30,"column":37},"end":{"line":30,"column":77}},"28":{"start":{"line":31,"column":29},"end":{"line":31,"column":84}},"29":{"start":{"line":31,"column":40},"end":{"line":31,"column":83}},"30":{"start":{"line":32,"column":24},"end":{"line":32,"column":74}},"31":{"start":{"line":32,"column":35},"end":{"line":32,"column":73}},"32":{"start":{"line":36,"column":21},"end":{"line":36,"column":109}},"33":{"start":{"line":36,"column":84},"end":{"line":36,"column":92}},"34":{"start":{"line":38,"column":12},"end":{"line":137,"column":1}},"35":{"start":{"line":39,"column":26},"end":{"line":39,"column":40}},"36":{"start":{"line":40,"column":36},"end":{"line":40,"column":50}},"37":{"start":{"line":41,"column":40},"end":{"line":41,"column":55}},"38":{"start":{"line":42,"column":34},"end":{"line":42,"column":46}},"39":{"start":{"line":43,"column":42},"end":{"line":55,"column":4}},"40":{"start":{"line":44,"column":19},"end":{"line":44,"column":62}},"41":{"start":{"line":45,"column":22},"end":{"line":45,"column":42}},"42":{"start":{"line":46,"column":4},"end":{"line":48,"column":5}},"43":{"start":{"line":47,"column":6},"end":{"line":47,"column":63}},"44":{"start":{"line":47,"column":37},"end":{"line":47,"column":60}},"45":{"start":{"line":50,"column":23},"end":{"line":50,"column":41}},"46":{"start":{"line":51,"column":4},"end":{"line":53,"column":5}},"47":{"start":{"line":52,"column":6},"end":{"line":52,"column":75}},"48":{"start":{"line":52,"column":49},"end":{"line":52,"column":72}},"49":{"start":{"line":54,"column":4},"end":{"line":54,"column":14}},"50":{"start":{"line":56,"column":42},"end":{"line":56,"column":54}},"51":{"start":{"line":58,"column":2},"end":{"line":83,"column":26}},"52":{"start":{"line":60,"column":20},"end":{"line":81,"column":5}},"53":{"start":{"line":61,"column":6},"end":{"line":80,"column":7}},"54":{"start":{"line":63,"column":8},"end":{"line":79,"column":11}},"55":{"start":{"line":66,"column":10},"end":{"line":66,"column":33}},"56":{"start":{"line":67,"column":24},"end":{"line":67,"column":47}},"57":{"start":{"line":68,"column":10},"end":{"line":68,"column":88}},"58":{"start":{"line":69,"column":10},"end":{"line":69,"column":32}},"59":{"start":{"line":72,"column":10},"end":{"line":74,"column":11}},"60":{"start":{"line":73,"column":12},"end":{"line":73,"column":83}},"61":{"start":{"line":75,"column":10},"end":{"line":75,"column":24}},"62":{"start":{"line":78,"column":10},"end":{"line":78,"column":30}},"63":{"start":{"line":82,"column":4},"end":{"line":82,"column":14}},"64":{"start":{"line":86,"column":2},"end":{"line":90,"column":13}},"65":{"start":{"line":87,"column":4},"end":{"line":89,"column":5}},"66":{"start":{"line":88,"column":6},"end":{"line":88,"column":42}},"67":{"start":{"line":93,"column":2},"end":{"line":105,"column":9}},"68":{"start":{"line":94,"column":26},"end":{"line":94,"column":58}},"69":{"start":{"line":95,"column":4},"end":{"line":104,"column":5}},"70":{"start":{"line":96,"column":19},"end":{"line":96,"column":43}},"71":{"start":{"line":97,"column":6},"end":{"line":97,"column":76}},"72":{"start":{"line":98,"column":6},"end":{"line":98,"column":81}},"73":{"start":{"line":99,"column":6},"end":{"line":99,"column":92}},"74":{"start":{"line":100,"column":6},"end":{"line":100,"column":90}},"75":{"start":{"line":101,"column":6},"end":{"line":101,"column":78}},"76":{"start":{"line":102,"column":6},"end":{"line":102,"column":81}},"77":{"start":{"line":103,"column":6},"end":{"line":103,"column":81}},"78":{"start":{"line":108,"column":2},"end":{"line":125,"column":13}},"79":{"start":{"line":109,"column":4},"end":{"line":124,"column":5}},"80":{"start":{"line":110,"column":37},"end":{"line":121,"column":24}},"81":{"start":{"line":111,"column":8},"end":{"line":120,"column":13}},"82":{"start":{"line":114,"column":12},"end":{"line":116,"column":13}},"83":{"start":{"line":115,"column":14},"end":{"line":115,"column":28}},"84":{"start":{"line":119,"column":12},"end":{"line":119,"column":26}},"85":{"start":{"line":123,"column":6},"end":{"line":123,"column":57}},"86":{"start":{"line":123,"column":19},"end":{"line":123,"column":56}},"87":{"start":{"line":127,"column":2},"end":{"line":136,"column":3}},"88":{"start":{"line":129,"column":4},"end":{"line":135,"column":6}},"89":{"start":{"line":140,"column":16},"end":{"line":140,"column":61}},"90":{"start":{"line":141,"column":2},"end":{"line":141,"column":39}},"91":{"start":{"line":141,"column":26},"end":{"line":141,"column":39}},"92":{"start":{"line":142,"column":2},"end":{"line":142,"column":59}},"93":{"start":{"line":147,"column":19},"end":{"line":147,"column":32}},"94":{"start":{"line":148,"column":22},"end":{"line":148,"column":59}},"95":{"start":{"line":149,"column":23},"end":{"line":149,"column":61}},"96":{"start":{"line":151,"column":29},"end":{"line":154,"column":35}},"97":{"start":{"line":152,"column":15},"end":{"line":152,"column":62}},"98":{"start":{"line":153,"column":4},"end":{"line":153,"column":38}},"99":{"start":{"line":156,"column":31},"end":{"line":169,"column":3}},"100":{"start":{"line":157,"column":21},"end":{"line":157,"column":51}},"101":{"start":{"line":158,"column":4},"end":{"line":158,"column":40}},"102":{"start":{"line":158,"column":18},"end":{"line":158,"column":40}},"103":{"start":{"line":161,"column":4},"end":{"line":166,"column":5}},"104":{"start":{"line":162,"column":20},"end":{"line":162,"column":62}},"105":{"start":{"line":163,"column":6},"end":{"line":163,"column":56}},"106":{"start":{"line":163,"column":43},"end":{"line":163,"column":56}},"107":{"start":{"line":168,"column":4},"end":{"line":168,"column":31}},"108":{"start":{"line":172,"column":2},"end":{"line":180,"column":52}},"109":{"start":{"line":173,"column":4},"end":{"line":173,"column":22}},"110":{"start":{"line":173,"column":15},"end":{"line":173,"column":22}},"111":{"start":{"line":174,"column":4},"end":{"line":174,"column":52}},"112":{"start":{"line":174,"column":45},"end":{"line":174,"column":52}},"113":{"start":{"line":175,"column":4},"end":{"line":179,"column":5}},"114":{"start":{"line":176,"column":6},"end":{"line":176,"column":68}},"115":{"start":{"line":187,"column":27},"end":{"line":187,"column":47}},"116":{"start":{"line":188,"column":35},"end":{"line":188,"column":72}},"117":{"start":{"line":190,"column":2},"end":{"line":237,"column":4}},"118":{"start":{"line":241,"column":31},"end":{"line":241,"column":42}},"119":{"start":{"line":242,"column":19},"end":{"line":242,"column":32}},"120":{"start":{"line":243,"column":18},"end":{"line":243,"column":46}},"121":{"start":{"line":244,"column":23},"end":{"line":244,"column":72}},"122":{"start":{"line":244,"column":37},"end":{"line":244,"column":67}},"123":{"start":{"line":245,"column":21},"end":{"line":245,"column":129}},"124":{"start":{"line":245,"column":35},"end":{"line":245,"column":102}},"125":{"start":{"line":248,"column":24},"end":{"line":248,"column":47}},"126":{"start":{"line":251,"column":2},"end":{"line":276,"column":60}},"127":{"start":{"line":252,"column":4},"end":{"line":252,"column":33}},"128":{"start":{"line":252,"column":26},"end":{"line":252,"column":33}},"129":{"start":{"line":255,"column":23},"end":{"line":255,"column":44}},"130":{"start":{"line":256,"column":4},"end":{"line":256,"column":47}},"131":{"start":{"line":256,"column":40},"end":{"line":256,"column":47}},"132":{"start":{"line":257,"column":4},"end":{"line":257,"column":44}},"133":{"start":{"line":259,"column":22},"end":{"line":259,"column":58}},"134":{"start":{"line":260,"column":22},"end":{"line":260,"column":45}},"135":{"start":{"line":261,"column":28},"end":{"line":261,"column":49}},"136":{"start":{"line":262,"column":22},"end":{"line":264,"column":94}},"137":{"start":{"line":264,"column":63},"end":{"line":264,"column":71}},"138":{"start":{"line":266,"column":4},"end":{"line":275,"column":5}},"139":{"start":{"line":268,"column":6},"end":{"line":268,"column":73}},"140":{"start":{"line":268,"column":46},"end":{"line":268,"column":69}},"141":{"start":{"line":271,"column":24},"end":{"line":271,"column":52}},"142":{"start":{"line":272,"column":6},"end":{"line":274,"column":7}},"143":{"start":{"line":273,"column":8},"end":{"line":273,"column":28}},"144":{"start":{"line":279,"column":52},"end":{"line":279,"column":66}},"145":{"start":{"line":280,"column":2},"end":{"line":288,"column":54}},"146":{"start":{"line":281,"column":4},"end":{"line":286,"column":5}},"147":{"start":{"line":282,"column":6},"end":{"line":282,"column":26}},"148":{"start":{"line":283,"column":6},"end":{"line":285,"column":7}},"149":{"start":{"line":284,"column":8},"end":{"line":284,"column":50}},"150":{"start":{"line":287,"column":4},"end":{"line":287,"column":36}},"151":{"start":{"line":291,"column":2},"end":{"line":315,"column":68}},"152":{"start":{"line":292,"column":4},"end":{"line":314,"column":5}},"153":{"start":{"line":293,"column":6},"end":{"line":313,"column":7}},"154":{"start":{"line":294,"column":8},"end":{"line":312,"column":11}},"155":{"start":{"line":299,"column":31},"end":{"line":306,"column":11}},"156":{"start":{"line":300,"column":64},"end":{"line":300,"column":78}},"157":{"start":{"line":300,"column":123},"end":{"line":300,"column":137}},"158":{"start":{"line":301,"column":64},"end":{"line":301,"column":78}},"159":{"start":{"line":301,"column":123},"end":{"line":301,"column":137}},"160":{"start":{"line":302,"column":64},"end":{"line":302,"column":78}},"161":{"start":{"line":302,"column":123},"end":{"line":302,"column":137}},"162":{"start":{"line":303,"column":64},"end":{"line":303,"column":78}},"163":{"start":{"line":303,"column":123},"end":{"line":303,"column":137}},"164":{"start":{"line":304,"column":64},"end":{"line":304,"column":78}},"165":{"start":{"line":304,"column":123},"end":{"line":304,"column":137}},"166":{"start":{"line":305,"column":64},"end":{"line":305,"column":78}},"167":{"start":{"line":305,"column":123},"end":{"line":305,"column":137}},"168":{"start":{"line":307,"column":10},"end":{"line":307,"column":40}},"169":{"start":{"line":310,"column":10},"end":{"line":310,"column":89}},"170":{"start":{"line":311,"column":10},"end":{"line":311,"column":65}},"171":{"start":{"line":317,"column":2},"end":{"line":327,"column":3}},"172":{"start":{"line":318,"column":4},"end":{"line":318,"column":109}},"173":{"start":{"line":318,"column":16},"end":{"line":318,"column":109}},"174":{"start":{"line":319,"column":4},"end":{"line":319,"column":108}},"175":{"start":{"line":319,"column":16},"end":{"line":319,"column":108}},"176":{"start":{"line":320,"column":4},"end":{"line":325,"column":5}},"177":{"start":{"line":321,"column":6},"end":{"line":321,"column":109}},"178":{"start":{"line":321,"column":24},"end":{"line":321,"column":109}},"179":{"start":{"line":322,"column":6},"end":{"line":322,"column":279}},"180":{"start":{"line":322,"column":56},"end":{"line":322,"column":279}},"181":{"start":{"line":323,"column":6},"end":{"line":323,"column":250}},"182":{"start":{"line":323,"column":28},"end":{"line":323,"column":250}},"183":{"start":{"line":324,"column":6},"end":{"line":324,"column":36}},"184":{"start":{"line":326,"column":4},"end":{"line":326,"column":74}},"185":{"start":{"line":326,"column":16},"end":{"line":326,"column":74}},"186":{"start":{"line":328,"column":2},"end":{"line":328,"column":32}},"187":{"start":{"line":333,"column":2},"end":{"line":340,"column":3}},"188":{"start":{"line":334,"column":20},"end":{"line":334,"column":38}},"189":{"start":{"line":335,"column":4},"end":{"line":335,"column":43}},"190":{"start":{"line":336,"column":4},"end":{"line":336,"column":37}},"191":{"start":{"line":337,"column":4},"end":{"line":337,"column":16}},"192":{"start":{"line":339,"column":4},"end":{"line":339,"column":17}},"193":{"start":{"line":345,"column":27},"end":{"line":345,"column":52}},"194":{"start":{"line":347,"column":2},"end":{"line":353,"column":4}},"195":{"start":{"line":358,"column":24},"end":{"line":358,"column":35}},"196":{"start":{"line":359,"column":21},"end":{"line":359,"column":51}},"197":{"start":{"line":361,"column":2},"end":{"line":363,"column":3}},"198":{"start":{"line":362,"column":4},"end":{"line":362,"column":69}},"199":{"start":{"line":364,"column":2},"end":{"line":364,"column":32}},"200":{"start":{"line":369,"column":31},"end":{"line":369,"column":42}},"201":{"start":{"line":370,"column":21},"end":{"line":370,"column":51}},"202":{"start":{"line":372,"column":2},"end":{"line":374,"column":3}},"203":{"start":{"line":373,"column":4},"end":{"line":373,"column":34}},"204":{"start":{"line":378,"column":2},"end":{"line":380,"column":3}},"205":{"start":{"line":379,"column":4},"end":{"line":379,"column":36}},"206":{"start":{"line":382,"column":2},"end":{"line":382,"column":32}}},"fnMap":{"0":{"name":"(anonymous_0)","decl":{"start":{"line":16,"column":24},"end":{"line":16,"column":25}},"loc":{"start":{"line":16,"column":30},"end":{"line":16,"column":68}},"line":16},"1":{"name":"(anonymous_1)","decl":{"start":{"line":17,"column":24},"end":{"line":17,"column":25}},"loc":{"start":{"line":17,"column":30},"end":{"line":17,"column":68}},"line":17},"2":{"name":"(anonymous_2)","decl":{"start":{"line":19,"column":27},"end":{"line":19,"column":28}},"loc":{"start":{"line":19,"column":33},"end":{"line":19,"column":68}},"line":19},"3":{"name":"(anonymous_3)","decl":{"start":{"line":20,"column":19},"end":{"line":20,"column":20}},"loc":{"start":{"line":20,"column":25},"end":{"line":20,"column":52}},"line":20},"4":{"name":"(anonymous_4)","decl":{"start":{"line":21,"column":19},"end":{"line":21,"column":20}},"loc":{"start":{"line":21,"column":25},"end":{"line":21,"column":48}},"line":21},"5":{"name":"(anonymous_5)","decl":{"start":{"line":22,"column":19},"end":{"line":22,"column":20}},"loc":{"start":{"line":22,"column":25},"end":{"line":22,"column":56}},"line":22},"6":{"name":"(anonymous_6)","decl":{"start":{"line":23,"column":21},"end":{"line":23,"column":22}},"loc":{"start":{"line":23,"column":27},"end":{"line":23,"column":56}},"line":23},"7":{"name":"(anonymous_7)","decl":{"start":{"line":24,"column":30},"end":{"line":24,"column":31}},"loc":{"start":{"line":24,"column":36},"end":{"line":24,"column":74}},"line":24},"8":{"name":"(anonymous_8)","decl":{"start":{"line":25,"column":25},"end":{"line":25,"column":26}},"loc":{"start":{"line":25,"column":31},"end":{"line":25,"column":64}},"line":25},"9":{"name":"(anonymous_9)","decl":{"start":{"line":26,"column":21},"end":{"line":26,"column":22}},"loc":{"start":{"line":26,"column":27},"end":{"line":26,"column":56}},"line":26},"10":{"name":"(anonymous_10)","decl":{"start":{"line":27,"column":24},"end":{"line":27,"column":25}},"loc":{"start":{"line":27,"column":30},"end":{"line":27,"column":62}},"line":27},"11":{"name":"(anonymous_11)","decl":{"start":{"line":28,"column":32},"end":{"line":28,"column":33}},"loc":{"start":{"line":28,"column":38},"end":{"line":28,"column":78}},"line":28},"12":{"name":"(anonymous_12)","decl":{"start":{"line":29,"column":23},"end":{"line":29,"column":24}},"loc":{"start":{"line":29,"column":29},"end":{"line":29,"column":61}},"line":29},"13":{"name":"(anonymous_13)","decl":{"start":{"line":30,"column":31},"end":{"line":30,"column":32}},"loc":{"start":{"line":30,"column":37},"end":{"line":30,"column":77}},"line":30},"14":{"name":"(anonymous_14)","decl":{"start":{"line":31,"column":34},"end":{"line":31,"column":35}},"loc":{"start":{"line":31,"column":40},"end":{"line":31,"column":83}},"line":31},"15":{"name":"(anonymous_15)","decl":{"start":{"line":32,"column":29},"end":{"line":32,"column":30}},"loc":{"start":{"line":32,"column":35},"end":{"line":32,"column":73}},"line":32},"16":{"name":"(anonymous_16)","decl":{"start":{"line":36,"column":79},"end":{"line":36,"column":80}},"loc":{"start":{"line":36,"column":84},"end":{"line":36,"column":92}},"line":36},"17":{"name":"(anonymous_17)","decl":{"start":{"line":38,"column":12},"end":{"line":38,"column":13}},"loc":{"start":{"line":38,"column":18},"end":{"line":137,"column":1}},"line":38},"18":{"name":"(anonymous_18)","decl":{"start":{"line":43,"column":51},"end":{"line":43,"column":52}},"loc":{"start":{"line":43,"column":57},"end":{"line":55,"column":3}},"line":43},"19":{"name":"(anonymous_19)","decl":{"start":{"line":47,"column":27},"end":{"line":47,"column":28}},"loc":{"start":{"line":47,"column":37},"end":{"line":47,"column":60}},"line":47},"20":{"name":"(anonymous_20)","decl":{"start":{"line":52,"column":39},"end":{"line":52,"column":40}},"loc":{"start":{"line":52,"column":49},"end":{"line":52,"column":72}},"line":52},"21":{"name":"(anonymous_21)","decl":{"start":{"line":58,"column":12},"end":{"line":58,"column":13}},"loc":{"start":{"line":58,"column":18},"end":{"line":83,"column":3}},"line":58},"22":{"name":"(anonymous_22)","decl":{"start":{"line":60,"column":20},"end":{"line":60,"column":21}},"loc":{"start":{"line":60,"column":32},"end":{"line":81,"column":5}},"line":60},"23":{"name":"(anonymous_23)","decl":{"start":{"line":65,"column":14},"end":{"line":65,"column":15}},"loc":{"start":{"line":65,"column":23},"end":{"line":70,"column":9}},"line":65},"24":{"name":"(anonymous_24)","decl":{"start":{"line":71,"column":15},"end":{"line":71,"column":16}},"loc":{"start":{"line":71,"column":24},"end":{"line":76,"column":9}},"line":71},"25":{"name":"(anonymous_25)","decl":{"start":{"line":77,"column":17},"end":{"line":77,"column":18}},"loc":{"start":{"line":77,"column":23},"end":{"line":79,"column":9}},"line":77},"26":{"name":"(anonymous_26)","decl":{"start":{"line":86,"column":12},"end":{"line":86,"column":13}},"loc":{"start":{"line":86,"column":18},"end":{"line":90,"column":3}},"line":86},"27":{"name":"(anonymous_27)","decl":{"start":{"line":93,"column":12},"end":{"line":93,"column":13}},"loc":{"start":{"line":93,"column":18},"end":{"line":105,"column":3}},"line":93},"28":{"name":"(anonymous_28)","decl":{"start":{"line":108,"column":12},"end":{"line":108,"column":13}},"loc":{"start":{"line":108,"column":18},"end":{"line":125,"column":3}},"line":108},"29":{"name":"(anonymous_29)","decl":{"start":{"line":110,"column":49},"end":{"line":110,"column":50}},"loc":{"start":{"line":110,"column":55},"end":{"line":121,"column":7}},"line":110},"30":{"name":"(anonymous_30)","decl":{"start":{"line":113,"column":16},"end":{"line":113,"column":17}},"loc":{"start":{"line":113,"column":25},"end":{"line":117,"column":11}},"line":113},"31":{"name":"(anonymous_31)","decl":{"start":{"line":118,"column":17},"end":{"line":118,"column":18}},"loc":{"start":{"line":118,"column":23},"end":{"line":120,"column":11}},"line":118},"32":{"name":"(anonymous_32)","decl":{"start":{"line":123,"column":13},"end":{"line":123,"column":14}},"loc":{"start":{"line":123,"column":19},"end":{"line":123,"column":56}},"line":123},"33":{"name":"isListRoutePath","decl":{"start":{"line":139,"column":9},"end":{"line":139,"column":24}},"loc":{"start":{"line":139,"column":31},"end":{"line":143,"column":1}},"line":139},"34":{"name":"AppContent","decl":{"start":{"line":146,"column":9},"end":{"line":146,"column":19}},"loc":{"start":{"line":146,"column":118},"end":{"line":238,"column":1}},"line":146},"35":{"name":"(anonymous_35)","decl":{"start":{"line":151,"column":41},"end":{"line":151,"column":42}},"loc":{"start":{"line":151,"column":47},"end":{"line":154,"column":3}},"line":151},"36":{"name":"(anonymous_36)","decl":{"start":{"line":156,"column":31},"end":{"line":156,"column":32}},"loc":{"start":{"line":156,"column":37},"end":{"line":169,"column":3}},"line":156},"37":{"name":"(anonymous_37)","decl":{"start":{"line":172,"column":12},"end":{"line":172,"column":13}},"loc":{"start":{"line":172,"column":18},"end":{"line":180,"column":3}},"line":172},"38":{"name":"RestrictMediaType","decl":{"start":{"line":240,"column":9},"end":{"line":240,"column":26}},"loc":{"start":{"line":240,"column":127},"end":{"line":329,"column":1}},"line":240},"39":{"name":"(anonymous_39)","decl":{"start":{"line":244,"column":31},"end":{"line":244,"column":32}},"loc":{"start":{"line":244,"column":37},"end":{"line":244,"column":67}},"line":244},"40":{"name":"(anonymous_40)","decl":{"start":{"line":245,"column":29},"end":{"line":245,"column":30}},"loc":{"start":{"line":245,"column":35},"end":{"line":245,"column":102}},"line":245},"41":{"name":"(anonymous_41)","decl":{"start":{"line":251,"column":12},"end":{"line":251,"column":13}},"loc":{"start":{"line":251,"column":18},"end":{"line":276,"column":3}},"line":251},"42":{"name":"(anonymous_42)","decl":{"start":{"line":264,"column":58},"end":{"line":264,"column":59}},"loc":{"start":{"line":264,"column":63},"end":{"line":264,"column":71}},"line":264},"43":{"name":"(anonymous_43)","decl":{"start":{"line":268,"column":36},"end":{"line":268,"column":37}},"loc":{"start":{"line":268,"column":46},"end":{"line":268,"column":69}},"line":268},"44":{"name":"(anonymous_44)","decl":{"start":{"line":280,"column":12},"end":{"line":280,"column":13}},"loc":{"start":{"line":280,"column":18},"end":{"line":288,"column":3}},"line":280},"45":{"name":"(anonymous_45)","decl":{"start":{"line":291,"column":12},"end":{"line":291,"column":13}},"loc":{"start":{"line":291,"column":18},"end":{"line":315,"column":3}},"line":291},"46":{"name":"(anonymous_46)","decl":{"start":{"line":298,"column":14},"end":{"line":298,"column":15}},"loc":{"start":{"line":298,"column":44},"end":{"line":308,"column":9}},"line":298},"47":{"name":"(anonymous_47)","decl":{"start":{"line":300,"column":59},"end":{"line":300,"column":60}},"loc":{"start":{"line":300,"column":64},"end":{"line":300,"column":78}},"line":300},"48":{"name":"(anonymous_48)","decl":{"start":{"line":300,"column":118},"end":{"line":300,"column":119}},"loc":{"start":{"line":300,"column":123},"end":{"line":300,"column":137}},"line":300},"49":{"name":"(anonymous_49)","decl":{"start":{"line":301,"column":59},"end":{"line":301,"column":60}},"loc":{"start":{"line":301,"column":64},"end":{"line":301,"column":78}},"line":301},"50":{"name":"(anonymous_50)","decl":{"start":{"line":301,"column":118},"end":{"line":301,"column":119}},"loc":{"start":{"line":301,"column":123},"end":{"line":301,"column":137}},"line":301},"51":{"name":"(anonymous_51)","decl":{"start":{"line":302,"column":59},"end":{"line":302,"column":60}},"loc":{"start":{"line":302,"column":64},"end":{"line":302,"column":78}},"line":302},"52":{"name":"(anonymous_52)","decl":{"start":{"line":302,"column":118},"end":{"line":302,"column":119}},"loc":{"start":{"line":302,"column":123},"end":{"line":302,"column":137}},"line":302},"53":{"name":"(anonymous_53)","decl":{"start":{"line":303,"column":59},"end":{"line":303,"column":60}},"loc":{"start":{"line":303,"column":64},"end":{"line":303,"column":78}},"line":303},"54":{"name":"(anonymous_54)","decl":{"start":{"line":303,"column":118},"end":{"line":303,"column":119}},"loc":{"start":{"line":303,"column":123},"end":{"line":303,"column":137}},"line":303},"55":{"name":"(anonymous_55)","decl":{"start":{"line":304,"column":59},"end":{"line":304,"column":60}},"loc":{"start":{"line":304,"column":64},"end":{"line":304,"column":78}},"line":304},"56":{"name":"(anonymous_56)","decl":{"start":{"line":304,"column":118},"end":{"line":304,"column":119}},"loc":{"start":{"line":304,"column":123},"end":{"line":304,"column":137}},"line":304},"57":{"name":"(anonymous_57)","decl":{"start":{"line":305,"column":59},"end":{"line":305,"column":60}},"loc":{"start":{"line":305,"column":64},"end":{"line":305,"column":78}},"line":305},"58":{"name":"(anonymous_58)","decl":{"start":{"line":305,"column":118},"end":{"line":305,"column":119}},"loc":{"start":{"line":305,"column":123},"end":{"line":305,"column":137}},"line":305},"59":{"name":"(anonymous_59)","decl":{"start":{"line":309,"column":15},"end":{"line":309,"column":16}},"loc":{"start":{"line":309,"column":24},"end":{"line":312,"column":9}},"line":309},"60":{"name":"isLocalStorageAvailable","decl":{"start":{"line":332,"column":9},"end":{"line":332,"column":32}},"loc":{"start":{"line":332,"column":35},"end":{"line":341,"column":1}},"line":332},"61":{"name":"DemoLayout","decl":{"start":{"line":344,"column":9},"end":{"line":344,"column":19}},"loc":{"start":{"line":344,"column":40},"end":{"line":354,"column":1}},"line":344},"62":{"name":"DemoRouteHandler","decl":{"start":{"line":357,"column":9},"end":{"line":357,"column":25}},"loc":{"start":{"line":357,"column":28},"end":{"line":365,"column":1}},"line":357},"63":{"name":"DemoDetailRouteHandler","decl":{"start":{"line":368,"column":9},"end":{"line":368,"column":31}},"loc":{"start":{"line":368,"column":34},"end":{"line":383,"column":1}},"line":368}},"branchMap":{"0":{"loc":{"start":{"line":36,"column":22},"end":{"line":36,"column":62}},"type":"binary-expr","locations":[{"start":{"line":36,"column":22},"end":{"line":36,"column":56}},{"start":{"line":36,"column":60},"end":{"line":36,"column":62}}],"line":36},"1":{"loc":{"start":{"line":46,"column":4},"end":{"line":48,"column":5}},"type":"if","locations":[{"start":{"line":46,"column":4},"end":{"line":48,"column":5}},{"start":{},"end":{}}],"line":46},"2":{"loc":{"start":{"line":51,"column":4},"end":{"line":53,"column":5}},"type":"if","locations":[{"start":{"line":51,"column":4},"end":{"line":53,"column":5}},{"start":{},"end":{}}],"line":51},"3":{"loc":{"start":{"line":61,"column":6},"end":{"line":80,"column":7}},"type":"if","locations":[{"start":{"line":61,"column":6},"end":{"line":80,"column":7}},{"start":{},"end":{}}],"line":61},"4":{"loc":{"start":{"line":61,"column":9},"end":{"line":61,"column":29}},"type":"binary-expr","locations":[{"start":{"line":61,"column":9},"end":{"line":61,"column":14}},{"start":{"line":61,"column":18},"end":{"line":61,"column":29}}],"line":61},"5":{"loc":{"start":{"line":68,"column":22},"end":{"line":68,"column":86}},"type":"cond-expr","locations":[{"start":{"line":68,"column":45},"end":{"line":68,"column":50}},{"start":{"line":68,"column":54},"end":{"line":68,"column":85}}],"line":68},"6":{"loc":{"start":{"line":68,"column":54},"end":{"line":68,"column":85}},"type":"cond-expr","locations":[{"start":{"line":68,"column":62},"end":{"line":68,"column":80}},{"start":{"line":68,"column":83},"end":{"line":68,"column":85}}],"line":68},"7":{"loc":{"start":{"line":72,"column":10},"end":{"line":74,"column":11}},"type":"if","locations":[{"start":{"line":72,"column":10},"end":{"line":74,"column":11}},{"start":{},"end":{}}],"line":72},"8":{"loc":{"start":{"line":72,"column":14},"end":{"line":72,"column":96}},"type":"binary-expr","locations":[{"start":{"line":72,"column":14},"end":{"line":72,"column":34}},{"start":{"line":72,"column":38},"end":{"line":72,"column":65}},{"start":{"line":72,"column":69},"end":{"line":72,"column":96}}],"line":72},"9":{"loc":{"start":{"line":87,"column":4},"end":{"line":89,"column":5}},"type":"if","locations":[{"start":{"line":87,"column":4},"end":{"line":89,"column":5}},{"start":{},"end":{}}],"line":87},"10":{"loc":{"start":{"line":95,"column":4},"end":{"line":104,"column":5}},"type":"if","locations":[{"start":{"line":95,"column":4},"end":{"line":104,"column":5}},{"start":{},"end":{}}],"line":95},"11":{"loc":{"start":{"line":109,"column":4},"end":{"line":124,"column":5}},"type":"if","locations":[{"start":{"line":109,"column":4},"end":{"line":124,"column":5}},{"start":{},"end":{}}],"line":109},"12":{"loc":{"start":{"line":114,"column":12},"end":{"line":116,"column":13}},"type":"if","locations":[{"start":{"line":114,"column":12},"end":{"line":116,"column":13}},{"start":{},"end":{}}],"line":114},"13":{"loc":{"start":{"line":127,"column":2},"end":{"line":136,"column":3}},"type":"if","locations":[{"start":{"line":127,"column":2},"end":{"line":136,"column":3}},{"start":{},"end":{}}],"line":127},"14":{"loc":{"start":{"line":140,"column":23},"end":{"line":140,"column":33}},"type":"binary-expr","locations":[{"start":{"line":140,"column":23},"end":{"line":140,"column":27}},{"start":{"line":140,"column":31},"end":{"line":140,"column":33}}],"line":140},"15":{"loc":{"start":{"line":141,"column":2},"end":{"line":141,"column":39}},"type":"if","locations":[{"start":{"line":141,"column":2},"end":{"line":141,"column":39}},{"start":{},"end":{}}],"line":141},"16":{"loc":{"start":{"line":142,"column":9},"end":{"line":142,"column":58}},"type":"binary-expr","locations":[{"start":{"line":142,"column":9},"end":{"line":142,"column":34}},{"start":{"line":142,"column":38},"end":{"line":142,"column":58}}],"line":142},"17":{"loc":{"start":{"line":152,"column":15},"end":{"line":152,"column":62}},"type":"binary-expr","locations":[{"start":{"line":152,"column":15},"end":{"line":152,"column":29}},{"start":{"line":152,"column":33},"end":{"line":152,"column":44}},{"start":{"line":152,"column":48},"end":{"line":152,"column":62}}],"line":152},"18":{"loc":{"start":{"line":158,"column":4},"end":{"line":158,"column":40}},"type":"if","locations":[{"start":{"line":158,"column":4},"end":{"line":158,"column":40}},{"start":{},"end":{}}],"line":158},"19":{"loc":{"start":{"line":163,"column":6},"end":{"line":163,"column":56}},"type":"if","locations":[{"start":{"line":163,"column":6},"end":{"line":163,"column":56}},{"start":{},"end":{}}],"line":163},"20":{"loc":{"start":{"line":163,"column":10},"end":{"line":163,"column":41}},"type":"binary-expr","locations":[{"start":{"line":163,"column":10},"end":{"line":163,"column":15}},{"start":{"line":163,"column":19},"end":{"line":163,"column":41}}],"line":163},"21":{"loc":{"start":{"line":173,"column":4},"end":{"line":173,"column":22}},"type":"if","locations":[{"start":{"line":173,"column":4},"end":{"line":173,"column":22}},{"start":{},"end":{}}],"line":173},"22":{"loc":{"start":{"line":174,"column":4},"end":{"line":174,"column":52}},"type":"if","locations":[{"start":{"line":174,"column":4},"end":{"line":174,"column":52}},{"start":{},"end":{}}],"line":174},"23":{"loc":{"start":{"line":187,"column":27},"end":{"line":187,"column":47}},"type":"binary-expr","locations":[{"start":{"line":187,"column":27},"end":{"line":187,"column":31}},{"start":{"line":187,"column":35},"end":{"line":187,"column":47}}],"line":187},"24":{"loc":{"start":{"line":188,"column":35},"end":{"line":188,"column":72}},"type":"binary-expr","locations":[{"start":{"line":188,"column":35},"end":{"line":188,"column":40}},{"start":{"line":188,"column":44},"end":{"line":188,"column":56}},{"start":{"line":188,"column":60},"end":{"line":188,"column":72}}],"line":188},"25":{"loc":{"start":{"line":192,"column":7},"end":{"line":194,"column":7}},"type":"binary-expr","locations":[{"start":{"line":192,"column":7},"end":{"line":192,"column":23}},{"start":{"line":193,"column":8},"end":{"line":193,"column":126}}],"line":192},"26":{"loc":{"start":{"line":195,"column":7},"end":{"line":199,"column":7}},"type":"binary-expr","locations":[{"start":{"line":195,"column":7},"end":{"line":195,"column":31}},{"start":{"line":196,"column":8},"end":{"line":198,"column":19}}],"line":195},"27":{"loc":{"start":{"line":202,"column":37},"end":{"line":202,"column":96}},"type":"cond-expr","locations":[{"start":{"line":202,"column":44},"end":{"line":202,"column":84}},{"start":{"line":202,"column":87},"end":{"line":202,"column":96}}],"line":202},"28":{"loc":{"start":{"line":206,"column":42},"end":{"line":206,"column":90}},"type":"cond-expr","locations":[{"start":{"line":206,"column":49},"end":{"line":206,"column":69}},{"start":{"line":206,"column":72},"end":{"line":206,"column":90}}],"line":206},"29":{"loc":{"start":{"line":207,"column":44},"end":{"line":207,"column":126}},"type":"cond-expr","locations":[{"start":{"line":207,"column":51},"end":{"line":207,"column":105}},{"start":{"line":207,"column":108},"end":{"line":207,"column":126}}],"line":207},"30":{"loc":{"start":{"line":208,"column":44},"end":{"line":208,"column":126}},"type":"cond-expr","locations":[{"start":{"line":208,"column":51},"end":{"line":208,"column":105}},{"start":{"line":208,"column":108},"end":{"line":208,"column":126}}],"line":208},"31":{"loc":{"start":{"line":209,"column":42},"end":{"line":209,"column":127}},"type":"cond-expr","locations":[{"start":{"line":209,"column":86},"end":{"line":209,"column":106}},{"start":{"line":209,"column":109},"end":{"line":209,"column":127}}],"line":209},"32":{"loc":{"start":{"line":209,"column":42},"end":{"line":209,"column":83}},"type":"binary-expr","locations":[{"start":{"line":209,"column":42},"end":{"line":209,"column":46}},{"start":{"line":209,"column":50},"end":{"line":209,"column":83}}],"line":209},"33":{"loc":{"start":{"line":245,"column":35},"end":{"line":245,"column":102}},"type":"cond-expr","locations":[{"start":{"line":245,"column":57},"end":{"line":245,"column":87}},{"start":{"line":245,"column":90},"end":{"line":245,"column":102}}],"line":245},"34":{"loc":{"start":{"line":252,"column":4},"end":{"line":252,"column":33}},"type":"if","locations":[{"start":{"line":252,"column":4},"end":{"line":252,"column":33}},{"start":{},"end":{}}],"line":252},"35":{"loc":{"start":{"line":256,"column":4},"end":{"line":256,"column":47}},"type":"if","locations":[{"start":{"line":256,"column":4},"end":{"line":256,"column":47}},{"start":{},"end":{}}],"line":256},"36":{"loc":{"start":{"line":262,"column":22},"end":{"line":264,"column":94}},"type":"cond-expr","locations":[{"start":{"line":263,"column":8},"end":{"line":263,"column":17}},{"start":{"line":264,"column":9},"end":{"line":264,"column":93}}],"line":262},"37":{"loc":{"start":{"line":264,"column":9},"end":{"line":264,"column":93}},"type":"cond-expr","locations":[{"start":{"line":264,"column":27},"end":{"line":264,"column":88}},{"start":{"line":264,"column":91},"end":{"line":264,"column":93}}],"line":264},"38":{"loc":{"start":{"line":266,"column":4},"end":{"line":275,"column":5}},"type":"if","locations":[{"start":{"line":266,"column":4},"end":{"line":275,"column":5}},{"start":{"line":269,"column":11},"end":{"line":275,"column":5}}],"line":266},"39":{"loc":{"start":{"line":272,"column":6},"end":{"line":274,"column":7}},"type":"if","locations":[{"start":{"line":272,"column":6},"end":{"line":274,"column":7}},{"start":{},"end":{}}],"line":272},"40":{"loc":{"start":{"line":281,"column":4},"end":{"line":286,"column":5}},"type":"if","locations":[{"start":{"line":281,"column":4},"end":{"line":286,"column":5}},{"start":{},"end":{}}],"line":281},"41":{"loc":{"start":{"line":281,"column":8},"end":{"line":281,"column":79}},"type":"binary-expr","locations":[{"start":{"line":281,"column":8},"end":{"line":281,"column":23}},{"start":{"line":281,"column":27},"end":{"line":281,"column":44}},{"start":{"line":281,"column":48},"end":{"line":281,"column":79}}],"line":281},"42":{"loc":{"start":{"line":283,"column":6},"end":{"line":285,"column":7}},"type":"if","locations":[{"start":{"line":283,"column":6},"end":{"line":285,"column":7}},{"start":{},"end":{}}],"line":283},"43":{"loc":{"start":{"line":292,"column":4},"end":{"line":314,"column":5}},"type":"if","locations":[{"start":{"line":292,"column":4},"end":{"line":314,"column":5}},{"start":{},"end":{}}],"line":292},"44":{"loc":{"start":{"line":292,"column":8},"end":{"line":292,"column":82}},"type":"binary-expr","locations":[{"start":{"line":292,"column":8},"end":{"line":292,"column":21}},{"start":{"line":292,"column":26},"end":{"line":292,"column":39}},{"start":{"line":292,"column":43},"end":{"line":292,"column":81}}],"line":292},"45":{"loc":{"start":{"line":293,"column":6},"end":{"line":313,"column":7}},"type":"if","locations":[{"start":{"line":293,"column":6},"end":{"line":313,"column":7}},{"start":{},"end":{}}],"line":293},"46":{"loc":{"start":{"line":300,"column":20},"end":{"line":300,"column":50}},"type":"binary-expr","locations":[{"start":{"line":300,"column":20},"end":{"line":300,"column":44}},{"start":{"line":300,"column":48},"end":{"line":300,"column":50}}],"line":300},"47":{"loc":{"start":{"line":300,"column":85},"end":{"line":300,"column":109}},"type":"binary-expr","locations":[{"start":{"line":300,"column":85},"end":{"line":300,"column":103}},{"start":{"line":300,"column":107},"end":{"line":300,"column":109}}],"line":300},"48":{"loc":{"start":{"line":301,"column":20},"end":{"line":301,"column":50}},"type":"binary-expr","locations":[{"start":{"line":301,"column":20},"end":{"line":301,"column":44}},{"start":{"line":301,"column":48},"end":{"line":301,"column":50}}],"line":301},"49":{"loc":{"start":{"line":301,"column":85},"end":{"line":301,"column":109}},"type":"binary-expr","locations":[{"start":{"line":301,"column":85},"end":{"line":301,"column":103}},{"start":{"line":301,"column":107},"end":{"line":301,"column":109}}],"line":301},"50":{"loc":{"start":{"line":302,"column":20},"end":{"line":302,"column":50}},"type":"binary-expr","locations":[{"start":{"line":302,"column":20},"end":{"line":302,"column":44}},{"start":{"line":302,"column":48},"end":{"line":302,"column":50}}],"line":302},"51":{"loc":{"start":{"line":302,"column":85},"end":{"line":302,"column":109}},"type":"binary-expr","locations":[{"start":{"line":302,"column":85},"end":{"line":302,"column":103}},{"start":{"line":302,"column":107},"end":{"line":302,"column":109}}],"line":302},"52":{"loc":{"start":{"line":303,"column":20},"end":{"line":303,"column":50}},"type":"binary-expr","locations":[{"start":{"line":303,"column":20},"end":{"line":303,"column":44}},{"start":{"line":303,"column":48},"end":{"line":303,"column":50}}],"line":303},"53":{"loc":{"start":{"line":303,"column":85},"end":{"line":303,"column":109}},"type":"binary-expr","locations":[{"start":{"line":303,"column":85},"end":{"line":303,"column":103}},{"start":{"line":303,"column":107},"end":{"line":303,"column":109}}],"line":303},"54":{"loc":{"start":{"line":304,"column":20},"end":{"line":304,"column":50}},"type":"binary-expr","locations":[{"start":{"line":304,"column":20},"end":{"line":304,"column":44}},{"start":{"line":304,"column":48},"end":{"line":304,"column":50}}],"line":304},"55":{"loc":{"start":{"line":304,"column":85},"end":{"line":304,"column":109}},"type":"binary-expr","locations":[{"start":{"line":304,"column":85},"end":{"line":304,"column":103}},{"start":{"line":304,"column":107},"end":{"line":304,"column":109}}],"line":304},"56":{"loc":{"start":{"line":305,"column":20},"end":{"line":305,"column":50}},"type":"binary-expr","locations":[{"start":{"line":305,"column":20},"end":{"line":305,"column":44}},{"start":{"line":305,"column":48},"end":{"line":305,"column":50}}],"line":305},"57":{"loc":{"start":{"line":305,"column":85},"end":{"line":305,"column":109}},"type":"binary-expr","locations":[{"start":{"line":305,"column":85},"end":{"line":305,"column":103}},{"start":{"line":305,"column":107},"end":{"line":305,"column":109}}],"line":305},"58":{"loc":{"start":{"line":317,"column":2},"end":{"line":327,"column":3}},"type":"if","locations":[{"start":{"line":317,"column":2},"end":{"line":327,"column":3}},{"start":{},"end":{}}],"line":317},"59":{"loc":{"start":{"line":318,"column":4},"end":{"line":318,"column":109}},"type":"if","locations":[{"start":{"line":318,"column":4},"end":{"line":318,"column":109}},{"start":{},"end":{}}],"line":318},"60":{"loc":{"start":{"line":319,"column":4},"end":{"line":319,"column":108}},"type":"if","locations":[{"start":{"line":319,"column":4},"end":{"line":319,"column":108}},{"start":{},"end":{}}],"line":319},"61":{"loc":{"start":{"line":320,"column":4},"end":{"line":325,"column":5}},"type":"if","locations":[{"start":{"line":320,"column":4},"end":{"line":325,"column":5}},{"start":{},"end":{}}],"line":320},"62":{"loc":{"start":{"line":321,"column":6},"end":{"line":321,"column":109}},"type":"if","locations":[{"start":{"line":321,"column":6},"end":{"line":321,"column":109}},{"start":{},"end":{}}],"line":321},"63":{"loc":{"start":{"line":322,"column":6},"end":{"line":322,"column":279}},"type":"if","locations":[{"start":{"line":322,"column":6},"end":{"line":322,"column":279}},{"start":{},"end":{}}],"line":322},"64":{"loc":{"start":{"line":322,"column":9},"end":{"line":322,"column":54}},"type":"binary-expr","locations":[{"start":{"line":322,"column":9},"end":{"line":322,"column":31}},{"start":{"line":322,"column":35},"end":{"line":322,"column":54}}],"line":322},"65":{"loc":{"start":{"line":323,"column":6},"end":{"line":323,"column":250}},"type":"if","locations":[{"start":{"line":323,"column":6},"end":{"line":323,"column":250}},{"start":{},"end":{}}],"line":323},"66":{"loc":{"start":{"line":326,"column":4},"end":{"line":326,"column":74}},"type":"if","locations":[{"start":{"line":326,"column":4},"end":{"line":326,"column":74}},{"start":{},"end":{}}],"line":326},"67":{"loc":{"start":{"line":361,"column":2},"end":{"line":363,"column":3}},"type":"if","locations":[{"start":{"line":361,"column":2},"end":{"line":363,"column":3}},{"start":{},"end":{}}],"line":361},"68":{"loc":{"start":{"line":372,"column":2},"end":{"line":374,"column":3}},"type":"if","locations":[{"start":{"line":372,"column":2},"end":{"line":374,"column":3}},{"start":{},"end":{}}],"line":372},"69":{"loc":{"start":{"line":378,"column":2},"end":{"line":380,"column":3}},"type":"if","locations":[{"start":{"line":378,"column":2},"end":{"line":380,"column":3}},{"start":{},"end":{}}],"line":378},"70":{"loc":{"start":{"line":378,"column":6},"end":{"line":378,"column":58}},"type":"binary-expr","locations":[{"start":{"line":378,"column":6},"end":{"line":378,"column":11}},{"start":{"line":378,"column":15},"end":{"line":378,"column":37}},{"start":{"line":378,"column":41},"end":{"line":378,"column":58}}],"line":378}},"s":{"0":1,"1":0,"2":1,"3":0,"4":1,"5":0,"6":1,"7":0,"8":1,"9":0,"10":1,"11":1,"12":1,"13":0,"14":1,"15":0,"16":1,"17":0,"18":1,"19":0,"20":1,"21":0,"22":1,"23":0,"24":1,"25":0,"26":1,"27":0,"28":1,"29":0,"30":1,"31":0,"32":1,"33":1,"34":1,"35":2,"36":2,"37":2,"38":2,"39":2,"40":1,"41":1,"42":1,"43":0,"44":0,"45":1,"46":1,"47":0,"48":0,"49":1,"50":2,"51":2,"52":1,"53":1,"54":1,"55":0,"56":0,"57":0,"58":0,"59":1,"60":0,"61":1,"62":1,"63":1,"64":2,"65":1,"66":0,"67":2,"68":1,"69":1,"70":1,"71":1,"72":1,"73":1,"74":1,"75":1,"76":1,"77":1,"78":2,"79":1,"80":0,"81":0,"82":0,"83":0,"84":0,"85":0,"86":0,"87":2,"88":1,"89":0,"90":0,"91":0,"92":0,"93":1,"94":1,"95":1,"96":1,"97":0,"98":0,"99":1,"100":0,"101":0,"102":0,"103":0,"104":0,"105":0,"106":0,"107":0,"108":1,"109":1,"110":1,"111":0,"112":0,"113":0,"114":0,"115":1,"116":1,"117":1,"118":0,"119":0,"120":0,"121":0,"122":0,"123":0,"124":0,"125":0,"126":0,"127":0,"128":0,"129":0,"130":0,"131":0,"132":0,"133":0,"134":0,"135":0,"136":0,"137":0,"138":0,"139":0,"140":0,"141":0,"142":0,"143":0,"144":0,"145":0,"146":0,"147":0,"148":0,"149":0,"150":0,"151":0,"152":0,"153":0,"154":0,"155":0,"156":0,"157":0,"158":0,"159":0,"160":0,"161":0,"162":0,"163":0,"164":0,"165":0,"166":0,"167":0,"168":0,"169":0,"170":0,"171":0,"172":0,"173":0,"174":0,"175":0,"176":0,"177":0,"178":0,"179":0,"180":0,"181":0,"182":0,"183":0,"184":0,"185":0,"186":0,"187":0,"188":0,"189":0,"190":0,"191":0,"192":0,"193":0,"194":0,"195":0,"196":0,"197":0,"198":0,"199":0,"200":0,"201":0,"202":0,"203":0,"204":0,"205":0,"206":0},"f":{"0":0,"1":0,"2":0,"3":0,"4":0,"5":1,"6":0,"7":0,"8":0,"9":0,"10":0,"11":0,"12":0,"13":0,"14":0,"15":0,"16":1,"17":2,"18":1,"19":0,"20":0,"21":1,"22":1,"23":0,"24":1,"25":1,"26":1,"27":1,"28":1,"29":0,"30":0,"31":0,"32":0,"33":0,"34":1,"35":0,"36":0,"37":1,"38":0,"39":0,"40":0,"41":0,"42":0,"43":0,"44":0,"45":0,"46":0,"47":0,"48":0,"49":0,"50":0,"51":0,"52":0,"53":0,"54":0,"55":0,"56":0,"57":0,"58":0,"59":0,"60":0,"61":0,"62":0,"63":0},"b":{"0":[1,1],"1":[0,1],"2":[0,1],"3":[1,0],"4":[1,0],"5":[0,0],"6":[0,0],"7":[0,1],"8":[1,1,0],"9":[0,1],"10":[1,0],"11":[0,1],"12":[0,0],"13":[1,1],"14":[0,0],"15":[0,0],"16":[0,0],"17":[0,0,0],"18":[0,0],"19":[0,0],"20":[0,0],"21":[1,0],"22":[0,0],"23":[1,0],"24":[1,1,0],"25":[1,0],"26":[1,0],"27":[0,1],"28":[0,1],"29":[0,1],"30":[0,1],"31":[0,1],"32":[1,0],"33":[0,0],"34":[0,0],"35":[0,0],"36":[0,0],"37":[0,0],"38":[0,0],"39":[0,0],"40":[0,0],"41":[0,0,0],"42":[0,0],"43":[0,0],"44":[0,0,0],"45":[0,0],"46":[0,0],"47":[0,0],"48":[0,0],"49":[0,0],"50":[0,0],"51":[0,0],"52":[0,0],"53":[0,0],"54":[0,0],"55":[0,0],"56":[0,0],"57":[0,0],"58":[0,0],"59":[0,0],"60":[0,0],"61":[0,0],"62":[0,0],"63":[0,0],"64":[0,0],"65":[0,0],"66":[0,0],"67":[0,0],"68":[0,0],"69":[0,0],"70":[0,0,0]},"_coverageSchema":"1a1c01bbd47fc00a2c39e90264f33305004495a9","hash":"01621f34c43a0e11fdddceb1fc0a6bf484c06f61"}
,"C:\\Users\\Me\\Desktop\\ME-DB\\ME-DB-front\\src\\test-utils.jsx": {"path":"C:\\Users\\Me\\Desktop\\ME-DB\\ME-DB-front\\src\\test-utils.jsx","statementMap":{"0":{"start":{"line":15,"column":18},"end":{"line":15,"column":43}},"1":{"start":{"line":16,"column":2},"end":{"line":23,"column":4}}},"fnMap":{"0":{"name":"renderWithRouter","decl":{"start":{"line":14,"column":16},"end":{"line":14,"column":32}},"loc":{"start":{"line":14,"column":93},"end":{"line":24,"column":1}},"line":14}},"branchMap":{"0":{"loc":{"start":{"line":14,"column":37},"end":{"line":14,"column":91}},"type":"default-arg","locations":[{"start":{"line":14,"column":89},"end":{"line":14,"column":91}}],"line":14},"1":{"loc":{"start":{"line":14,"column":39},"end":{"line":14,"column":50}},"type":"default-arg","locations":[{"start":{"line":14,"column":47},"end":{"line":14,"column":50}}],"line":14},"2":{"loc":{"start":{"line":15,"column":18},"end":{"line":15,"column":43}},"type":"binary-expr","locations":[{"start":{"line":15,"column":18},"end":{"line":15,"column":32}},{"start":{"line":15,"column":36},"end":{"line":15,"column":43}}],"line":15}},"s":{"0":79,"1":79},"f":{"0":79},"b":{"0":[64],"1":[69],"2":[79,74]},"_coverageSchema":"1a1c01bbd47fc00a2c39e90264f33305004495a9","hash":"f3b94ca8718b87736f62bd8a6849333cd0251162"}
,"C:\\Users\\Me\\Desktop\\ME-DB\\ME-DB-front\\src\\app\\Navbar.jsx": {"path":"C:\\Users\\Me\\Desktop\\ME-DB\\ME-DB-front\\src\\app\\Navbar.jsx","statementMap":{"0":{"start":{"line":11,"column":23},"end":{"line":881,"column":1}},"1":{"start":{"line":12,"column":36},"end":{"line":12,"column":51}},"2":{"start":{"line":13,"column":48},"end":{"line":13,"column":63}},"3":{"start":{"line":14,"column":19},"end":{"line":14,"column":32}},"4":{"start":{"line":15,"column":40},"end":{"line":15,"column":58}},"5":{"start":{"line":16,"column":46},"end":{"line":16,"column":60}},"6":{"start":{"line":17,"column":48},"end":{"line":17,"column":63}},"7":{"start":{"line":18,"column":46},"end":{"line":18,"column":61}},"8":{"start":{"line":19,"column":60},"end":{"line":19,"column":71}},"9":{"start":{"line":21,"column":27},"end":{"line":21,"column":39}},"10":{"start":{"line":22,"column":26},"end":{"line":22,"column":38}},"11":{"start":{"line":25,"column":2},"end":{"line":33,"column":43}},"12":{"start":{"line":26,"column":4},"end":{"line":26,"column":29}},"13":{"start":{"line":29,"column":4},"end":{"line":32,"column":5}},"14":{"start":{"line":30,"column":6},"end":{"line":30,"column":48}},"15":{"start":{"line":31,"column":6},"end":{"line":31,"column":30}},"16":{"start":{"line":36,"column":2},"end":{"line":60,"column":13}},"17":{"start":{"line":37,"column":37},"end":{"line":53,"column":5}},"18":{"start":{"line":38,"column":6},"end":{"line":52,"column":7}},"19":{"start":{"line":39,"column":8},"end":{"line":49,"column":9}},"20":{"start":{"line":40,"column":27},"end":{"line":42,"column":12}},"21":{"start":{"line":43,"column":10},"end":{"line":45,"column":11}},"22":{"start":{"line":44,"column":12},"end":{"line":44,"column":74}},"23":{"start":{"line":48,"column":10},"end":{"line":48,"column":38}},"24":{"start":{"line":51,"column":8},"end":{"line":51,"column":36}},"25":{"start":{"line":55,"column":4},"end":{"line":55,"column":31}},"26":{"start":{"line":58,"column":21},"end":{"line":58,"column":65}},"27":{"start":{"line":59,"column":4},"end":{"line":59,"column":41}},"28":{"start":{"line":59,"column":17},"end":{"line":59,"column":40}},"29":{"start":{"line":63,"column":40},"end":{"line":69,"column":15}},"30":{"start":{"line":64,"column":19},"end":{"line":64,"column":101}},"31":{"start":{"line":65,"column":4},"end":{"line":65,"column":44}},"32":{"start":{"line":65,"column":17},"end":{"line":65,"column":44}},"33":{"start":{"line":66,"column":25},"end":{"line":66,"column":77}},"34":{"start":{"line":66,"column":49},"end":{"line":66,"column":76}},"35":{"start":{"line":67,"column":27},"end":{"line":67,"column":55}},"36":{"start":{"line":68,"column":4},"end":{"line":68,"column":41}},"37":{"start":{"line":72,"column":38},"end":{"line":84,"column":19}},"38":{"start":{"line":73,"column":25},"end":{"line":73,"column":76}},"39":{"start":{"line":74,"column":25},"end":{"line":74,"column":94}},"40":{"start":{"line":74,"column":49},"end":{"line":74,"column":93}},"41":{"start":{"line":75,"column":22},"end":{"line":75,"column":56}},"42":{"start":{"line":76,"column":25},"end":{"line":76,"column":80}},"43":{"start":{"line":76,"column":52},"end":{"line":76,"column":79}},"44":{"start":{"line":80,"column":27},"end":{"line":80,"column":55}},"45":{"start":{"line":83,"column":4},"end":{"line":83,"column":40}},"46":{"start":{"line":87,"column":45},"end":{"line":98,"column":19}},"47":{"start":{"line":88,"column":25},"end":{"line":88,"column":76}},"48":{"start":{"line":89,"column":25},"end":{"line":89,"column":94}},"49":{"start":{"line":89,"column":49},"end":{"line":89,"column":93}},"50":{"start":{"line":90,"column":22},"end":{"line":90,"column":56}},"51":{"start":{"line":91,"column":25},"end":{"line":91,"column":80}},"52":{"start":{"line":91,"column":52},"end":{"line":91,"column":79}},"53":{"start":{"line":94,"column":27},"end":{"line":94,"column":55}},"54":{"start":{"line":97,"column":4},"end":{"line":97,"column":41}},"55":{"start":{"line":101,"column":47},"end":{"line":107,"column":15}},"56":{"start":{"line":102,"column":19},"end":{"line":102,"column":108}},"57":{"start":{"line":103,"column":4},"end":{"line":103,"column":44}},"58":{"start":{"line":103,"column":17},"end":{"line":103,"column":44}},"59":{"start":{"line":104,"column":25},"end":{"line":104,"column":77}},"60":{"start":{"line":104,"column":49},"end":{"line":104,"column":76}},"61":{"start":{"line":105,"column":27},"end":{"line":105,"column":55}},"62":{"start":{"line":106,"column":4},"end":{"line":106,"column":41}},"63":{"start":{"line":109,"column":27},"end":{"line":109,"column":51}},"64":{"start":{"line":109,"column":33},"end":{"line":109,"column":51}},"65":{"start":{"line":112,"column":2},"end":{"line":119,"column":5}},"66":{"start":{"line":113,"column":4},"end":{"line":115,"column":5}},"67":{"start":{"line":114,"column":6},"end":{"line":114,"column":32}},"68":{"start":{"line":116,"column":4},"end":{"line":118,"column":5}},"69":{"start":{"line":117,"column":6},"end":{"line":117,"column":31}},"70":{"start":{"line":122,"column":2},"end":{"line":132,"column":154}},"71":{"start":{"line":123,"column":33},"end":{"line":123,"column":64}},"72":{"start":{"line":124,"column":31},"end":{"line":124,"column":60}},"73":{"start":{"line":125,"column":40},"end":{"line":125,"column":78}},"74":{"start":{"line":126,"column":38},"end":{"line":126,"column":74}},"75":{"start":{"line":128,"column":4},"end":{"line":128,"column":111}},"76":{"start":{"line":129,"column":4},"end":{"line":129,"column":107}},"77":{"start":{"line":130,"column":4},"end":{"line":130,"column":119}},"78":{"start":{"line":131,"column":4},"end":{"line":131,"column":115}},"79":{"start":{"line":134,"column":26},"end":{"line":150,"column":3}},"80":{"start":{"line":135,"column":4},"end":{"line":135,"column":62}},"81":{"start":{"line":136,"column":4},"end":{"line":149,"column":5}},"82":{"start":{"line":137,"column":6},"end":{"line":137,"column":41}},"83":{"start":{"line":138,"column":11},"end":{"line":149,"column":5}},"84":{"start":{"line":139,"column":6},"end":{"line":139,"column":80}},"85":{"start":{"line":141,"column":6},"end":{"line":148,"column":61}},"86":{"start":{"line":145,"column":10},"end":{"line":145,"column":37}},"87":{"start":{"line":146,"column":10},"end":{"line":146,"column":31}},"88":{"start":{"line":148,"column":21},"end":{"line":148,"column":59}},"89":{"start":{"line":152,"column":24},"end":{"line":173,"column":3}},"90":{"start":{"line":153,"column":4},"end":{"line":172,"column":5}},"91":{"start":{"line":154,"column":23},"end":{"line":154,"column":109}},"92":{"start":{"line":155,"column":6},"end":{"line":168,"column":7}},"93":{"start":{"line":156,"column":27},"end":{"line":156,"column":44}},"94":{"start":{"line":157,"column":21},"end":{"line":157,"column":80}},"95":{"start":{"line":158,"column":21},"end":{"line":158,"column":48}},"96":{"start":{"line":159,"column":20},"end":{"line":159,"column":45}},"97":{"start":{"line":160,"column":8},"end":{"line":160,"column":39}},"98":{"start":{"line":161,"column":8},"end":{"line":161,"column":100}},"99":{"start":{"line":162,"column":8},"end":{"line":162,"column":41}},"100":{"start":{"line":163,"column":8},"end":{"line":163,"column":40}},"101":{"start":{"line":164,"column":8},"end":{"line":164,"column":21}},"102":{"start":{"line":165,"column":8},"end":{"line":165,"column":40}},"103":{"start":{"line":167,"column":8},"end":{"line":167,"column":45}},"104":{"start":{"line":170,"column":6},"end":{"line":170,"column":44}},"105":{"start":{"line":171,"column":6},"end":{"line":171,"column":42}},"106":{"start":{"line":175,"column":30},"end":{"line":177,"column":3}},"107":{"start":{"line":176,"column":4},"end":{"line":176,"column":87}},"108":{"start":{"line":179,"column":19},"end":{"line":179,"column":42}},"109":{"start":{"line":180,"column":23},"end":{"line":180,"column":104}},"110":{"start":{"line":181,"column":23},"end":{"line":181,"column":116}},"111":{"start":{"line":183,"column":2},"end":{"line":880,"column":4}},"112":{"start":{"line":234,"column":38},"end":{"line":234,"column":102}},"113":{"start":{"line":234,"column":125},"end":{"line":234,"column":191}},"114":{"start":{"line":247,"column":38},"end":{"line":247,"column":102}},"115":{"start":{"line":247,"column":125},"end":{"line":247,"column":191}},"116":{"start":{"line":286,"column":39},"end":{"line":286,"column":103}},"117":{"start":{"line":287,"column":39},"end":{"line":287,"column":105}},"118":{"start":{"line":289,"column":20},"end":{"line":289,"column":45}},"119":{"start":{"line":290,"column":20},"end":{"line":290,"column":57}},"120":{"start":{"line":352,"column":22},"end":{"line":360,"column":26}},"121":{"start":{"line":395,"column":39},"end":{"line":395,"column":103}},"122":{"start":{"line":396,"column":39},"end":{"line":396,"column":105}},"123":{"start":{"line":398,"column":20},"end":{"line":398,"column":46}},"124":{"start":{"line":399,"column":20},"end":{"line":399,"column":55}},"125":{"start":{"line":414,"column":37},"end":{"line":414,"column":59}},"126":{"start":{"line":415,"column":22},"end":{"line":427,"column":23}},"127":{"start":{"line":416,"column":24},"end":{"line":416,"column":56}},"128":{"start":{"line":417,"column":37},"end":{"line":417,"column":67}},"129":{"start":{"line":418,"column":24},"end":{"line":418,"column":61}},"130":{"start":{"line":419,"column":24},"end":{"line":419,"column":77}},"131":{"start":{"line":420,"column":24},"end":{"line":420,"column":98}},"132":{"start":{"line":421,"column":24},"end":{"line":421,"column":54}},"133":{"start":{"line":422,"column":24},"end":{"line":422,"column":54}},"134":{"start":{"line":423,"column":24},"end":{"line":423,"column":55}},"135":{"start":{"line":424,"column":24},"end":{"line":424,"column":61}},"136":{"start":{"line":425,"column":24},"end":{"line":425,"column":57}},"137":{"start":{"line":426,"column":24},"end":{"line":426,"column":68}},"138":{"start":{"line":458,"column":22},"end":{"line":458,"column":47}},"139":{"start":{"line":459,"column":22},"end":{"line":459,"column":43}},"140":{"start":{"line":475,"column":24},"end":{"line":475,"column":49}},"141":{"start":{"line":476,"column":24},"end":{"line":476,"column":43}},"142":{"start":{"line":505,"column":71},"end":{"line":505,"column":95}},"143":{"start":{"line":554,"column":40},"end":{"line":554,"column":104}},"144":{"start":{"line":554,"column":127},"end":{"line":554,"column":193}},"145":{"start":{"line":561,"column":40},"end":{"line":561,"column":104}},"146":{"start":{"line":561,"column":127},"end":{"line":561,"column":193}},"147":{"start":{"line":571,"column":40},"end":{"line":571,"column":104}},"148":{"start":{"line":571,"column":127},"end":{"line":571,"column":193}},"149":{"start":{"line":608,"column":41},"end":{"line":608,"column":105}},"150":{"start":{"line":609,"column":41},"end":{"line":609,"column":107}},"151":{"start":{"line":611,"column":22},"end":{"line":611,"column":47}},"152":{"start":{"line":612,"column":22},"end":{"line":612,"column":59}},"153":{"start":{"line":674,"column":24},"end":{"line":682,"column":28}},"154":{"start":{"line":722,"column":41},"end":{"line":722,"column":105}},"155":{"start":{"line":723,"column":41},"end":{"line":723,"column":107}},"156":{"start":{"line":725,"column":22},"end":{"line":725,"column":48}},"157":{"start":{"line":726,"column":22},"end":{"line":726,"column":57}},"158":{"start":{"line":739,"column":39},"end":{"line":739,"column":61}},"159":{"start":{"line":740,"column":24},"end":{"line":752,"column":25}},"160":{"start":{"line":741,"column":26},"end":{"line":741,"column":58}},"161":{"start":{"line":742,"column":39},"end":{"line":742,"column":69}},"162":{"start":{"line":743,"column":26},"end":{"line":743,"column":63}},"163":{"start":{"line":744,"column":26},"end":{"line":744,"column":79}},"164":{"start":{"line":745,"column":26},"end":{"line":745,"column":101}},"165":{"start":{"line":746,"column":26},"end":{"line":746,"column":56}},"166":{"start":{"line":747,"column":26},"end":{"line":747,"column":56}},"167":{"start":{"line":748,"column":26},"end":{"line":748,"column":57}},"168":{"start":{"line":749,"column":26},"end":{"line":749,"column":63}},"169":{"start":{"line":750,"column":26},"end":{"line":750,"column":59}},"170":{"start":{"line":751,"column":26},"end":{"line":751,"column":70}},"171":{"start":{"line":786,"column":24},"end":{"line":786,"column":49}},"172":{"start":{"line":787,"column":24},"end":{"line":787,"column":45}},"173":{"start":{"line":803,"column":26},"end":{"line":803,"column":51}},"174":{"start":{"line":804,"column":26},"end":{"line":804,"column":45}},"175":{"start":{"line":833,"column":73},"end":{"line":833,"column":97}},"176":{"start":{"line":875,"column":36},"end":{"line":875,"column":56}}},"fnMap":{"0":{"name":"(anonymous_0)","decl":{"start":{"line":11,"column":23},"end":{"line":11,"column":24}},"loc":{"start":{"line":11,"column":70},"end":{"line":881,"column":1}},"line":11},"1":{"name":"(anonymous_1)","decl":{"start":{"line":25,"column":12},"end":{"line":25,"column":13}},"loc":{"start":{"line":25,"column":18},"end":{"line":33,"column":3}},"line":25},"2":{"name":"(anonymous_2)","decl":{"start":{"line":36,"column":12},"end":{"line":36,"column":13}},"loc":{"start":{"line":36,"column":18},"end":{"line":60,"column":3}},"line":36},"3":{"name":"(anonymous_3)","decl":{"start":{"line":37,"column":37},"end":{"line":37,"column":38}},"loc":{"start":{"line":37,"column":49},"end":{"line":53,"column":5}},"line":37},"4":{"name":"(anonymous_4)","decl":{"start":{"line":59,"column":11},"end":{"line":59,"column":12}},"loc":{"start":{"line":59,"column":17},"end":{"line":59,"column":40}},"line":59},"5":{"name":"(anonymous_5)","decl":{"start":{"line":63,"column":52},"end":{"line":63,"column":53}},"loc":{"start":{"line":63,"column":58},"end":{"line":69,"column":3}},"line":63},"6":{"name":"(anonymous_6)","decl":{"start":{"line":66,"column":39},"end":{"line":66,"column":40}},"loc":{"start":{"line":66,"column":49},"end":{"line":66,"column":76}},"line":66},"7":{"name":"(anonymous_7)","decl":{"start":{"line":72,"column":50},"end":{"line":72,"column":51}},"loc":{"start":{"line":72,"column":56},"end":{"line":84,"column":3}},"line":72},"8":{"name":"(anonymous_8)","decl":{"start":{"line":74,"column":41},"end":{"line":74,"column":42}},"loc":{"start":{"line":74,"column":49},"end":{"line":74,"column":93}},"line":74},"9":{"name":"(anonymous_9)","decl":{"start":{"line":76,"column":42},"end":{"line":76,"column":43}},"loc":{"start":{"line":76,"column":52},"end":{"line":76,"column":79}},"line":76},"10":{"name":"(anonymous_10)","decl":{"start":{"line":87,"column":57},"end":{"line":87,"column":58}},"loc":{"start":{"line":87,"column":63},"end":{"line":98,"column":3}},"line":87},"11":{"name":"(anonymous_11)","decl":{"start":{"line":89,"column":41},"end":{"line":89,"column":42}},"loc":{"start":{"line":89,"column":49},"end":{"line":89,"column":93}},"line":89},"12":{"name":"(anonymous_12)","decl":{"start":{"line":91,"column":42},"end":{"line":91,"column":43}},"loc":{"start":{"line":91,"column":52},"end":{"line":91,"column":79}},"line":91},"13":{"name":"(anonymous_13)","decl":{"start":{"line":101,"column":59},"end":{"line":101,"column":60}},"loc":{"start":{"line":101,"column":65},"end":{"line":107,"column":3}},"line":101},"14":{"name":"(anonymous_14)","decl":{"start":{"line":104,"column":39},"end":{"line":104,"column":40}},"loc":{"start":{"line":104,"column":49},"end":{"line":104,"column":76}},"line":104},"15":{"name":"(anonymous_15)","decl":{"start":{"line":109,"column":27},"end":{"line":109,"column":28}},"loc":{"start":{"line":109,"column":33},"end":{"line":109,"column":51}},"line":109},"16":{"name":"(anonymous_16)","decl":{"start":{"line":112,"column":55},"end":{"line":112,"column":56}},"loc":{"start":{"line":112,"column":62},"end":{"line":119,"column":3}},"line":112},"17":{"name":"(anonymous_17)","decl":{"start":{"line":122,"column":12},"end":{"line":122,"column":13}},"loc":{"start":{"line":122,"column":18},"end":{"line":132,"column":3}},"line":122},"18":{"name":"(anonymous_18)","decl":{"start":{"line":134,"column":26},"end":{"line":134,"column":27}},"loc":{"start":{"line":134,"column":39},"end":{"line":150,"column":3}},"line":134},"19":{"name":"(anonymous_19)","decl":{"start":{"line":143,"column":14},"end":{"line":143,"column":15}},"loc":{"start":{"line":143,"column":23},"end":{"line":147,"column":9}},"line":143},"20":{"name":"(anonymous_20)","decl":{"start":{"line":148,"column":15},"end":{"line":148,"column":16}},"loc":{"start":{"line":148,"column":21},"end":{"line":148,"column":59}},"line":148},"21":{"name":"(anonymous_21)","decl":{"start":{"line":152,"column":24},"end":{"line":152,"column":25}},"loc":{"start":{"line":152,"column":36},"end":{"line":173,"column":3}},"line":152},"22":{"name":"(anonymous_22)","decl":{"start":{"line":175,"column":30},"end":{"line":175,"column":31}},"loc":{"start":{"line":175,"column":36},"end":{"line":177,"column":3}},"line":175},"23":{"name":"(anonymous_23)","decl":{"start":{"line":234,"column":31},"end":{"line":234,"column":32}},"loc":{"start":{"line":234,"column":38},"end":{"line":234,"column":102}},"line":234},"24":{"name":"(anonymous_24)","decl":{"start":{"line":234,"column":118},"end":{"line":234,"column":119}},"loc":{"start":{"line":234,"column":125},"end":{"line":234,"column":191}},"line":234},"25":{"name":"(anonymous_25)","decl":{"start":{"line":247,"column":31},"end":{"line":247,"column":32}},"loc":{"start":{"line":247,"column":38},"end":{"line":247,"column":102}},"line":247},"26":{"name":"(anonymous_26)","decl":{"start":{"line":247,"column":118},"end":{"line":247,"column":119}},"loc":{"start":{"line":247,"column":125},"end":{"line":247,"column":191}},"line":247},"27":{"name":"(anonymous_27)","decl":{"start":{"line":286,"column":32},"end":{"line":286,"column":33}},"loc":{"start":{"line":286,"column":39},"end":{"line":286,"column":103}},"line":286},"28":{"name":"(anonymous_28)","decl":{"start":{"line":287,"column":32},"end":{"line":287,"column":33}},"loc":{"start":{"line":287,"column":39},"end":{"line":287,"column":105}},"line":287},"29":{"name":"(anonymous_29)","decl":{"start":{"line":288,"column":27},"end":{"line":288,"column":28}},"loc":{"start":{"line":288,"column":33},"end":{"line":291,"column":19}},"line":288},"30":{"name":"(anonymous_30)","decl":{"start":{"line":351,"column":63},"end":{"line":351,"column":64}},"loc":{"start":{"line":352,"column":22},"end":{"line":360,"column":26}},"line":352},"31":{"name":"(anonymous_31)","decl":{"start":{"line":395,"column":32},"end":{"line":395,"column":33}},"loc":{"start":{"line":395,"column":39},"end":{"line":395,"column":103}},"line":395},"32":{"name":"(anonymous_32)","decl":{"start":{"line":396,"column":32},"end":{"line":396,"column":33}},"loc":{"start":{"line":396,"column":39},"end":{"line":396,"column":105}},"line":396},"33":{"name":"(anonymous_33)","decl":{"start":{"line":397,"column":27},"end":{"line":397,"column":28}},"loc":{"start":{"line":397,"column":33},"end":{"line":400,"column":19}},"line":397},"34":{"name":"(anonymous_34)","decl":{"start":{"line":413,"column":29},"end":{"line":413,"column":30}},"loc":{"start":{"line":413,"column":36},"end":{"line":428,"column":21}},"line":413},"35":{"name":"(anonymous_35)","decl":{"start":{"line":457,"column":65},"end":{"line":457,"column":66}},"loc":{"start":{"line":457,"column":71},"end":{"line":460,"column":21}},"line":457},"36":{"name":"(anonymous_36)","decl":{"start":{"line":474,"column":67},"end":{"line":474,"column":68}},"loc":{"start":{"line":474,"column":73},"end":{"line":477,"column":23}},"line":474},"37":{"name":"(anonymous_37)","decl":{"start":{"line":505,"column":65},"end":{"line":505,"column":66}},"loc":{"start":{"line":505,"column":71},"end":{"line":505,"column":95}},"line":505},"38":{"name":"(anonymous_38)","decl":{"start":{"line":554,"column":33},"end":{"line":554,"column":34}},"loc":{"start":{"line":554,"column":40},"end":{"line":554,"column":104}},"line":554},"39":{"name":"(anonymous_39)","decl":{"start":{"line":554,"column":120},"end":{"line":554,"column":121}},"loc":{"start":{"line":554,"column":127},"end":{"line":554,"column":193}},"line":554},"40":{"name":"(anonymous_40)","decl":{"start":{"line":561,"column":33},"end":{"line":561,"column":34}},"loc":{"start":{"line":561,"column":40},"end":{"line":561,"column":104}},"line":561},"41":{"name":"(anonymous_41)","decl":{"start":{"line":561,"column":120},"end":{"line":561,"column":121}},"loc":{"start":{"line":561,"column":127},"end":{"line":561,"column":193}},"line":561},"42":{"name":"(anonymous_42)","decl":{"start":{"line":571,"column":33},"end":{"line":571,"column":34}},"loc":{"start":{"line":571,"column":40},"end":{"line":571,"column":104}},"line":571},"43":{"name":"(anonymous_43)","decl":{"start":{"line":571,"column":120},"end":{"line":571,"column":121}},"loc":{"start":{"line":571,"column":127},"end":{"line":571,"column":193}},"line":571},"44":{"name":"(anonymous_44)","decl":{"start":{"line":608,"column":34},"end":{"line":608,"column":35}},"loc":{"start":{"line":608,"column":41},"end":{"line":608,"column":105}},"line":608},"45":{"name":"(anonymous_45)","decl":{"start":{"line":609,"column":34},"end":{"line":609,"column":35}},"loc":{"start":{"line":609,"column":41},"end":{"line":609,"column":107}},"line":609},"46":{"name":"(anonymous_46)","decl":{"start":{"line":610,"column":29},"end":{"line":610,"column":30}},"loc":{"start":{"line":610,"column":35},"end":{"line":613,"column":21}},"line":610},"47":{"name":"(anonymous_47)","decl":{"start":{"line":673,"column":65},"end":{"line":673,"column":66}},"loc":{"start":{"line":674,"column":24},"end":{"line":682,"column":28}},"line":674},"48":{"name":"(anonymous_48)","decl":{"start":{"line":722,"column":34},"end":{"line":722,"column":35}},"loc":{"start":{"line":722,"column":41},"end":{"line":722,"column":105}},"line":722},"49":{"name":"(anonymous_49)","decl":{"start":{"line":723,"column":34},"end":{"line":723,"column":35}},"loc":{"start":{"line":723,"column":41},"end":{"line":723,"column":107}},"line":723},"50":{"name":"(anonymous_50)","decl":{"start":{"line":724,"column":29},"end":{"line":724,"column":30}},"loc":{"start":{"line":724,"column":35},"end":{"line":727,"column":21}},"line":724},"51":{"name":"(anonymous_51)","decl":{"start":{"line":738,"column":31},"end":{"line":738,"column":32}},"loc":{"start":{"line":738,"column":38},"end":{"line":753,"column":23}},"line":738},"52":{"name":"(anonymous_52)","decl":{"start":{"line":785,"column":67},"end":{"line":785,"column":68}},"loc":{"start":{"line":785,"column":73},"end":{"line":788,"column":23}},"line":785},"53":{"name":"(anonymous_53)","decl":{"start":{"line":802,"column":69},"end":{"line":802,"column":70}},"loc":{"start":{"line":802,"column":75},"end":{"line":805,"column":25}},"line":802},"54":{"name":"(anonymous_54)","decl":{"start":{"line":833,"column":67},"end":{"line":833,"column":68}},"loc":{"start":{"line":833,"column":73},"end":{"line":833,"column":97}},"line":833},"55":{"name":"(anonymous_55)","decl":{"start":{"line":875,"column":30},"end":{"line":875,"column":31}},"loc":{"start":{"line":875,"column":36},"end":{"line":875,"column":56}},"line":875}},"branchMap":{"0":{"loc":{"start":{"line":29,"column":4},"end":{"line":32,"column":5}},"type":"if","locations":[{"start":{"line":29,"column":4},"end":{"line":32,"column":5}},{"start":{},"end":{}}],"line":29},"1":{"loc":{"start":{"line":29,"column":8},"end":{"line":29,"column":59}},"type":"binary-expr","locations":[{"start":{"line":29,"column":8},"end":{"line":29,"column":22}},{"start":{"line":29,"column":26},"end":{"line":29,"column":59}}],"line":29},"2":{"loc":{"start":{"line":38,"column":6},"end":{"line":52,"column":7}},"type":"if","locations":[{"start":{"line":38,"column":6},"end":{"line":52,"column":7}},{"start":{"line":50,"column":13},"end":{"line":52,"column":7}}],"line":38},"3":{"loc":{"start":{"line":43,"column":10},"end":{"line":45,"column":11}},"type":"if","locations":[{"start":{"line":43,"column":10},"end":{"line":45,"column":11}},{"start":{},"end":{}}],"line":43},"4":{"loc":{"start":{"line":44,"column":37},"end":{"line":44,"column":72}},"type":"binary-expr","locations":[{"start":{"line":44,"column":37},"end":{"line":44,"column":67}},{"start":{"line":44,"column":71},"end":{"line":44,"column":72}}],"line":44},"5":{"loc":{"start":{"line":65,"column":4},"end":{"line":65,"column":44}},"type":"if","locations":[{"start":{"line":65,"column":4},"end":{"line":65,"column":44}},{"start":{},"end":{}}],"line":65},"6":{"loc":{"start":{"line":66,"column":49},"end":{"line":66,"column":76}},"type":"cond-expr","locations":[{"start":{"line":66,"column":71},"end":{"line":66,"column":72}},{"start":{"line":66,"column":75},"end":{"line":66,"column":76}}],"line":66},"7":{"loc":{"start":{"line":76,"column":52},"end":{"line":76,"column":79}},"type":"cond-expr","locations":[{"start":{"line":76,"column":74},"end":{"line":76,"column":75}},{"start":{"line":76,"column":78},"end":{"line":76,"column":79}}],"line":76},"8":{"loc":{"start":{"line":91,"column":52},"end":{"line":91,"column":79}},"type":"cond-expr","locations":[{"start":{"line":91,"column":74},"end":{"line":91,"column":75}},{"start":{"line":91,"column":78},"end":{"line":91,"column":79}}],"line":91},"9":{"loc":{"start":{"line":103,"column":4},"end":{"line":103,"column":44}},"type":"if","locations":[{"start":{"line":103,"column":4},"end":{"line":103,"column":44}},{"start":{},"end":{}}],"line":103},"10":{"loc":{"start":{"line":104,"column":49},"end":{"line":104,"column":76}},"type":"cond-expr","locations":[{"start":{"line":104,"column":71},"end":{"line":104,"column":72}},{"start":{"line":104,"column":75},"end":{"line":104,"column":76}}],"line":104},"11":{"loc":{"start":{"line":113,"column":4},"end":{"line":115,"column":5}},"type":"if","locations":[{"start":{"line":113,"column":4},"end":{"line":115,"column":5}},{"start":{},"end":{}}],"line":113},"12":{"loc":{"start":{"line":113,"column":8},"end":{"line":113,"column":80}},"type":"binary-expr","locations":[{"start":{"line":113,"column":8},"end":{"line":113,"column":32}},{"start":{"line":113,"column":36},"end":{"line":113,"column":80}}],"line":113},"13":{"loc":{"start":{"line":116,"column":4},"end":{"line":118,"column":5}},"type":"if","locations":[{"start":{"line":116,"column":4},"end":{"line":118,"column":5}},{"start":{},"end":{}}],"line":116},"14":{"loc":{"start":{"line":116,"column":8},"end":{"line":116,"column":78}},"type":"binary-expr","locations":[{"start":{"line":116,"column":8},"end":{"line":116,"column":31}},{"start":{"line":116,"column":35},"end":{"line":116,"column":78}}],"line":116},"15":{"loc":{"start":{"line":136,"column":4},"end":{"line":149,"column":5}},"type":"if","locations":[{"start":{"line":136,"column":4},"end":{"line":149,"column":5}},{"start":{"line":138,"column":11},"end":{"line":149,"column":5}}],"line":136},"16":{"loc":{"start":{"line":138,"column":11},"end":{"line":149,"column":5}},"type":"if","locations":[{"start":{"line":138,"column":11},"end":{"line":149,"column":5}},{"start":{"line":140,"column":11},"end":{"line":149,"column":5}}],"line":138},"17":{"loc":{"start":{"line":155,"column":6},"end":{"line":168,"column":7}},"type":"if","locations":[{"start":{"line":155,"column":6},"end":{"line":168,"column":7}},{"start":{"line":166,"column":13},"end":{"line":168,"column":7}}],"line":155},"18":{"loc":{"start":{"line":180,"column":23},"end":{"line":180,"column":104}},"type":"cond-expr","locations":[{"start":{"line":180,"column":34},"end":{"line":180,"column":71}},{"start":{"line":180,"column":74},"end":{"line":180,"column":104}}],"line":180},"19":{"loc":{"start":{"line":181,"column":23},"end":{"line":181,"column":116}},"type":"cond-expr","locations":[{"start":{"line":181,"column":34},"end":{"line":181,"column":77}},{"start":{"line":181,"column":80},"end":{"line":181,"column":116}}],"line":181},"20":{"loc":{"start":{"line":205,"column":21},"end":{"line":205,"column":124}},"type":"cond-expr","locations":[{"start":{"line":205,"column":29},"end":{"line":205,"column":117}},{"start":{"line":205,"column":121},"end":{"line":205,"column":124}}],"line":205},"21":{"loc":{"start":{"line":205,"column":29},"end":{"line":205,"column":117}},"type":"cond-expr","locations":[{"start":{"line":205,"column":61},"end":{"line":205,"column":95}},{"start":{"line":205,"column":98},"end":{"line":205,"column":117}}],"line":205},"22":{"loc":{"start":{"line":214,"column":66},"end":{"line":214,"column":92}},"type":"cond-expr","locations":[{"start":{"line":214,"column":77},"end":{"line":214,"column":83}},{"start":{"line":214,"column":86},"end":{"line":214,"column":92}}],"line":214},"23":{"loc":{"start":{"line":214,"column":102},"end":{"line":214,"column":128}},"type":"cond-expr","locations":[{"start":{"line":214,"column":113},"end":{"line":214,"column":119}},{"start":{"line":214,"column":122},"end":{"line":214,"column":128}}],"line":214},"24":{"loc":{"start":{"line":220,"column":11},"end":{"line":535,"column":11}},"type":"binary-expr","locations":[{"start":{"line":220,"column":11},"end":{"line":220,"column":15}},{"start":{"line":220,"column":19},"end":{"line":220,"column":27}},{"start":{"line":221,"column":12},"end":{"line":534,"column":18}}],"line":220},"25":{"loc":{"start":{"line":249,"column":17},"end":{"line":267,"column":17}},"type":"binary-expr","locations":[{"start":{"line":249,"column":17},"end":{"line":249,"column":42}},{"start":{"line":250,"column":18},"end":{"line":266,"column":25}}],"line":249},"26":{"loc":{"start":{"line":265,"column":21},"end":{"line":265,"column":79}},"type":"cond-expr","locations":[{"start":{"line":265,"column":50},"end":{"line":265,"column":55}},{"start":{"line":265,"column":58},"end":{"line":265,"column":79}}],"line":265},"27":{"loc":{"start":{"line":299,"column":17},"end":{"line":377,"column":17}},"type":"binary-expr","locations":[{"start":{"line":299,"column":17},"end":{"line":299,"column":32}},{"start":{"line":300,"column":18},"end":{"line":376,"column":24}}],"line":299},"28":{"loc":{"start":{"line":350,"column":21},"end":{"line":350,"column":197}},"type":"binary-expr","locations":[{"start":{"line":350,"column":21},"end":{"line":350,"column":43}},{"start":{"line":350,"column":47},"end":{"line":350,"column":197}}],"line":350},"29":{"loc":{"start":{"line":351,"column":21},"end":{"line":361,"column":22}},"type":"binary-expr","locations":[{"start":{"line":351,"column":21},"end":{"line":351,"column":43}},{"start":{"line":351,"column":47},"end":{"line":361,"column":22}}],"line":351},"30":{"loc":{"start":{"line":415,"column":22},"end":{"line":427,"column":23}},"type":"if","locations":[{"start":{"line":415,"column":22},"end":{"line":427,"column":23}},{"start":{},"end":{}}],"line":415},"31":{"loc":{"start":{"line":415,"column":26},"end":{"line":415,"column":79}},"type":"binary-expr","locations":[{"start":{"line":415,"column":26},"end":{"line":415,"column":32}},{"start":{"line":415,"column":36},"end":{"line":415,"column":79}}],"line":415},"32":{"loc":{"start":{"line":419,"column":43},"end":{"line":419,"column":76}},"type":"binary-expr","locations":[{"start":{"line":419,"column":43},"end":{"line":419,"column":56}},{"start":{"line":419,"column":60},"end":{"line":419,"column":76}}],"line":419},"33":{"loc":{"start":{"line":432,"column":17},"end":{"line":532,"column":17}},"type":"binary-expr","locations":[{"start":{"line":432,"column":17},"end":{"line":432,"column":31}},{"start":{"line":433,"column":18},"end":{"line":531,"column":24}}],"line":432},"34":{"loc":{"start":{"line":463,"column":21},"end":{"line":480,"column":21}},"type":"binary-expr","locations":[{"start":{"line":463,"column":21},"end":{"line":463,"column":28}},{"start":{"line":464,"column":22},"end":{"line":479,"column":31}}],"line":463},"35":{"loc":{"start":{"line":538,"column":11},"end":{"line":864,"column":11}},"type":"binary-expr","locations":[{"start":{"line":538,"column":11},"end":{"line":538,"column":15}},{"start":{"line":538,"column":19},"end":{"line":538,"column":28}},{"start":{"line":539,"column":12},"end":{"line":863,"column":18}}],"line":538},"36":{"loc":{"start":{"line":573,"column":19},"end":{"line":591,"column":19}},"type":"binary-expr","locations":[{"start":{"line":573,"column":19},"end":{"line":573,"column":44}},{"start":{"line":574,"column":20},"end":{"line":590,"column":27}}],"line":573},"37":{"loc":{"start":{"line":589,"column":23},"end":{"line":589,"column":81}},"type":"cond-expr","locations":[{"start":{"line":589,"column":52},"end":{"line":589,"column":57}},{"start":{"line":589,"column":60},"end":{"line":589,"column":81}}],"line":589},"38":{"loc":{"sta
[...]
mn":26},"end":{"line":286,"column":3}},"56":{"start":{"line":281,"column":4},"end":{"line":281,"column":106}},"57":{"start":{"line":281,"column":32},"end":{"line":281,"column":104}},"58":{"start":{"line":282,"column":4},"end":{"line":282,"column":64}},"59":{"start":{"line":282,"column":29},"end":{"line":282,"column":64}},"60":{"start":{"line":283,"column":4},"end":{"line":285,"column":13}},"61":{"start":{"line":284,"column":6},"end":{"line":284,"column":73}},"62":{"start":{"line":284,"column":34},"end":{"line":284,"column":71}},"63":{"start":{"line":288,"column":2},"end":{"line":295,"column":9}},"64":{"start":{"line":289,"column":4},"end":{"line":291,"column":13}},"65":{"start":{"line":290,"column":6},"end":{"line":290,"column":73}},"66":{"start":{"line":290,"column":34},"end":{"line":290,"column":71}},"67":{"start":{"line":292,"column":4},"end":{"line":294,"column":6}},"68":{"start":{"line":293,"column":6},"end":{"line":293,"column":66}},"69":{"start":{"line":293,"column":31},"end":{"line":293,"column":66}},"70":{"start":{"line":297,"column":2},"end":{"line":392,"column":4}},"71":{"start":{"line":319,"column":14},"end":{"line":329,"column":20}},"72":{"start":{"line":342,"column":29},"end":{"line":342,"column":48}},"73":{"start":{"line":349,"column":16},"end":{"line":367,"column":22}},"74":{"start":{"line":362,"column":20},"end":{"line":365,"column":26}},"75":{"start":{"line":372,"column":18},"end":{"line":375,"column":24}},"76":{"start":{"line":383,"column":29},"end":{"line":383,"column":47}},"77":{"start":{"line":395,"column":14},"end":{"line":845,"column":1}},"78":{"start":{"line":396,"column":2},"end":{"line":396,"column":19}},"79":{"start":{"line":399,"column":2},"end":{"line":412,"column":9}},"80":{"start":{"line":400,"column":17},"end":{"line":400,"column":46}},"81":{"start":{"line":401,"column":4},"end":{"line":411,"column":5}},"82":{"start":{"line":402,"column":27},"end":{"line":407,"column":7}},"83":{"start":{"line":403,"column":24},"end":{"line":403,"column":53}},"84":{"start":{"line":404,"column":8},"end":{"line":406,"column":9}},"85":{"start":{"line":405,"column":10},"end":{"line":405,"column":73}},"86":{"start":{"line":409,"column":24},"end":{"line":409,"column":53}},"87":{"start":{"line":410,"column":6},"end":{"line":410,"column":43}},"88":{"start":{"line":410,"column":19},"end":{"line":410,"column":42}},"89":{"start":{"line":414,"column":2},"end":{"line":844,"column":4}},"90":{"start":{"line":502,"column":14},"end":{"line":514,"column":23}},"91":{"start":{"line":608,"column":18},"end":{"line":625,"column":24}}},"fnMap":{"0":{"name":"(anonymous_0)","decl":{"start":{"line":11,"column":23},"end":{"line":11,"column":24}},"loc":{"start":{"line":11,"column":29},"end":{"line":21,"column":1}},"line":11},"1":{"name":"(anonymous_1)","decl":{"start":{"line":12,"column":12},"end":{"line":12,"column":13}},"loc":{"start":{"line":12,"column":18},"end":{"line":20,"column":3}},"line":12},"2":{"name":"(anonymous_2)","decl":{"start":{"line":17,"column":11},"end":{"line":17,"column":12}},"loc":{"start":{"line":17,"column":17},"end":{"line":19,"column":5}},"line":17},"3":{"name":"(anonymous_3)","decl":{"start":{"line":24,"column":18},"end":{"line":24,"column":19}},"loc":{"start":{"line":24,"column":24},"end":{"line":52,"column":1}},"line":24},"4":{"name":"(anonymous_4)","decl":{"start":{"line":28,"column":12},"end":{"line":28,"column":13}},"loc":{"start":{"line":28,"column":18},"end":{"line":49,"column":3}},"line":28},"5":{"name":"(anonymous_5)","decl":{"start":{"line":31,"column":6},"end":{"line":31,"column":7}},"loc":{"start":{"line":31,"column":19},"end":{"line":36,"column":7}},"line":31},"6":{"name":"(anonymous_6)","decl":{"start":{"line":44,"column":11},"end":{"line":44,"column":12}},"loc":{"start":{"line":44,"column":17},"end":{"line":48,"column":5}},"line":44},"7":{"name":"(anonymous_7)","decl":{"start":{"line":55,"column":15},"end":{"line":55,"column":16}},"loc":{"start":{"line":55,"column":72},"end":{"line":72,"column":1}},"line":55},"8":{"name":"(anonymous_8)","decl":{"start":{"line":74,"column":15},"end":{"line":74,"column":16}},"loc":{"start":{"line":74,"column":21},"end":{"line":76,"column":1}},"line":74},"9":{"name":"(anonymous_9)","decl":{"start":{"line":78,"column":20},"end":{"line":78,"column":21}},"loc":{"start":{"line":78,"column":26},"end":{"line":246,"column":1}},"line":78},"10":{"name":"(anonymous_10)","decl":{"start":{"line":81,"column":12},"end":{"line":81,"column":13}},"loc":{"start":{"line":81,"column":18},"end":{"line":87,"column":3}},"line":81},"11":{"name":"(anonymous_11)","decl":{"start":{"line":82,"column":25},"end":{"line":82,"column":26}},"loc":{"start":{"line":82,"column":31},"end":{"line":84,"column":5}},"line":82},"12":{"name":"(anonymous_12)","decl":{"start":{"line":86,"column":11},"end":{"line":86,"column":12}},"loc":{"start":{"line":86,"column":17},"end":{"line":86,"column":67}},"line":86},"13":{"name":"(anonymous_13)","decl":{"start":{"line":89,"column":26},"end":{"line":89,"column":27}},"loc":{"start":{"line":89,"column":34},"end":{"line":94,"column":3}},"line":89},"14":{"name":"(anonymous_14)","decl":{"start":{"line":106,"column":100},"end":{"line":106,"column":101}},"loc":{"start":{"line":106,"column":107},"end":{"line":106,"column":155}},"line":106},"15":{"name":"(anonymous_15)","decl":{"start":{"line":132,"column":53},"end":{"line":132,"column":54}},"loc":{"start":{"line":133,"column":14},"end":{"line":146,"column":19}},"line":133},"16":{"name":"(anonymous_16)","decl":{"start":{"line":136,"column":27},"end":{"line":136,"column":28}},"loc":{"start":{"line":136,"column":34},"end":{"line":136,"column":112}},"line":136},"17":{"name":"(anonymous_17)","decl":{"start":{"line":248,"column":16},"end":{"line":248,"column":17}},"loc":{"start":{"line":249,"column":2},"end":{"line":251,"column":12}},"line":249},"18":{"name":"(anonymous_18)","decl":{"start":{"line":276,"column":21},"end":{"line":276,"column":22}},"loc":{"start":{"line":276,"column":27},"end":{"line":393,"column":1}},"line":276},"19":{"name":"(anonymous_19)","decl":{"start":{"line":280,"column":26},"end":{"line":280,"column":27}},"loc":{"start":{"line":280,"column":41},"end":{"line":286,"column":3}},"line":280},"20":{"name":"(anonymous_20)","decl":{"start":{"line":281,"column":22},"end":{"line":281,"column":23}},"loc":{"start":{"line":281,"column":32},"end":{"line":281,"column":104}},"line":281},"21":{"name":"(anonymous_21)","decl":{"start":{"line":283,"column":38},"end":{"line":283,"column":39}},"loc":{"start":{"line":283,"column":44},"end":{"line":285,"column":5}},"line":283},"22":{"name":"(anonymous_22)","decl":{"start":{"line":284,"column":24},"end":{"line":284,"column":25}},"loc":{"start":{"line":284,"column":34},"end":{"line":284,"column":71}},"line":284},"23":{"name":"(anonymous_23)","decl":{"start":{"line":288,"column":12},"end":{"line":288,"column":13}},"loc":{"start":{"line":288,"column":18},"end":{"line":295,"column":3}},"line":288},"24":{"name":"(anonymous_24)","decl":{"start":{"line":289,"column":38},"end":{"line":289,"column":39}},"loc":{"start":{"line":289,"column":44},"end":{"line":291,"column":5}},"line":289},"25":{"name":"(anonymous_25)","decl":{"start":{"line":290,"column":24},"end":{"line":290,"column":25}},"loc":{"start":{"line":290,"column":34},"end":{"line":290,"column":71}},"line":290},"26":{"name":"(anonymous_26)","decl":{"start":{"line":292,"column":11},"end":{"line":292,"column":12}},"loc":{"start":{"line":292,"column":17},"end":{"line":294,"column":5}},"line":292},"27":{"name":"(anonymous_27)","decl":{"start":{"line":318,"column":32},"end":{"line":318,"column":33}},"loc":{"start":{"line":319,"column":14},"end":{"line":329,"column":20}},"line":319},"28":{"name":"(anonymous_28)","decl":{"start":{"line":342,"column":23},"end":{"line":342,"column":24}},"loc":{"start":{"line":342,"column":29},"end":{"line":342,"column":48}},"line":342},"29":{"name":"(anonymous_29)","decl":{"start":{"line":348,"column":37},"end":{"line":348,"column":38}},"loc":{"start":{"line":349,"column":16},"end":{"line":367,"column":22}},"line":349},"30":{"name":"(anonymous_30)","decl":{"start":{"line":361,"column":27},"end":{"line":361,"column":28}},"loc":{"start":{"line":362,"column":20},"end":{"line":365,"column":26}},"line":362},"31":{"name":"(anonymous_31)","decl":{"start":{"line":371,"column":42},"end":{"line":371,"column":43}},"loc":{"start":{"line":372,"column":18},"end":{"line":375,"column":24}},"line":372},"32":{"name":"(anonymous_32)","decl":{"start":{"line":383,"column":23},"end":{"line":383,"column":24}},"loc":{"start":{"line":383,"column":29},"end":{"line":383,"column":47}},"line":383},"33":{"name":"(anonymous_33)","decl":{"start":{"line":395,"column":14},"end":{"line":395,"column":15}},"loc":{"start":{"line":395,"column":20},"end":{"line":845,"column":1}},"line":395},"34":{"name":"(anonymous_34)","decl":{"start":{"line":399,"column":12},"end":{"line":399,"column":13}},"loc":{"start":{"line":399,"column":18},"end":{"line":412,"column":3}},"line":399},"35":{"name":"(anonymous_35)","decl":{"start":{"line":402,"column":27},"end":{"line":402,"column":28}},"loc":{"start":{"line":402,"column":33},"end":{"line":407,"column":7}},"line":402},"36":{"name":"(anonymous_36)","decl":{"start":{"line":410,"column":13},"end":{"line":410,"column":14}},"loc":{"start":{"line":410,"column":19},"end":{"line":410,"column":42}},"line":410},"37":{"name":"(anonymous_37)","decl":{"start":{"line":501,"column":18},"end":{"line":501,"column":19}},"loc":{"start":{"line":502,"column":14},"end":{"line":514,"column":23}},"line":502},"38":{"name":"(anonymous_38)","decl":{"start":{"line":607,"column":22},"end":{"line":607,"column":23}},"loc":{"start":{"line":608,"column":18},"end":{"line":625,"column":24}},"line":608}},"branchMap":{"0":{"loc":{"start":{"line":32,"column":8},"end":{"line":35,"column":9}},"type":"if","locations":[{"start":{"line":32,"column":8},"end":{"line":35,"column":9}},{"start":{},"end":{}}],"line":32},"1":{"loc":{"start":{"line":40,"column":4},"end":{"line":42,"column":5}},"type":"if","locations":[{"start":{"line":40,"column":4},"end":{"line":42,"column":5}},{"start":{},"end":{}}],"line":40},"2":{"loc":{"start":{"line":45,"column":6},"end":{"line":47,"column":7}},"type":"if","locations":[{"start":{"line":45,"column":6},"end":{"line":47,"column":7}},{"start":{},"end":{}}],"line":45},"3":{"loc":{"start":{"line":55,"column":28},"end":{"line":55,"column":37}},"type":"default-arg","locations":[{"start":{"line":55,"column":36},"end":{"line":55,"column":37}}],"line":55},"4":{"loc":{"start":{"line":55,"column":39},"end":{"line":55,"column":53}},"type":"default-arg","locations":[{"start":{"line":55,"column":51},"end":{"line":55,"column":53}}],"line":55},"5":{"loc":{"start":{"line":55,"column":55},"end":{"line":55,"column":65}},"type":"default-arg","locations":[{"start":{"line":55,"column":63},"end":{"line":55,"column":65}}],"line":55},"6":{"loc":{"start":{"line":64,"column":17},"end":{"line":64,"column":34}},"type":"cond-expr","locations":[{"start":{"line":64,"column":29},"end":{"line":64,"column":30}},{"start":{"line":64,"column":33},"end":{"line":64,"column":34}}],"line":64},"7":{"loc":{"start":{"line":65,"column":19},"end":{"line":65,"column":67}},"type":"cond-expr","locations":[{"start":{"line":65,"column":31},"end":{"line":65,"column":46}},{"start":{"line":65,"column":49},"end":{"line":65,"column":67}}],"line":65},"8":{"loc":{"start":{"line":91,"column":4},"end":{"line":93,"column":5}},"type":"if","locations":[{"start":{"line":91,"column":4},"end":{"line":93,"column":5}},{"start":{},"end":{}}],"line":91},"9":{"loc":{"start":{"line":97,"column":85},"end":{"line":97,"column":120}},"type":"cond-expr","locations":[{"start":{"line":97,"column":98},"end":{"line":97,"column":115}},{"start":{"line":97,"column":118},"end":{"line":97,"column":120}}],"line":97},"10":{"loc":{"start":{"line":100,"column":20},"end":{"line":100,"column":62}},"type":"cond-expr","locations":[{"start":{"line":100,"column":33},"end":{"line":100,"column":46}},{"start":{"line":100,"column":49},"end":{"line":100,"column":62}}],"line":100},"11":{"loc":{"start":{"line":101,"column":28},"end":{"line":101,"column":66}},"type":"cond-expr","locations":[{"start":{"line":101,"column":41},"end":{"line":101,"column":50}},{"start":{"line":101,"column":53},"end":{"line":101,"column":66}}],"line":101},"12":{"loc":{"start":{"line":102,"column":22},"end":{"line":102,"column":71}},"type":"cond-expr","locations":[{"start":{"line":102,"column":35},"end":{"line":102,"column":62}},{"start":{"line":102,"column":65},"end":{"line":102,"column":71}}],"line":102},"13":{"loc":{"start":{"line":109,"column":20},"end":{"line":109,"column":130}},"type":"cond-expr","locations":[{"start":{"line":109,"column":33},"end":{"line":109,"column":84}},{"start":{"line":109,"column":87},"end":{"line":109,"column":130}}],"line":109},"14":{"loc":{"start":{"line":118,"column":28},"end":{"line":118,"column":65}},"type":"cond-expr","locations":[{"start":{"line":118,"column":41},"end":{"line":118,"column":51}},{"start":{"line":118,"column":54},"end":{"line":118,"column":65}}],"line":118},"15":{"loc":{"start":{"line":126,"column":65},"end":{"line":126,"column":98}},"type":"cond-expr","locations":[{"start":{"line":126,"column":78},"end":{"line":126,"column":84}},{"start":{"line":126,"column":87},"end":{"line":126,"column":98}}],"line":126},"16":{"loc":{"start":{"line":141,"column":27},"end":{"line":141,"column":137}},"type":"cond-expr","locations":[{"start":{"line":141,"column":40},"end":{"line":141,"column":91}},{"start":{"line":141,"column":94},"end":{"line":141,"column":137}}],"line":141},"17":{"loc":{"start":{"line":155,"column":30},"end":{"line":155,"column":67}},"type":"cond-expr","locations":[{"start":{"line":155,"column":43},"end":{"line":155,"column":53}},{"start":{"line":155,"column":56},"end":{"line":155,"column":67}}],"line":155},"18":{"loc":{"start":{"line":282,"column":4},"end":{"line":282,"column":64}},"type":"if","locations":[{"start":{"line":282,"column":4},"end":{"line":282,"column":64}},{"start":{},"end":{}}],"line":282},"19":{"loc":{"start":{"line":293,"column":6},"end":{"line":293,"column":66}},"type":"if","locations":[{"start":{"line":293,"column":6},"end":{"line":293,"column":66}},{"start":{},"end":{}}],"line":293},"20":{"loc":{"start":{"line":353,"column":29},"end":{"line":353,"column":62}},"type":"cond-expr","locations":[{"start":{"line":353,"column":57},"end":{"line":353,"column":58}},{"start":{"line":353,"column":61},"end":{"line":353,"column":62}}],"line":353},"21":{"loc":{"start":{"line":354,"column":32},"end":{"line":354,"column":80}},"type":"cond-expr","locations":[{"start":{"line":354,"column":60},"end":{"line":354,"column":69}},{"start":{"line":354,"column":72},"end":{"line":354,"column":80}}],"line":354},"22":{"loc":{"start":{"line":355,"column":45},"end":{"line":355,"column":113}},"type":"cond-expr","locations":[{"start":{"line":355,"column":73},"end":{"line":355,"column":74}},{"start":{"line":355,"column":78},"end":{"line":355,"column":112}}],"line":355},"23":{"loc":{"start":{"line":355,"column":78},"end":{"line":355,"column":112}},"type":"cond-expr","locations":[{"start":{"line":355,"column":104},"end":{"line":355,"column":106}},{"start":{"line":355,"column":109},"end":{"line":355,"column":112}}],"line":355},"24":{"loc":{"start":{"line":357,"column":35},"end":{"line":357,"column":78}},"type":"cond-expr","locations":[{"start":{"line":357,"column":63},"end":{"line":357,"column":69}},{"start":{"line":357,"column":72},"end":{"line":357,"column":78}}],"line":357},"25":{"loc":{"start":{"line":358,"column":28},"end":{"line":358,"column":61}},"type":"cond-expr","locations":[{"start":{"line":358,"column":56},"end":{"line":358,"column":57}},{"start":{"line":358,"column":60},"end":{"line":358,"column":61}}],"line":358},"26":{"loc":{"start":{"line":401,"column":4},"end":{"line":411,"column":5}},"type":"if","locations":[{"start":{"line":401,"column":4},"end":{"line":411,"column":5}},{"start":{},"end":{}}],"line":401},"27":{"loc":{"start":{"line":404,"column":8},"end":{"line":406,"column":9}},"type":"if","locations":[{"start":{"line":404,"column":8},"end":{"line":406,"column":9}},{"start":{},"end":{}}],"line":404}},"s":{"0":1,"1":1,"2":1,"3":4,"4":4,"5":4,"6":4,"7":4,"8":4,"9":4,"10":1,"11":80,"12":80,"13":80,"14":80,"15":80,"16":0,"17":0,"18":0,"19":80,"20":80,"21":80,"22":80,"23":80,"24":80,"25":1,"26":80,"27":80,"28":1,"29":0,"30":1,"31":4,"32":4,"33":4,"34":0,"35":4,"36":4,"37":4,"38":4,"39":0,"40":0,"41":0,"42":4,"43":0,"44":0,"45":16,"46":0,"47":0,"48":1,"49":16,"50":1,"51":1,"52":1,"53":4,"54":4,"55":4,"56":0,"57":0,"58":0,"59":0,"60":0,"61":0,"62":0,"63":4,"64":4,"65":0,"66":0,"67":4,"68":4,"69":4,"70":4,"71":16,"72":0,"73":8,"74":32,"75":16,"76":0,"77":1,"78":4,"79":4,"80":4,"81":4,"82":0,"83":0,"84":0,"85":0,"86":0,"87":0,"88":0,"89":4,"90":24,"91":16},"f":{"0":4,"1":4,"2":4,"3":80,"4":80,"5":0,"6":80,"7":80,"8":0,"9":4,"10":4,"11":0,"12":4,"13":0,"14":0,"15":16,"16":0,"17":16,"18":4,"19":0,"20":0,"21":0,"22":0,"23":4,"24":0,"25":0,"26":4,"27":16,"28":0,"29":8,"30":32,"31":16,"32":0,"33":4,"34":4,"35":0,"36":0,"37":24,"38":16},"b":{"0":[0,0],"1":[80,0],"2":[80,0],"3":[24],"4":[36],"5":[80],"6":[0,80],"7":[0,80],"8":[0,0],"9":[0,4],"10":[0,4],"11":[0,4],"12":[0,4],"13":[0,4],"14":[0,4],"15":[0,4],"16":[0,16],"17":[0,4],"18":[0,0],"19":[4,0],"20":[4,4],"21":[4,4],"22":[4,4],"23":[0,4],"24":[4,4],"25":[4,4],"26":[0,4],"27":[0,0]},"_coverageSchema":"1a1c01bbd47fc00a2c39e90264f33305004495a9","hash":"dae562d41761aeeb670bc1e15ba4ee785b622004"}
,"C:\\Users\\Me\\Desktop\\ME-DB\\ME-DB-front\\src\\landing\\pages\\NotFound.jsx": {"path":"C:\\Users\\Me\\Desktop\\ME-DB\\ME-DB-front\\src\\landing\\pages\\NotFound.jsx","statementMap":{"0":{"start":{"line":4,"column":17},"end":{"line":12,"column":1}},"1":{"start":{"line":5,"column":2},"end":{"line":11,"column":4}}},"fnMap":{"0":{"name":"(anonymous_0)","decl":{"start":{"line":4,"column":17},"end":{"line":4,"column":18}},"loc":{"start":{"line":4,"column":23},"end":{"line":12,"column":1}},"line":4}},"branchMap":{},"s":{"0":1,"1":0},"f":{"0":0},"b":{},"_coverageSchema":"1a1c01bbd47fc00a2c39e90264f33305004495a9","hash":"cb05f7645f6378f8aec8e1a1976b0b49ffa3d2eb"}
,"C:\\Users\\Me\\Desktop\\ME-DB\\ME-DB-front\\src\\landing\\pages\\Privacy.jsx": {"path":"C:\\Users\\Me\\Desktop\\ME-DB\\ME-DB-front\\src\\landing\\pages\\Privacy.jsx","statementMap":{"0":{"start":{"line":5,"column":16},"end":{"line":136,"column":1}},"1":{"start":{"line":6,"column":2},"end":{"line":135,"column":4}}},"fnMap":{"0":{"name":"(anonymous_0)","decl":{"start":{"line":5,"column":16},"end":{"line":5,"column":17}},"loc":{"start":{"line":5,"column":22},"end":{"line":136,"column":1}},"line":5}},"branchMap":{},"s":{"0":1,"1":0},"f":{"0":0},"b":{},"_coverageSchema":"1a1c01bbd47fc00a2c39e90264f33305004495a9","hash":"9a6b5033170dd922e24552ff73b2ff083a522ec2"}
,"C:\\Users\\Me\\Desktop\\ME-DB\\ME-DB-front\\src\\landing\\pages\\Terms.jsx": {"path":"C:\\Users\\Me\\Desktop\\ME-DB\\ME-DB-front\\src\\landing\\pages\\Terms.jsx","statementMap":{"0":{"start":{"line":5,"column":14},"end":{"line":115,"column":1}},"1":{"start":{"line":6,"column":2},"end":{"line":114,"column":4}}},"fnMap":{"0":{"name":"(anonymous_0)","decl":{"start":{"line":5,"column":14},"end":{"line":5,"column":15}},"loc":{"start":{"line":5,"column":20},"end":{"line":115,"column":1}},"line":5}},"branchMap":{},"s":{"0":1,"1":0},"f":{"0":0},"b":{},"_coverageSchema":"1a1c01bbd47fc00a2c39e90264f33305004495a9","hash":"471c29d0acdf07bc8c956241945232ad3fc1b018"}
,"C:\\Users\\Me\\Desktop\\ME-DB\\ME-DB-front\\src\\styling\\theme.js": {"path":"C:\\Users\\Me\\Desktop\\ME-DB\\ME-DB-front\\src\\styling\\theme.js","statementMap":{"0":{"start":{"line":18,"column":14},"end":{"line":526,"column":1}}},"fnMap":{},"branchMap":{},"s":{"0":10},"f":{},"b":{},"_coverageSchema":"1a1c01bbd47fc00a2c39e90264f33305004495a9","hash":"1bcbbbf25030f2da1521af6713cb8239daa5a2cd"}
}
