TN:
SF:src\App.js
FN:16,(anonymous_0)
FN:17,(anonymous_1)
FN:19,(anonymous_2)
FN:20,(anonymous_3)
FN:21,(anonymous_4)
FN:22,(anonymous_5)
FN:23,(anonymous_6)
FN:24,(anonymous_7)
FN:25,(anonymous_8)
FN:26,(anonymous_9)
FN:27,(anonymous_10)
FN:28,(anonymous_11)
FN:29,(anonymous_12)
FN:30,(anonymous_13)
FN:31,(anonymous_14)
FN:32,(anonymous_15)
FN:36,(anonymous_16)
FN:38,(anonymous_17)
FN:43,(anonymous_18)
FN:47,(anonymous_19)
FN:52,(anonymous_20)
FN:58,(anonymous_21)
FN:60,(anonymous_22)
FN:65,(anonymous_23)
FN:71,(anonymous_24)
FN:77,(anonymous_25)
FN:86,(anonymous_26)
FN:93,(anonymous_27)
FN:108,(anonymous_28)
FN:110,(anonymous_29)
FN:113,(anonymous_30)
FN:118,(anonymous_31)
FN:123,(anonymous_32)
FN:139,isListRoutePath
FN:146,AppContent
FN:151,(anonymous_35)
FN:156,(anonymous_36)
FN:172,(anonymous_37)
FN:240,RestrictMediaType
FN:244,(anonymous_39)
FN:245,(anonymous_40)
FN:251,(anonymous_41)
FN:264,(anonymous_42)
FN:268,(anonymous_43)
FN:280,(anonymous_44)
FN:291,(anonymous_45)
FN:298,(anonymous_46)
FN:300,(anonymous_47)
FN:300,(anonymous_48)
FN:301,(anonymous_49)
FN:301,(anonymous_50)
FN:302,(anonymous_51)
FN:302,(anonymous_52)
FN:303,(anonymous_53)
FN:303,(anonymous_54)
FN:304,(anonymous_55)
FN:304,(anonymous_56)
FN:305,(anonymous_57)
FN:305,(anonymous_58)
FN:309,(anonymous_59)
FN:332,isLocalStorageAvailable
FN:344,DemoLayout
FN:357,DemoRouteHandler
FN:368,DemoDetailRouteHandler
FNF:64
FNH:13
FNDA:0,(anonymous_0)
FNDA:0,(anonymous_1)
FNDA:0,(anonymous_2)
FNDA:0,(anonymous_3)
FNDA:0,(anonymous_4)
FNDA:1,(anonymous_5)
FNDA:0,(anonymous_6)
FNDA:0,(anonymous_7)
FNDA:0,(anonymous_8)
FNDA:0,(anonymous_9)
FNDA:0,(anonymous_10)
FNDA:0,(anonymous_11)
FNDA:0,(anonymous_12)
FNDA:0,(anonymous_13)
FNDA:0,(anonymous_14)
FNDA:0,(anonymous_15)
FNDA:1,(anonymous_16)
FNDA:2,(anonymous_17)
FNDA:1,(anonymous_18)
FNDA:0,(anonymous_19)
FNDA:0,(anonymous_20)
FNDA:1,(anonymous_21)
FNDA:1,(anonymous_22)
FNDA:0,(anonymous_23)
FNDA:1,(anonymous_24)
FNDA:1,(anonymous_25)
FNDA:1,(anonymous_26)
FNDA:1,(anonymous_27)
FNDA:1,(anonymous_28)
FNDA:0,(anonymous_29)
FNDA:0,(anonymous_30)
FNDA:0,(anonymous_31)
FNDA:0,(anonymous_32)
FNDA:0,isListRoutePath
FNDA:1,AppContent
FNDA:0,(anonymous_35)
FNDA:0,(anonymous_36)
FNDA:1,(anonymous_37)
FNDA:0,RestrictMediaType
FNDA:0,(anonymous_39)
FNDA:0,(anonymous_40)
FNDA:0,(anonymous_41)
FNDA:0,(anonymous_42)
FNDA:0,(anonymous_43)
FNDA:0,(anonymous_44)
FNDA:0,(anonymous_45)
FNDA:0,(anonymous_46)
FNDA:0,(anonymous_47)
FNDA:0,(anonymous_48)
FNDA:0,(anonymous_49)
FNDA:0,(anonymous_50)
FNDA:0,(anonymous_51)
FNDA:0,(anonymous_52)
FNDA:0,(anonymous_53)
FNDA:0,(anonymous_54)
FNDA:0,(anonymous_55)
FNDA:0,(anonymous_56)
FNDA:0,(anonymous_57)
FNDA:0,(anonymous_58)
FNDA:0,(anonymous_59)
FNDA:0,isLocalStorageAvailable
FNDA:0,DemoLayout
FNDA:0,DemoRouteHandler
FNDA:0,DemoDetailRouteHandler
DA:16,1
DA:17,1
DA:19,1
DA:20,1
DA:21,1
DA:22,1
DA:23,1
DA:24,1
DA:25,1
DA:26,1
DA:27,1
DA:28,1
DA:29,1
DA:30,1
DA:31,1
DA:32,1
DA:36,1
DA:38,1
DA:39,2
DA:40,2
DA:41,2
DA:42,2
DA:43,2
DA:44,1
DA:45,1
DA:46,1
DA:47,0
DA:50,1
DA:51,1
DA:52,0
DA:54,1
DA:56,2
DA:58,2
DA:60,1
DA:61,1
DA:63,1
DA:66,0
DA:67,0
DA:68,0
DA:69,0
DA:72,1
DA:73,0
DA:75,1
DA:78,1
DA:82,1
DA:86,2
DA:87,1
DA:88,0
DA:93,2
DA:94,1
DA:95,1
DA:96,1
DA:97,1
DA:98,1
DA:99,1
DA:100,1
DA:101,1
DA:102,1
DA:103,1
DA:108,2
DA:109,1
DA:110,0
DA:111,0
DA:114,0
DA:115,0
DA:119,0
DA:123,0
DA:127,2
DA:129,1
DA:140,0
DA:141,0
DA:142,0
DA:147,1
DA:148,1
DA:149,1
DA:151,1
DA:152,0
DA:153,0
DA:156,1
DA:157,0
DA:158,0
DA:161,0
DA:162,0
DA:163,0
DA:168,0
DA:172,1
DA:173,1
DA:174,0
DA:175,0
DA:176,0
DA:187,1
DA:188,1
DA:190,1
DA:241,0
DA:242,0
DA:243,0
DA:244,0
DA:245,0
DA:248,0
DA:251,0
DA:252,0
DA:255,0
DA:256,0
DA:257,0
DA:259,0
DA:260,0
DA:261,0
DA:262,0
DA:264,0
DA:266,0
DA:268,0
DA:271,0
DA:272,0
DA:273,0
DA:279,0
DA:280,0
DA:281,0
DA:282,0
DA:283,0
DA:284,0
DA:287,0
DA:291,0
DA:292,0
DA:293,0
DA:294,0
DA:299,0
DA:300,0
DA:301,0
DA:302,0
DA:303,0
DA:304,0
DA:305,0
DA:307,0
DA:310,0
DA:311,0
DA:317,0
DA:318,0
DA:319,0
DA:320,0
DA:321,0
DA:322,0
DA:323,0
DA:324,0
DA:326,0
DA:328,0
DA:333,0
DA:334,0
DA:335,0
DA:336,0
DA:337,0
DA:339,0
DA:345,0
DA:347,0
DA:358,0
DA:359,0
DA:361,0
DA:362,0
DA:364,0
DA:369,0
DA:370,0
DA:372,0
DA:373,0
DA:378,0
DA:379,0
DA:382,0
LF:165
LH:65
BRDA:36,0,0,1
BRDA:36,0,1,1
BRDA:46,1,0,0
BRDA:46,1,1,1
BRDA:51,2,0,0
BRDA:51,2,1,1
BRDA:61,3,0,1
BRDA:61,3,1,0
BRDA:61,4,0,1
BRDA:61,4,1,0
BRDA:68,5,0,0
BRDA:68,5,1,0
BRDA:68,6,0,0
BRDA:68,6,1,0
BRDA:72,7,0,0
BRDA:72,7,1,1
BRDA:72,8,0,1
BRDA:72,8,1,1
BRDA:72,8,2,0
BRDA:87,9,0,0
BRDA:87,9,1,1
BRDA:95,10,0,1
BRDA:95,10,1,0
BRDA:109,11,0,0
BRDA:109,11,1,1
BRDA:114,12,0,0
BRDA:114,12,1,0
BRDA:127,13,0,1
BRDA:127,13,1,1
BRDA:140,14,0,0
BRDA:140,14,1,0
BRDA:141,15,0,0
BRDA:141,15,1,0
BRDA:142,16,0,0
BRDA:142,16,1,0
BRDA:152,17,0,0
BRDA:152,17,1,0
BRDA:152,17,2,0
BRDA:158,18,0,0
BRDA:158,18,1,0
BRDA:163,19,0,0
BRDA:163,19,1,0
BRDA:163,20,0,0
BRDA:163,20,1,0
BRDA:173,21,0,1
BRDA:173,21,1,0
BRDA:174,22,0,0
BRDA:174,22,1,0
BRDA:187,23,0,1
BRDA:187,23,1,0
BRDA:188,24,0,1
BRDA:188,24,1,1
BRDA:188,24,2,0
BRDA:192,25,0,1
BRDA:192,25,1,0
BRDA:195,26,0,1
BRDA:195,26,1,0
BRDA:202,27,0,0
BRDA:202,27,1,1
BRDA:206,28,0,0
BRDA:206,28,1,1
BRDA:207,29,0,0
BRDA:207,29,1,1
BRDA:208,30,0,0
BRDA:208,30,1,1
BRDA:209,31,0,0
BRDA:209,31,1,1
BRDA:209,32,0,1
BRDA:209,32,1,0
BRDA:245,33,0,0
BRDA:245,33,1,0
BRDA:252,34,0,0
BRDA:252,34,1,0
BRDA:256,35,0,0
BRDA:256,35,1,0
BRDA:262,36,0,0
BRDA:262,36,1,0
BRDA:264,37,0,0
BRDA:264,37,1,0
BRDA:266,38,0,0
BRDA:266,38,1,0
BRDA:272,39,0,0
BRDA:272,39,1,0
BRDA:281,40,0,0
BRDA:281,40,1,0
BRDA:281,41,0,0
BRDA:281,41,1,0
BRDA:281,41,2,0
BRDA:283,42,0,0
BRDA:283,42,1,0
BRDA:292,43,0,0
BRDA:292,43,1,0
BRDA:292,44,0,0
BRDA:292,44,1,0
BRDA:292,44,2,0
BRDA:293,45,0,0
BRDA:293,45,1,0
BRDA:300,46,0,0
BRDA:300,46,1,0
BRDA:300,47,0,0
BRDA:300,47,1,0
BRDA:301,48,0,0
BRDA:301,48,1,0
BRDA:301,49,0,0
BRDA:301,49,1,0
BRDA:302,50,0,0
BRDA:302,50,1,0
BRDA:302,51,0,0
BRDA:302,51,1,0
BRDA:303,52,0,0
BRDA:303,52,1,0
BRDA:303,53,0,0
BRDA:303,53,1,0
BRDA:304,54,0,0
BRDA:304,54,1,0
BRDA:304,55,0,0
BRDA:304,55,1,0
BRDA:305,56,0,0
BRDA:305,56,1,0
BRDA:305,57,0,0
BRDA:305,57,1,0
BRDA:317,58,0,0
BRDA:317,58,1,0
BRDA:318,59,0,0
BRDA:318,59,1,0
BRDA:319,60,0,0
BRDA:319,60,1,0
BRDA:320,61,0,0
BRDA:320,61,1,0
BRDA:321,62,0,0
BRDA:321,62,1,0
BRDA:322,63,0,0
BRDA:322,63,1,0
BRDA:322,64,0,0
BRDA:322,64,1,0
BRDA:323,65,0,0
BRDA:323,65,1,0
BRDA:326,66,0,0
BRDA:326,66,1,0
BRDA:361,67,0,0
BRDA:361,67,1,0
BRDA:372,68,0,0
BRDA:372,68,1,0
BRDA:378,69,0,0
BRDA:378,69,1,0
BRDA:378,70,0,0
BRDA:378,70,1,0
BRDA:378,70,2,0
BRF:148
BRH:26
end_of_record
TN:
SF:src\test-utils.jsx
FN:14,renderWithRouter
FNF:1
FNH:1
FNDA:79,renderWithRouter
DA:15,79
DA:16,79
LF:2
LH:2
BRDA:14,0,0,64
BRDA:14,1,0,69
BRDA:15,2,0,79
BRDA:15,2,1,74
BRF:4
BRH:4
end_of_record
TN:
SF:src\app\Navbar.jsx
FN:11,(anonymous_0)
FN:25,(anonymous_1)
FN:36,(anonymous_2)
FN:37,(anonymous_3)
FN:59,(anonymous_4)
FN:63,(anonymous_5)
FN:66,(anonymous_6)
FN:72,(anonymous_7)
FN:74,(anonymous_8)
FN:76,(anonymous_9)
FN:87,(anonymous_10)
FN:89,(anonymous_11)
FN:91,(anonymous_12)
FN:101,(anonymous_13)
FN:104,(anonymous_14)
FN:109,(anonymous_15)
FN:112,(anonymous_16)
FN:122,(anonymous_17)
FN:134,(anonymous_18)
FN:143,(anonymous_19)
FN:148,(anonymous_20)
FN:152,(anonymous_21)
FN:175,(anonymous_22)
FN:234,(anonymous_23)
FN:234,(anonymous_24)
FN:247,(anonymous_25)
FN:247,(anonymous_26)
FN:286,(anonymous_27)
FN:287,(anonymous_28)
FN:288,(anonymous_29)
FN:351,(anonymous_30)
FN:395,(anonymous_31)
FN:396,(anonymous_32)
FN:397,(anonymous_33)
FN:413,(anonymous_34)
FN:457,(anonymous_35)
FN:474,(anonymous_36)
FN:505,(anonymous_37)
FN:554,(anonymous_38)
FN:554,(anonymous_39)
FN:561,(anonymous_40)
FN:561,(anonymous_41)
FN:571,(anonymous_42)
FN:571,(anonymous_43)
FN:608,(anonymous_44)
FN:609,(anonymous_45)
FN:610,(anonymous_46)
FN:673,(anonymous_47)
FN:722,(anonymous_48)
FN:723,(anonymous_49)
FN:724,(anonymous_50)
FN:738,(anonymous_51)
FN:785,(anonymous_52)
FN:802,(anonymous_53)
FN:833,(anonymous_54)
FN:875,(anonymous_55)
FNF:56
FNH:19
FNDA:26,(anonymous_0)
FNDA:13,(anonymous_1)
FNDA:13,(anonymous_2)
FNDA:14,(anonymous_3)
FNDA:13,(anonymous_4)
FNDA:13,(anonymous_5)
FNDA:52,(anonymous_6)
FNDA:13,(anonymous_7)
FNDA:1,(anonymous_8)
FNDA:53,(anonymous_9)
FNDA:37,(anonymous_10)
FNDA:5,(anonymous_11)
FNDA:153,(anonymous_12)
FNDA:13,(anonymous_13)
FNDA:52,(anonymous_14)
FNDA:2,(anonymous_15)
FNDA:0,(anonymous_16)
FNDA:13,(anonymous_17)
FNDA:0,(anonymous_18)
FNDA:0,(anonymous_19)
FNDA:0,(anonymous_20)
FNDA:0,(anonymous_21)
FNDA:0,(anonymous_22)
FNDA:0,(anonymous_23)
FNDA:0,(anonymous_24)
FNDA:0,(anonymous_25)
FNDA:0,(anonymous_26)
FNDA:0,(anonymous_27)
FNDA:0,(anonymous_28)
FNDA:0,(anonymous_29)
FNDA:0,(anonymous_30)
FNDA:0,(anonymous_31)
FNDA:0,(anonymous_32)
FNDA:0,(anonymous_33)
FNDA:0,(anonymous_34)
FNDA:0,(anonymous_35)
FNDA:0,(anonymous_36)
FNDA:0,(anonymous_37)
FNDA:0,(anonymous_38)
FNDA:0,(anonymous_39)
FNDA:0,(anonymous_40)
FNDA:0,(anonymous_41)
FNDA:0,(anonymous_42)
FNDA:0,(anonymous_43)
FNDA:0,(anonymous_44)
FNDA:0,(anonymous_45)
FNDA:5,(anonymous_46)
FNDA:2,(anonymous_47)
FNDA:0,(anonymous_48)
FNDA:0,(anonymous_49)
FNDA:0,(anonymous_50)
FNDA:0,(anonymous_51)
FNDA:0,(anonymous_52)
FNDA:0,(anonymous_53)
FNDA:0,(anonymous_54)
FNDA:0,(anonymous_55)
DA:11,2
DA:12,26
DA:13,26
DA:14,26
DA:15,26
DA:16,26
DA:17,26
DA:18,26
DA:19,26
DA:21,26
DA:22,26
DA:25,26
DA:26,13
DA:29,13
DA:30,0
DA:31,0
DA:36,26
DA:37,13
DA:38,14
DA:39,14
DA:40,14
DA:43,5
DA:44,5
DA:48,0
DA:51,0
DA:55,13
DA:58,13
DA:59,13
DA:63,26
DA:64,13
DA:65,13
DA:66,52
DA:67,13
DA:68,13
DA:72,26
DA:73,13
DA:74,13
DA:75,13
DA:76,53
DA:80,13
DA:83,13
DA:87,26
DA:88,37
DA:89,37
DA:90,37
DA:91,153
DA:94,37
DA:97,37
DA:101,26
DA:102,13
DA:103,13
DA:104,52
DA:105,13
DA:106,13
DA:109,26
DA:112,26
DA:113,0
DA:114,0
DA:116,0
DA:117,0
DA:122,26
DA:123,13
DA:124,13
DA:125,13
DA:126,13
DA:128,13
DA:129,13
DA:130,13
DA:131,13
DA:134,26
DA:135,0
DA:136,0
DA:137,0
DA:138,0
DA:139,0
DA:141,0
DA:145,0
DA:146,0
DA:148,0
DA:152,26
DA:153,0
DA:154,0
DA:155,0
DA:156,0
DA:157,0
DA:158,0
DA:159,0
DA:160,0
DA:161,0
DA:162,0
DA:163,0
DA:164,0
DA:165,0
DA:167,0
DA:170,0
DA:171,0
DA:175,26
DA:176,0
DA:179,26
DA:180,26
DA:181,26
DA:183,26
DA:234,0
DA:247,0
DA:286,0
DA:287,0
DA:289,0
DA:290,0
DA:352,0
DA:395,0
DA:396,0
DA:398,0
DA:399,0
DA:414,0
DA:415,0
DA:416,0
DA:417,0
DA:418,0
DA:419,0
DA:420,0
DA:421,0
DA:422,0
DA:423,0
DA:424,0
DA:425,0
DA:426,0
DA:458,0
DA:459,0
DA:475,0
DA:476,0
DA:505,0
DA:554,0
DA:561,0
DA:571,0
DA:608,0
DA:609,0
DA:611,5
DA:612,5
DA:674,2
DA:722,0
DA:723,0
DA:725,0
DA:726,0
DA:739,0
DA:740,0
DA:741,0
DA:742,0
DA:743,0
DA:744,0
DA:745,0
DA:746,0
DA:747,0
DA:748,0
DA:749,0
DA:750,0
DA:751,0
DA:786,0
DA:787,0
DA:803,0
DA:804,0
DA:833,0
DA:875,0
LF:162
LH:71
BRDA:29,0,0,0
BRDA:29,0,1,13
BRDA:29,1,0,13
BRDA:29,1,1,0
BRDA:38,2,0,14
BRDA:38,2,1,0
BRDA:43,3,0,5
BRDA:43,3,1,0
BRDA:44,4,0,5
BRDA:44,4,1,4
BRDA:65,5,0,0
BRDA:65,5,1,13
BRDA:66,6,0,39
BRDA:66,6,1,13
BRDA:76,7,0,39
BRDA:76,7,1,14
BRDA:91,8,0,111
BRDA:91,8,1,42
BRDA:103,9,0,0
BRDA:103,9,1,13
BRDA:104,10,0,26
BRDA:104,10,1,26
BRDA:113,11,0,0
BRDA:113,11,1,0
BRDA:113,12,0,0
BRDA:113,12,1,0
BRDA:116,13,0,0
BRDA:116,13,1,0
BRDA:116,14,0,0
BRDA:116,14,1,0
BRDA:136,15,0,0
BRDA:136,15,1,0
BRDA:138,16,0,0
BRDA:138,16,1,0
BRDA:155,17,0,0
BRDA:155,17,1,0
BRDA:180,18,0,0
BRDA:180,18,1,26
BRDA:181,19,0,0
BRDA:181,19,1,26
BRDA:205,20,0,26
BRDA:205,20,1,0
BRDA:205,21,0,1
BRDA:205,21,1,25
BRDA:214,22,0,0
BRDA:214,22,1,26
BRDA:214,23,0,0
BRDA:214,23,1,26
BRDA:220,24,0,26
BRDA:220,24,1,26
BRDA:220,24,2,0
BRDA:249,25,0,0
BRDA:249,25,1,0
BRDA:265,26,0,0
BRDA:265,26,1,0
BRDA:299,27,0,0
BRDA:299,27,1,0
BRDA:350,28,0,0
BRDA:350,28,1,0
BRDA:351,29,0,0
BRDA:351,29,1,0
BRDA:415,30,0,0
BRDA:415,30,1,0
BRDA:415,31,0,0
BRDA:415,31,1,0
BRDA:419,32,0,0
BRDA:419,32,1,0
BRDA:432,33,0,0
BRDA:432,33,1,0
BRDA:463,34,0,0
BRDA:463,34,1,0
BRDA:538,35,0,26
BRDA:538,35,1,26
BRDA:538,35,2,26
BRDA:573,36,0,26
BRDA:573,36,1,1
BRDA:589,37,0,0
BRDA:589,37,1,1
BRDA:621,38,0,26
BRDA:621,38,1,12
BRDA:672,39,0,12
BRDA:672,39,1,2
BRDA:673,40,0,12
BRDA:673,40,1,2
BRDA:740,41,0,0
BRDA:740,41,1,0
BRDA:740,42,0,0
BRDA:740,42,1,0
BRDA:744,43,0,0
BRDA:744,43,1,0
BRDA:760,44,0,26
BRDA:760,44,1,0
BRDA:791,45,0,0
BRDA:791,45,1,0
BRDA:868,46,0,26
BRDA:868,46,1,0
BRF:96
BRH:39
end_of_record
TN:
SF:src\app\api.js
FN:1,request
FN:11,(anonymous_1)
FN:20,(anonymous_2)
FN:21,(anonymous_3)
FN:22,(anonymous_4)
FN:23,(anonymous_5)
FNF:6
FNH:0
FNDA:0,request
FNDA:0,(anonymous_1)
FNDA:0,(anonymous_2)
FNDA:0,(anonymous_3)
FNDA:0,(anonymous_4)
FNDA:0,(anonymous_5)
DA:2,0
DA:8,0
DA:9,0
DA:10,0
DA:11,0
DA:12,0
DA:15,0
DA:16,0
DA:19,0
DA:20,0
DA:21,0
DA:22,0
DA:23,0
LF:13
LH:0
BRDA:5,0,0,0
BRDA:5,0,1,0
BRDA:6,1,0,0
BRDA:6,1,1,0
BRDA:9,2,0,0
BRDA:9,2,1,0
BRDA:16,3,0,0
BRDA:16,3,1,0
BRF:8
BRH:0
end_of_record
TN:
SF:src\app\constants.js
FNF:0
FNH:0
DA:6,20
DA:190,20
DA:191,0
DA:193,20
LF:4
LH:3
BRDA:190,0,0,0
BRDA:190,0,1,20
BRF:2
BRH:1
end_of_record
TN:
SF:src\app\helpers.js
FN:14,suggestionsByLabel
FN:23,toCapitalNotation
FN:27,(anonymous_2)
FN:48,filterData
FN:53,(anonymous_4)
FN:104,(anonymous_5)
FN:110,(anonymous_6)
FN:112,(anonymous_7)
FN:114,(anonymous_8)
FN:123,(anonymous_9)
FN:127,(anonymous_10)
FN:128,(anonymous_11)
FN:143,(anonymous_12)
FN:145,(anonymous_13)
FN:146,(anonymous_14)
FN:148,(anonymous_15)
FN:170,getTruncatedTitle
FN:185,calculateDropdownWidth
FN:189,(anonymous_18)
FN:204,createEmptyTiersObject
FN:207,(anonymous_20)
FNF:21
FNH:18
FNDA:20,suggestionsByLabel
FNDA:344,toCapitalNotation
FNDA:343,(anonymous_2)
FNDA:15,filterData
FNDA:10,(anonymous_4)
FNDA:0,(anonymous_5)
FNDA:6,(anonymous_6)
FNDA:3,(anonymous_7)
FNDA:2,(anonymous_8)
FNDA:10,(anonymous_9)
FNDA:84,(anonymous_10)
FNDA:1,(anonymous_11)
FNDA:0,(anonymous_12)
FNDA:48,(anonymous_13)
FNDA:1,(anonymous_14)
FNDA:0,(anonymous_15)
FNDA:11,getTruncatedTitle
FNDA:16,calculateDropdownWidth
FNDA:31,(anonymous_18)
FNDA:30,createEmptyTiersObject
FNDA:180,(anonymous_20)
DA:15,20
DA:24,344
DA:25,341
DA:27,343
DA:49,15
DA:51,15
DA:53,14
DA:54,10
DA:55,9
DA:56,9
DA:57,9
DA:58,9
DA:60,9
DA:62,0
DA:63,0
DA:64,0
DA:65,0
DA:66,0
DA:67,0
DA:68,0
DA:69,0
DA:70,0
DA:71,0
DA:72,0
DA:73,0
DA:74,0
DA:75,0
DA:76,0
DA:77,0
DA:78,0
DA:79,0
DA:80,0
DA:81,0
DA:82,0
DA:83,0
DA:84,0
DA:85,0
DA:89,0
DA:90,0
DA:91,0
DA:94,14
DA:95,14
DA:96,84
DA:98,79
DA:99,14
DA:100,2
DA:101,2
DA:102,2
DA:103,2
DA:104,2
DA:105,2
DA:108,13
DA:109,4
DA:110,6
DA:111,4
DA:112,3
DA:114,2
DA:118,10
DA:119,10
DA:123,14
DA:124,10
DA:127,14
DA:128,84
DA:129,1
DA:130,1
DA:131,1
DA:132,0
DA:133,0
DA:134,0
DA:135,0
DA:139,14
DA:140,14
DA:141,6
DA:143,8
DA:144,8
DA:145,8
DA:146,48
DA:147,1
DA:148,1
DA:149,0
DA:150,0
DA:151,0
DA:152,0
DA:159,14
DA:160,14
DA:161,14
DA:171,11
DA:172,11
DA:173,11
DA:186,16
DA:189,15
DA:190,31
DA:191,31
DA:192,31
DA:193,31
DA:194,31
DA:197,15
DA:205,30
DA:206,30
DA:207,30
DA:208,180
DA:210,30
LF:102
LH:67
BRDA:24,0,0,3
BRDA:24,0,1,341
BRDA:51,1,0,1
BRDA:51,1,1,14
BRDA:54,2,0,1
BRDA:54,2,1,9
BRDA:60,3,0,9
BRDA:60,3,1,0
BRDA:62,4,0,0
BRDA:62,4,1,0
BRDA:65,5,0,0
BRDA:65,5,1,0
BRDA:69,6,0,0
BRDA:69,6,1,0
BRDA:73,7,0,0
BRDA:73,7,1,0
BRDA:77,8,0,0
BRDA:77,8,1,0
BRDA:81,9,0,0
BRDA:81,9,1,0
BRDA:82,10,0,0
BRDA:82,10,1,0
BRDA:83,11,0,0
BRDA:83,11,1,0
BRDA:89,12,0,0
BRDA:89,12,1,0
BRDA:89,13,0,0
BRDA:89,13,1,0
BRDA:90,14,0,0
BRDA:90,14,1,0
BRDA:90,15,0,0
BRDA:90,15,1,0
BRDA:96,16,0,5
BRDA:96,16,1,79
BRDA:96,17,0,84
BRDA:96,17,1,84
BRDA:99,18,0,2
BRDA:99,18,1,12
BRDA:102,19,0,1
BRDA:102,19,1,1
BRDA:102,20,0,2
BRDA:102,20,1,2
BRDA:103,21,0,0
BRDA:103,21,1,2
BRDA:103,22,0,2
BRDA:103,22,1,1
BRDA:103,22,2,0
BRDA:103,22,3,0
BRDA:104,23,0,0
BRDA:104,23,1,2
BRDA:104,24,0,2
BRDA:104,24,1,1
BRDA:104,24,2,0
BRDA:104,24,3,0
BRDA:105,25,0,1
BRDA:105,25,1,1
BRDA:108,26,0,4
BRDA:108,26,1,9
BRDA:108,27,0,13
BRDA:108,27,1,13
BRDA:109,28,0,0
BRDA:109,28,1,4
BRDA:109,29,0,4
BRDA:109,29,1,4
BRDA:111,30,0,2
BRDA:111,30,1,2
BRDA:112,31,0,2
BRDA:112,31,1,0
BRDA:114,32,0,1
BRDA:114,32,1,1
BRDA:118,33,0,0
BRDA:118,33,1,10
BRDA:129,34,0,0
BRDA:129,34,1,1
BRDA:130,35,0,0
BRDA:130,35,1,1
BRDA:131,36,0,1
BRDA:131,36,1,0
BRDA:132,37,0,0
BRDA:132,37,1,0
BRDA:133,38,0,0
BRDA:133,38,1,0
BRDA:134,39,0,0
BRDA:134,39,1,0
BRDA:135,40,0,0
BRDA:135,40,1,0
BRDA:135,41,0,0
BRDA:135,41,1,0
BRDA:140,42,0,6
BRDA:140,42,1,8
BRDA:147,43,0,1
BRDA:147,43,1,0
BRDA:150,44,0,0
BRDA:150,44,1,0
BRDA:150,45,0,0
BRDA:150,45,1,0
BRDA:171,46,0,3
BRDA:171,46,1,8
BRDA:173,47,0,10
BRDA:173,47,1,1
BRDA:185,48,0,2
BRDA:185,49,0,6
BRDA:185,50,0,2
BRDA:185,51,0,6
BRDA:186,52,0,1
BRDA:186,52,1,15
BRDA:190,53,0,5
BRDA:190,53,1,26
BRDA:191,54,0,31
BRDA:191,54,1,26
BRDA:192,55,0,13
BRDA:192,55,1,18
BRDA:193,56,0,13
BRDA:193,56,1,18
BRDA:194,57,0,9
BRDA:194,57,1,22
BRF:116
BRH:64
end_of_record
TN:
SF:src\app\vitals.js
FN:7,shouldSample
FN:14,enqueue
FN:26,flush
FN:43,initVitals
FNF:4
FNH:0
FNDA:0,shouldSample
FNDA:0,enqueue
FNDA:0,flush
FNDA:0,initVitals
DA:3,0
DA:4,0
DA:8,0
DA:11,0
DA:12,0
DA:15,0
DA:21,0
DA:22,0
DA:27,0
DA:28,0
DA:29,0
DA:30,0
DA:31,0
DA:32,0
DA:34,0
DA:44,0
DA:45,0
DA:46,0
DA:47,0
DA:48,0
LF:20
LH:0
BRDA:17,0,0,0
BRDA:17,0,1,0
BRDA:21,1,0,0
BRDA:21,1,1,0
BRDA:28,2,0,0
BRDA:28,2,1,0
BRDA:31,3,0,0
BRDA:31,3,1,0
BRDA:44,4,0,0
BRDA:44,4,1,0
BRF:10
BRH:0
end_of_record
TN:
SF:src\app\components\CardsContainer.jsx
FN:6,CardsContainer
FN:7,(anonymous_1)
FN:28,(anonymous_2)
FN:83,(anonymous_3)
FNF:4
FNH:0
FNDA:0,CardsContainer
FNDA:0,(anonymous_1)
FNDA:0,(anonymous_2)
FNDA:0,(anonymous_3)
DA:7,0
DA:8,0
DA:11,0
DA:17,0
DA:22,0
DA:28,0
DA:29,0
DA:35,0
DA:84,0
LF:9
LH:0
BRDA:6,0,0,0
BRDA:7,1,0,0
BRDA:7,1,1,0
BRDA:47,2,0,0
BRDA:47,2,1,0
BRDA:48,3,0,0
BRDA:48,3,1,0
BRDA:56,4,0,0
BRDA:56,4,1,0
BRDA:74,5,0,0
BRDA:74,5,1,0
BRDA:74,6,0,0
BRDA:74,6,1,0
BRDA:75,7,0,0
BRDA:75,7,1,0
BRDA:75,8,0,0
BRDA:75,8,1,0
BRDA:77,9,0,0
BRDA:77,9,1,0
BRDA:78,10,0,0
BRDA:78,10,1,0
BRDA:83,11,0,0
BRDA:83,11,1,0
BRDA:99,12,0,0
BRDA:99,12,1,0
BRDA:100,13,0,0
BRDA:100,13,1,0
BRDA:108,14,0,0
BRDA:108,14,1,0
BRF:29
BRH:0
end_of_record
TN:
SF:src\app\components\MediaCard.jsx
FN:4,(anonymous_0)
FN:8,(anonymous_1)
FN:34,(anonymous_2)
FN:55,(anonymous_3)
FN:71,(anonymous_4)
FNF:5
FNH:5
FNDA:15,(anonymous_0)
FNDA:15,(anonymous_1)
FNDA:12,(anonymous_2)
FNDA:1,(anonymous_3)
FNDA:1,(anonymous_4)
DA:4,1
DA:5,15
DA:8,15
DA:9,15
DA:10,15
DA:11,15
DA:13,15
DA:15,0
DA:16,0
DA:17,0
DA:18,15
DA:20,0
DA:21,0
DA:22,0
DA:25,15
DA:26,15
DA:27,15
DA:31,15
DA:34,15
DA:35,12
DA:36,12
DA:39,12
DA:40,1
DA:43,11
DA:46,15
DA:55,1
LF:26
LH:20
BRDA:4,0,0,14
BRDA:13,1,0,0
BRDA:13,1,1,15
BRDA:18,2,0,0
BRDA:18,2,1,15
BRDA:39,3,0,1
BRDA:39,3,1,11
BRDA:52,4,0,3
BRDA:52,4,1,12
BRDA:54,5,0,3
BRDA:54,5,1,12
BRDA:55,6,0,3
BRDA:55,6,1,12
BRDA:59,7,0,3
BRDA:59,7,1,12
BRDA:80,8,0,13
BRDA:80,8,1,2
BRF:17
BRH:15
end_of_record
TN:
SF:src\app\components\SortableCard.jsx
FN:6,SortableCard
FNF:1
FNH:0
FNDA:0,SortableCard
DA:14,0
DA:18,0
DA:27,0
LF:3
LH:0
BRDA:6,0,0,0
BRDA:21,1,0,0
BRDA:21,1,1,0
BRDA:24,2,0,0
BRDA:24,2,1,0
BRF:5
BRH:0
end_of_record
TN:
SF:src\app\components\TagMaker.jsx
FN:6,(anonymous_0)
FN:13,(anonymous_1)
FN:15,(anonymous_2)
FN:21,(anonymous_3)
FN:37,(anonymous_4)
FN:44,(anonymous_5)
FN:47,(anonymous_6)
FN:52,(anonymous_7)
FN:58,(anonymous_8)
FN:60,(anonymous_9)
FN:62,(anonymous_10)
FNF:11
FNH:10
FNDA:33,(anonymous_0)
FNDA:20,(anonymous_1)
FNDA:60,(anonymous_2)
FNDA:21,(anonymous_3)
FNDA:20,(anonymous_4)
FNDA:5,(anonymous_5)
FNDA:4,(anonymous_6)
FNDA:3,(anonymous_7)
FNDA:1,(anonymous_8)
FNDA:1,(anonymous_9)
FNDA:0,(anonymous_10)
DA:6,2
DA:7,33
DA:8,33
DA:10,33
DA:13,33
DA:14,20
DA:15,60
DA:16,20
DA:19,20
DA:20,7
DA:21,7
DA:22,21
DA:23,23
DA:24,8
DA:25,8
DA:29,7
DA:30,7
DA:37,33
DA:38,20
DA:39,7
DA:43,33
DA:45,5
DA:46,5
DA:47,4
DA:49,5
DA:50,2
DA:51,2
DA:52,3
DA:57,33
DA:60,1
DA:61,1
DA:62,1
DA:67,33
DA:68,33
DA:74,33
DA:81,33
DA:89,33
DA:109,0
LF:38
LH:37
BRDA:6,0,0,17
BRDA:6,1,0,33
BRDA:6,2,0,33
BRDA:6,3,0,33
BRDA:14,4,0,20
BRDA:14,4,1,0
BRDA:14,5,0,20
BRDA:14,5,1,20
BRDA:19,6,0,7
BRDA:19,6,1,13
BRDA:19,7,0,20
BRDA:19,7,1,15
BRDA:19,7,2,15
BRDA:23,8,0,8
BRDA:23,8,1,15
BRDA:23,9,0,23
BRDA:23,9,1,19
BRDA:29,10,0,7
BRDA:29,10,1,0
BRDA:38,11,0,7
BRDA:38,11,1,13
BRDA:38,12,0,20
BRDA:38,12,1,15
BRDA:38,12,2,15
BRDA:49,13,0,3
BRDA:49,13,1,2
BRDA:67,14,0,33
BRDA:67,14,1,0
BRDA:67,15,0,33
BRDA:67,15,1,33
BRDA:74,16,0,0
BRDA:74,16,1,33
BRDA:77,17,0,0
BRDA:77,17,1,33
BRDA:81,18,0,0
BRDA:81,18,1,33
BRDA:84,19,0,0
BRDA:84,19,1,33
BRDA:91,20,0,33
BRDA:91,20,1,17
BRF:40
BRH:33
end_of_record
TN:
SF:src\app\components\TierTitle.jsx
FN:7,TierTitle
FN:16,(anonymous_1)
FN:23,(anonymous_2)
FN:24,(anonymous_3)
FN:25,(anonymous_4)
FN:27,(anonymous_5)
FN:46,(anonymous_6)
FN:51,(anonymous_7)
FN:91,(anonymous_8)
FN:107,(anonymous_9)
FN:108,(anonymous_10)
FN:134,(anonymous_11)
FN:144,(anonymous_12)
FN:148,(anonymous_13)
FN:149,(anonymous_14)
FNF:15
FNH:12
FNDA:81,TierTitle
FNDA:55,(anonymous_1)
FNDA:10,(anonymous_2)
FNDA:5,(anonymous_3)
FNDA:1,(anonymous_4)
FNDA:6,(anonymous_5)
FNDA:4,(anonymous_6)
FNDA:0,(anonymous_7)
FNDA:10,(anonymous_8)
FNDA:0,(anonymous_9)
FNDA:0,(anonymous_10)
FNDA:5,(anonymous_11)
FNDA:4,(anonymous_12)
FNDA:2,(anonymous_13)
FNDA:2,(anonymous_14)
DA:9,81
DA:10,81
DA:11,81
DA:12,81
DA:13,81
DA:16,81
DA:17,55
DA:18,54
DA:19,54
DA:23,81
DA:24,81
DA:25,81
DA:27,81
DA:28,6
DA:31,6
DA:32,2
DA:33,2
DA:34,2
DA:35,2
DA:39,4
DA:41,4
DA:47,4
DA:48,4
DA:49,4
DA:52,0
DA:53,0
DA:54,0
DA:58,81
DA:64,81
DA:92,10
DA:93,10
DA:107,0
DA:108,0
DA:135,5
DA:138,5
DA:139,5
DA:140,5
DA:142,5
DA:143,5
DA:144,4
DA:146,2
DA:147,2
DA:148,2
DA:149,2
DA:152,5
LF:45
LH:40
BRDA:7,0,0,57
BRDA:9,1,0,81
BRDA:9,1,1,1
BRDA:9,1,2,0
BRDA:17,2,0,54
BRDA:17,2,1,1
BRDA:19,3,0,44
BRDA:19,3,1,10
BRDA:31,4,0,2
BRDA:31,4,1,4
BRDA:39,5,0,1
BRDA:39,5,1,3
BRDA:49,6,0,4
BRDA:49,6,1,0
BRDA:52,7,0,0
BRDA:52,7,1,0
BRDA:59,8,0,81
BRDA:59,8,1,0
BRDA:66,9,0,25
BRDA:66,9,1,56
BRDA:66,10,0,81
BRDA:66,10,1,25
BRDA:116,11,0,2
BRDA:116,11,1,54
BRDA:119,12,0,2
BRDA:119,12,1,54
BRDA:122,13,0,56
BRDA:122,13,1,54
BRDA:143,14,0,3
BRDA:143,14,1,2
BRDA:147,15,0,1
BRDA:147,15,1,1
BRF:32
BRH:27
end_of_record
TN:
SF:src\app\components\filters\ExtraFilters.jsx
FN:3,(anonymous_0)
FN:14,(anonymous_1)
FN:17,(anonymous_2)
FN:25,(anonymous_3)
FN:51,(anonymous_4)
FN:59,(anonymous_5)
FN:72,(anonymous_6)
FN:79,(anonymous_7)
FN:101,(anonymous_8)
FN:108,(anonymous_9)
FN:125,(anonymous_10)
FN:142,(anonymous_11)
FN:150,(anonymous_12)
FNF:13
FNH:0
FNDA:0,(anonymous_0)
FNDA:0,(anonymous_1)
FNDA:0,(anonymous_2)
FNDA:0,(anonymous_3)
FNDA:0,(anonymous_4)
FNDA:0,(anonymous_5)
FNDA:0,(anonymous_6)
FNDA:0,(anonymous_7)
FNDA:0,(anonymous_8)
FNDA:0,(anonymous_9)
FNDA:0,(anonymous_10)
FNDA:0,(anonymous_11)
FNDA:0,(anonymous_12)
DA:3,1
DA:14,0
DA:16,0
DA:17,0
DA:19,0
DA:21,0
DA:22,0
DA:25,0
DA:26,0
DA:27,0
DA:29,0
DA:31,0
DA:32,0
DA:34,0
DA:37,0
DA:51,0
DA:59,0
DA:73,0
DA:79,0
DA:102,0
DA:108,0
DA:125,0
DA:142,0
DA:150,0
LF:24
LH:1
BRDA:16,0,0,0
BRDA:16,0,1,0
BRDA:26,1,0,0
BRDA:26,1,1,0
BRDA:31,2,0,0
BRDA:31,2,1,0
BRDA:44,3,0,0
BRDA:44,3,1,0
BRDA:141,4,0,0
BRDA:141,4,1,0
BRDA:142,5,0,0
BRDA:142,5,1,0
BRDA:149,6,0,0
BRDA:149,6,1,0
BRDA:150,7,0,0
BRDA:150,7,1,0
BRF:16
BRH:0
end_of_record
TN:
SF:src\app\components\filters\FiltersBar.jsx
FN:33,FiltersBar
FN:81,(anonymous_1)
FN:88,(anonymous_2)
FN:99,(anonymous_3)
FN:115,(anonymous_4)
FN:119,(anonymous_5)
FN:121,(anonymous_6)
FN:126,(anonymous_7)
FN:135,(anonymous_8)
FN:150,(anonymous_9)
FN:177,(anonymous_10)
FN:204,(anonymous_11)
FNF:12
FNH:8
FNDA:21,FiltersBar
FNDA:17,(anonymous_1)
FNDA:20,(anonymous_2)
FNDA:12,(anonymous_3)
FNDA:0,(anonymous_4)
FNDA:3,(anonymous_5)
FNDA:0,(anonymous_6)
FNDA:3,(anonymous_7)
FNDA:0,(anonymous_8)
FNDA:3,(anonymous_9)
FNDA:0,(anonymous_10)
FNDA:1,(anonymous_11)
DA:75,21
DA:76,21
DA:77,21
DA:78,21
DA:81,21
DA:82,17
DA:83,1
DA:88,21
DA:90,20
DA:91,17
DA:92,17
DA:94,3
DA:96,3
DA:97,3
DA:99,3
DA:100,12
DA:101,0
DA:102,12
DA:105,3
DA:106,3
DA:107,3
DA:108,3
DA:111,3
DA:112,3
DA:113,3
DA:115,0
DA:117,3
DA:118,3
DA:119,3
DA:120,3
DA:121,0
DA:122,3
DA:124,3
DA:125,3
DA:126,3
DA:127,3
DA:128,3
DA:129,3
DA:131,0
DA:132,0
DA:133,0
DA:135,0
DA:137,0
DA:138,0
DA:139,0
DA:140,0
DA:143,0
DA:146,3
DA:150,21
DA:151,3
DA:152,3
DA:153,3
DA:154,3
DA:155,3
DA:156,3
DA:157,3
DA:158,3
DA:159,3
DA:161,3
DA:162,3
DA:165,3
DA:166,3
DA:167,3
DA:168,3
DA:169,3
DA:170,3
DA:171,3
DA:172,3
DA:173,3
DA:177,21
DA:178,0
DA:179,0
DA:180,0
DA:183,21
DA:204,1
LF:75
LH:60
BRDA:36,0,0,0
BRDA:73,1,0,0
BRDA:82,2,0,1
BRDA:82,2,1,16
BRDA:90,3,0,17
BRDA:90,3,1,3
BRDA:94,4,0,0
BRDA:94,4,1,3
BRDA:100,5,0,0
BRDA:100,5,1,12
BRDA:101,6,0,0
BRDA:101,6,1,0
BRDA:102,7,0,0
BRDA:102,7,1,12
BRDA:113,8,0,0
BRDA:113,8,1,3
BRDA:115,9,0,0
BRDA:115,9,1,3
BRDA:117,10,0,3
BRDA:117,10,1,0
BRDA:117,11,0,3
BRDA:117,11,1,3
BRDA:120,12,0,3
BRDA:120,12,1,0
BRDA:122,13,0,3
BRDA:122,13,1,0
BRDA:129,14,0,3
BRDA:129,14,1,0
BRDA:131,15,0,0
BRDA:131,15,1,0
BRDA:132,16,0,0
BRDA:132,16,1,0
BRDA:133,17,0,0
BRDA:133,17,1,0
BRDA:146,18,0,3
BRDA:146,18,1,0
BRDA:158,19,0,3
BRDA:158,19,1,0
BRDA:178,20,0,0
BRDA:178,20,1,0
BRDA:207,21,0,5
BRDA:207,21,1,16
BRDA:218,22,0,21
BRDA:218,22,1,0
BRDA:223,23,0,21
BRDA:223,23,1,5
BRF:46
BRH:22
end_of_record
TN:
SF:src\app\components\filters\SearchBar.jsx
FN:7,(anonymous_0)
FN:17,(anonymous_1)
FN:21,onChange
FN:26,(anonymous_3)
FN:32,(anonymous_4)
FNF:5
FNH:2
FNDA:8,(anonymous_0)
FNDA:7,(anonymous_1)
FNDA:0,onChange
FNDA:0,(anonymous_3)
FNDA:0,(anonymous_4)
DA:7,2
DA:8,8
DA:9,8
DA:10,8
DA:11,8
DA:12,24
DA:13,6
DA:17,8
DA:18,7
DA:22,0
DA:25,8
DA:27,0
DA:31,8
DA:36,8
DA:37,8
LF:15
LH:13
BRDA:7,0,0,4
BRDA:42,1,0,8
BRDA:42,1,1,0
BRDA:42,2,0,8
BRDA:42,2,1,8
BRF:5
BRH:4
end_of_record
TN:
SF:src\app\components\filters\TagFilter.jsx
FN:5,(anonymous_0)
FN:11,(anonymous_1)
FN:20,(anonymous_2)
FN:21,(anonymous_3)
FNF:4
FNH:1
FNDA:8,(anonymous_0)
FNDA:0,(anonymous_1)
FNDA:0,(anonymous_2)
FNDA:0,(anonymous_3)
DA:5,2
DA:7,8
DA:10,8
DA:12,0
DA:13,0
DA:14,0
DA:19,8
DA:21,0
DA:22,0
DA:23,0
DA:28,8
LF:11
LH:5
BRF:0
BRH:0
end_of_record
TN:
SF:src\app\components\filters\TimeFilter.jsx
FN:3,(anonymous_0)
FN:4,(anonymous_1)
FNF:2
FNH:1
FNDA:4,(anonymous_0)
FNDA:0,(anonymous_1)
DA:3,1
DA:4,4
DA:5,0
DA:6,0
DA:9,4
LF:5
LH:3
BRF:0
BRH:0
end_of_record
TN:
SF:src\app\components\modals\DeleteModal.jsx
FN:4,DeleteModal
FN:11,(anonymous_1)
FN:16,(anonymous_2)
FN:21,(anonymous_3)
FN:32,(anonymous_4)
FN:36,(anonymous_5)
FN:37,(anonymous_6)
FN:46,(anonymous_7)
FN:50,(anonymous_8)
FN:51,(anonymous_9)
FN:68,(anonymous_10)
FN:72,(anonymous_11)
FN:73,(anonymous_12)
FN:80,(anonymous_13)
FN:84,(anonymous_14)
FN:85,(anonymous_15)
FNF:16
FNH:7
FNDA:17,DeleteModal
FNDA:2,(anonymous_1)
FNDA:6,(anonymous_2)
FNDA:1,(anonymous_3)
FNDA:6,(anonymous_4)
FNDA:0,(anonymous_5)
FNDA:0,(anonymous_6)
FNDA:0,(anonymous_7)
FNDA:0,(anonymous_8)
FNDA:0,(anonymous_9)
FNDA:2,(anonymous_10)
FNDA:0,(anonymous_11)
FNDA:0,(anonymous_12)
FNDA:1,(anonymous_13)
FNDA:0,(anonymous_14)
FNDA:0,(anonymous_15)
DA:5,17
DA:6,17
DA:7,17
DA:9,17
DA:11,17
DA:12,2
DA:13,2
DA:16,17
DA:17,6
DA:18,6
DA:21,17
DA:22,1
DA:23,1
DA:24,1
DA:27,17
DA:33,6
DA:34,6
DA:36,0
DA:37,0
DA:47,0
DA:48,0
DA:50,0
DA:51,0
DA:69,2
DA:70,2
DA:72,0
DA:73,0
DA:81,1
DA:82,1
DA:84,0
DA:85,0
LF:31
LH:21
BRDA:7,0,0,15
BRDA:7,0,1,2
BRDA:9,1,0,15
BRDA:9,1,1,2
BRDA:13,2,0,1
BRDA:13,2,1,1
BRDA:18,3,0,1
BRDA:18,3,1,5
BRDA:23,4,0,0
BRDA:23,4,1,1
BRF:10
BRH:9
end_of_record
TN:
SF:src\app\components\modals\DuplicateModal.jsx
FN:4,DuplicateModal
FNF:1
FNH:0
FNDA:0,DuplicateModal
DA:5,0
LF:1
LH:0
BRF:0
BRH:0
end_of_record
TN:
SF:src\app\components\modals\EditListModal.jsx
FN:6,EditListModal
FN:11,(anonymous_1)
FN:18,(anonymous_2)
FN:24,(anonymous_3)
FN:54,(anonymous_4)
FN:63,(anonymous_5)
FNF:6
FNH:6
FNDA:27,EditListModal
FNDA:19,(anonymous_1)
FNDA:2,(anonymous_2)
FNDA:2,(anonymous_3)
FNDA:1,(anonymous_4)
FNDA:2,(anonymous_5)
DA:4,2
DA:7,27
DA:8,27
DA:11,27
DA:12,19
DA:13,14
DA:14,14
DA:18,27
DA:19,2
DA:20,2
DA:21,2
DA:24,27
DA:25,2
DA:26,2
DA:29,27
DA:54,1
DA:63,2
LF:17
LH:17
BRDA:6,0,0,0
BRDA:6,1,0,0
BRDA:7,2,0,27
BRDA:7,2,1,19
BRDA:12,3,0,14
BRDA:12,3,1,5
BRDA:13,4,0,14
BRDA:13,4,1,9
BRDA:20,5,0,2
BRDA:20,5,1,2
BRDA:45,6,0,3
BRDA:45,6,1,24
BRDA:59,7,0,27
BRDA:59,7,1,26
BRDA:66,8,0,5
BRDA:66,8,1,21
BRDA:69,9,0,5
BRDA:69,9,1,21
BRF:18
BRH:16
end_of_record
TN:
SF:src\app\components\modals\ImportModal.jsx
FN:6,ImportModal
FN:15,(anonymous_1)
FN:26,(anonymous_2)
FN:35,(anonymous_3)
FN:62,(anonymous_4)
FN:71,(anonymous_5)
FN:74,(anonymous_6)
FN:80,(anonymous_7)
FN:92,(anonymous_8)
FN:92,(anonymous_9)
FN:92,(anonymous_10)
FN:112,(anonymous_11)
FN:127,(anonymous_12)
FN:136,(anonymous_13)
FN:178,(anonymous_14)
FN:198,(anonymous_15)
FN:205,(anonymous_16)
FN:213,(anonymous_17)
FN:299,(anonymous_18)
FN:302,(anonymous_19)
FN:305,(anonymous_20)
FN:306,(anonymous_21)
FN:337,(anonymous_22)
FNF:23
FNH:0
FNDA:0,ImportModal
FNDA:0,(anonymous_1)
FNDA:0,(anonymous_2)
FNDA:0,(anonymous_3)
FNDA:0,(anonymous_4)
FNDA:0,(anonymous_5)
FNDA:0,(anonymous_6)
FNDA:0,(anonymous_7)
FNDA:0,(anonymous_8)
FNDA:0,(anonymous_9)
FNDA:0,(anonymous_10)
FNDA:0,(anonymous_11)
FNDA:0,(anonymous_12)
FNDA:0,(anonymous_13)
FNDA:0,(anonymous_14)
FNDA:0,(anonymous_15)
FNDA:0,(anonymous_16)
FNDA:0,(anonymous_17)
FNDA:0,(anonymous_18)
FNDA:0,(anonymous_19)
FNDA:0,(anonymous_20)
FNDA:0,(anonymous_21)
FNDA:0,(anonymous_22)
DA:7,0
DA:8,0
DA:9,0
DA:10,0
DA:11,0
DA:12,0
DA:13,0
DA:15,0
DA:16,0
DA:17,0
DA:18,0
DA:19,0
DA:20,0
DA:21,0
DA:22,0
DA:23,0
DA:26,0
DA:27,0
DA:28,0
DA:29,0
DA:30,0
DA:31,0
DA:35,0
DA:36,0
DA:37,0
DA:38,0
DA:40,0
DA:41,0
DA:42,0
DA:44,0
DA:45,0
DA:46,0
DA:47,0
DA:49,0
DA:51,0
DA:52,0
DA:53,0
DA:55,0
DA:58,0
DA:59,0
DA:62,0
DA:63,0
DA:65,0
DA:66,0
DA:67,0
DA:68,0
DA:70,0
DA:71,0
DA:72,0
DA:73,0
DA:74,0
DA:76,0
DA:77,0
DA:80,0
DA:81,0
DA:82,0
DA:84,0
DA:85,0
DA:86,0
DA:92,0
DA:94,0
DA:104,0
DA:105,0
DA:110,0
DA:112,0
DA:113,0
DA:114,0
DA:116,0
DA:121,0
DA:123,0
DA:124,0
DA:127,0
DA:128,0
DA:129,0
DA:131,0
DA:133,0
DA:136,0
DA:138,0
DA:139,0
DA:141,0
DA:144,0
DA:146,0
DA:147,0
DA:148,0
DA:150,0
DA:151,0
DA:152,0
DA:154,0
DA:155,0
DA:158,0
DA:160,0
DA:162,0
DA:163,0
DA:164,0
DA:166,0
DA:169,0
DA:171,0
DA:178,0
DA:184,0
DA:185,0
DA:187,0
DA:188,0
DA:189,0
DA:194,0
DA:195,0
DA:196,0
DA:198,0
DA:199,0
DA:200,0
DA:201,0
DA:203,0
DA:204,0
DA:205,0
DA:209,0
DA:210,0
DA:213,0
DA:214,0
DA:217,0
DA:218,0
DA:219,0
DA:222,0
DA:223,0
DA:224,0
DA:225,0
DA:227,0
DA:231,0
DA:232,0
DA:235,0
DA:238,0
DA:300,0
DA:302,0
DA:305,0
DA:306,0
DA:337,0
LF:134
LH:0
BRDA:16,0,0,0
BRDA:16,0,1,0
BRDA:27,1,0,0
BRDA:27,1,1,0
BRDA:27,2,0,0
BRDA:27,2,1,0
BRDA:44,3,0,0
BRDA:44,3,1,0
BRDA:45,4,0,0
BRDA:45,4,1,0
BRDA:45,5,0,0
BRDA:45,5,1,0
BRDA:51,6,0,0
BRDA:51,6,1,0
BRDA:51,7,0,0
BRDA:51,7,1,0
BRDA:63,8,0,0
BRDA:63,8,1,0
BRDA:76,9,0,0
BRDA:76,9,1,0
BRDA:104,10,0,0
BRDA:104,10,1,0
BRDA:110,11,0,0
BRDA:110,11,1,0
BRDA:113,12,0,0
BRDA:113,12,1,0
BRDA:131,13,0,0
BRDA:131,13,1,0
BRDA:133,14,0,0
BRDA:133,14,1,0
BRDA:133,15,0,0
BRDA:133,15,1,0
BRDA:136,16,0,0
BRDA:136,16,1,0
BRDA:136,17,0,0
BRDA:136,17,1,0
BRDA:141,18,0,0
BRDA:141,18,1,0
BRDA:141,19,0,0
BRDA:141,19,1,0
BRDA:147,20,0,0
BRDA:147,20,1,0
BRDA:150,21,0,0
BRDA:150,21,1,0
BRDA:151,22,0,0
BRDA:151,22,1,0
BRDA:155,23,0,0
BRDA:155,23,1,0
BRDA:162,24,0,0
BRDA:162,24,1,0
BRDA:162,25,0,0
BRDA:162,25,1,0
BRDA:163,26,0,0
BRDA:163,26,1,0
BRDA:166,27,0,0
BRDA:166,27,1,0
BRDA:166,28,0,0
BRDA:166,28,1,0
BRDA:189,29,0,0
BRDA:189,29,1,0
BRDA:199,30,0,0
BRDA:199,30,1,0
BRDA:201,31,0,0
BRDA:201,31,1,0
BRDA:203,32,0,0
BRDA:203,32,1,0
BRDA:214,33,0,0
BRDA:214,33,1,0
BRDA:227,34,0,0
BRDA:227,34,1,0
BRDA:245,35,0,0
BRDA:245,35,1,0
BRDA:246,36,0,0
BRDA:246,36,1,0
BRDA:263,37,0,0
BRDA:263,37,1,0
BRDA:263,38,0,0
BRDA:263,38,1,0
BRDA:278,39,0,0
BRDA:278,39,1,0
BRDA:294,40,0,0
BRDA:294,40,1,0
BRDA:333,41,0,0
BRDA:333,41,1,0
BRF:84
BRH:0
end_of_record
TN:
SF:src\app\components\modals\Modal.jsx
FN:17,Modal
FN:35,(anonymous_1)
FN:45,(anonymous_2)
FN:63,(anonymous_3)
FNF:4
FNH:3
FNDA:100,Modal
FNDA:0,(anonymous_1)
FNDA:1,(anonymous_2)
FNDA:20,(anonymous_3)
DA:31,100
DA:32,100
DA:35,100
DA:36,0
DA:37,0
DA:41,100
DA:43,100
DA:45,73
DA:46,1
DA:47,1
DA:51,73
DA:53,73
DA:63,20
LF:13
LH:11
BRDA:23,0,0,12
BRDA:24,1,0,100
BRDA:26,2,0,96
BRDA:28,3,0,99
BRDA:32,4,0,100
BRDA:32,4,1,83
BRDA:36,5,0,0
BRDA:36,5,1,0
BRDA:36,6,0,0
BRDA:36,6,1,0
BRDA:43,7,0,27
BRDA:43,7,1,73
BRDA:46,8,0,1
BRDA:46,8,1,0
BRDA:51,9,0,0
BRDA:51,9,1,73
BRDA:66,10,0,1
BRDA:66,10,1,72
BRDA:73,11,0,72
BRDA:73,11,1,71
BRDA:86,12,0,73
BRDA:86,12,1,35
BRF:22
BRH:16
end_of_record
TN:
SF:src\app\components\modals\NewTypeModal.jsx
FN:6,NewTypeModal
FN:9,(anonymous_1)
FN:14,(anonymous_2)
FN:37,(anonymous_3)
FNF:4
FNH:4
FNDA:17,NewTypeModal
FNDA:2,(anonymous_1)
FNDA:3,(anonymous_2)
FNDA:4,(anonymous_3)
DA:7,17
DA:9,17
DA:10,2
DA:11,2
DA:14,17
DA:15,3
DA:16,3
DA:17,3
DA:20,17
DA:37,4
LF:10
LH:10
BRF:0
BRH:0
end_of_record
TN:
SF:src\app\components\modals\ShareLinkModal.jsx
FN:8,ShareLinkModal
FN:18,(anonymous_1)
FN:24,(anonymous_2)
FN:34,(anonymous_3)
FN:43,(anonymous_4)
FN:53,(anonymous_5)
FN:61,generateShareLink
FN:67,(anonymous_7)
FN:74,(anonymous_8)
FN:80,revokeShareLink
FN:84,(anonymous_10)
FN:92,(anonymous_11)
FN:97,copyToClipboard
FN:98,(anonymous_13)
FN:100,(anonymous_14)
FN:103,(anonymous_15)
FN:125,(anonymous_16)
FN:137,(anonymous_17)
FN:169,(anonymous_18)
FN:188,(anonymous_19)
FN:198,(anonymous_20)
FNF:21
FNH:13
FNDA:30,ShareLinkModal
FNDA:16,(anonymous_1)
FNDA:16,(anonymous_2)
FNDA:16,(anonymous_3)
FNDA:5,(anonymous_4)
FNDA:0,(anonymous_5)
FNDA:2,generateShareLink
FNDA:2,(anonymous_7)
FNDA:0,(anonymous_8)
FNDA:4,revokeShareLink
FNDA:3,(anonymous_10)
FNDA:0,(anonymous_11)
FNDA:1,copyToClipboard
FNDA:1,(anonymous_13)
FNDA:0,(anonymous_14)
FNDA:0,(anonymous_15)
FNDA:1,(anonymous_16)
FNDA:0,(anonymous_17)
FNDA:1,(anonymous_18)
FNDA:0,(anonymous_19)
FNDA:0,(anonymous_20)
DA:18,30
DA:19,16
DA:20,8
DA:22,8
DA:24,30
DA:25,16
DA:26,8
DA:28,8
DA:30,30
DA:31,30
DA:34,30
DA:35,16
DA:36,13
DA:38,8
DA:39,8
DA:40,5
DA:42,5
DA:44,5
DA:45,0
DA:46,0
DA:48,5
DA:50,5
DA:54,0
DA:55,0
DA:62,2
DA:63,2
DA:68,2
DA:69,2
DA:70,2
DA:71,2
DA:75,0
DA:76,0
DA:81,4
DA:83,3
DA:85,3
DA:87,3
DA:88,3
DA:89,3
DA:93,0
DA:98,1
DA:99,1
DA:100,1
DA:101,0
DA:104,0
DA:108,30
DA:125,1
DA:137,0
DA:169,1
DA:188,0
DA:198,0
LF:50
LH:38
BRDA:12,0,0,0
BRDA:14,1,0,4
BRDA:15,2,0,4
BRDA:19,3,0,8
BRDA:19,3,1,8
BRDA:19,4,0,16
BRDA:19,4,1,8
BRDA:25,5,0,8
BRDA:25,5,1,8
BRDA:25,6,0,16
BRDA:25,6,1,8
BRDA:35,7,0,13
BRDA:35,7,1,3
BRDA:35,8,0,16
BRDA:35,8,1,13
BRDA:36,9,0,8
BRDA:36,9,1,5
BRDA:36,10,0,13
BRDA:36,10,1,8
BRDA:40,11,0,5
BRDA:40,11,1,0
BRDA:44,12,0,0
BRDA:44,12,1,5
BRDA:70,13,0,2
BRDA:70,13,1,0
BRDA:81,14,0,1
BRDA:81,14,1,3
BRDA:88,15,0,3
BRDA:88,15,1,0
BRDA:116,16,0,19
BRDA:116,16,1,11
BRDA:148,17,0,19
BRDA:148,17,1,2
BRDA:148,17,2,18
BRDA:150,18,0,2
BRDA:150,18,1,17
BRDA:167,19,0,1
BRDA:167,19,1,10
BRDA:171,20,0,1
BRDA:171,20,1,10
BRDA:205,21,0,11
BRDA:205,21,1,0
BRDA:205,21,2,11
BRF:43
BRH:37
end_of_record
TN:
SF:src\app\components\stats\TierByTypeChart.jsx
FN:7,(anonymous_0)
FN:36,(anonymous_1)
FN:37,(anonymous_2)
FN:42,(anonymous_3)
FN:43,(anonymous_4)
FN:44,(anonymous_5)
FN:52,(anonymous_6)
FN:54,(anonymous_7)
FN:55,(anonymous_8)
FN:74,(anonymous_9)
FNF:10
FNH:0
FNDA:0,(anonymous_0)
FNDA:0,(anonymous_1)
FNDA:0,(anonymous_2)
FNDA:0,(anonymous_3)
FNDA:0,(anonymous_4)
FNDA:0,(anonymous_5)
FNDA:0,(anonymous_6)
FNDA:0,(anonymous_7)
FNDA:0,(anonymous_8)
FNDA:0,(anonymous_9)
DA:7,0
DA:9,0
DA:10,0
DA:18,0
DA:27,0
DA:28,0
DA:31,0
DA:34,0
DA:36,0
DA:37,0
DA:38,0
DA:39,0
DA:41,0
DA:42,0
DA:43,0
DA:44,0
DA:45,0
DA:46,0
DA:47,0
DA:52,0
DA:55,0
DA:56,0
DA:63,0
DA:68,0
DA:75,0
DA:79,0
LF:26
LH:0
BRDA:9,0,0,0
BRDA:9,0,1,0
BRDA:9,1,0,0
BRDA:9,1,1,0
BRDA:34,2,0,0
BRDA:34,2,1,0
BRDA:39,3,0,0
BRDA:39,3,1,0
BRDA:39,4,0,0
BRDA:39,4,1,0
BRDA:45,5,0,0
BRDA:45,5,1,0
BRDA:45,6,0,0
BRDA:45,6,1,0
BRDA:46,7,0,0
BRDA:46,7,1,0
BRDA:46,8,0,0
BRDA:46,8,1,0
BRDA:56,9,0,0
BRDA:56,9,1,0
BRDA:56,10,0,0
BRDA:56,10,1,0
BRF:22
BRH:0
end_of_record
TN:
SF:src\app\components\stats\TierDistributionChart.jsx
FN:7,(anonymous_0)
FN:22,(anonymous_1)
FN:43,(anonymous_2)
FN:44,(anonymous_3)
FNF:4
FNH:0
FNDA:0,(anonymous_0)
FNDA:0,(anonymous_1)
FNDA:0,(anonymous_2)
FNDA:0,(anonymous_3)
DA:7,0
DA:9,0
DA:10,0
DA:17,0
DA:18,0
DA:21,0
DA:22,0
DA:23,0
DA:24,0
DA:29,0
DA:30,0
DA:37,0
DA:43,0
DA:44,0
DA:50,0
DA:52,0
LF:16
LH:0
BRDA:9,0,0,0
BRDA:9,0,1,0
BRDA:9,1,0,0
BRDA:9,1,1,0
BRDA:23,2,0,0
BRDA:23,2,1,0
BRDA:23,3,0,0
BRDA:23,3,1,0
BRDA:29,4,0,0
BRDA:29,4,1,0
BRF:10
BRH:0
end_of_record
TN:
SF:src\app\components\stats\TotalStats.jsx
FN:4,(anonymous_0)
FN:13,(anonymous_1)
FNF:2
FNH:2
FNDA:11,(anonymous_0)
FNDA:33,(anonymous_1)
DA:4,1
DA:5,11
DA:11,11
DA:14,33
LF:4
LH:4
BRF:0
BRH:0
end_of_record
TN:
SF:src\app\components\stats\TypeDistributionChart.jsx
FN:7,(anonymous_0)
FN:13,(anonymous_1)
FN:45,(anonymous_2)
FN:55,(anonymous_3)
FN:56,(anonymous_4)
FN:66,(anonymous_5)
FN:68,(anonymous_6)
FN:72,(anonymous_7)
FNF:8
FNH:0
FNDA:0,(anonymous_0)
FNDA:0,(anonymous_1)
FNDA:0,(anonymous_2)
FNDA:0,(anonymous_3)
FNDA:0,(anonymous_4)
FNDA:0,(anonymous_5)
FNDA:0,(anonymous_6)
FNDA:0,(anonymous_7)
DA:7,0
DA:8,0
DA:11,0
DA:12,0
DA:13,0
DA:15,0
DA:19,0
DA:20,0
DA:28,0
DA:29,0
DA:42,0
DA:44,0
DA:45,0
DA:46,0
DA:49,0
DA:55,0
DA:56,0
DA:63,0
DA:64,0
DA:66,0
DA:68,0
DA:69,0
DA:72,0
DA:73,0
DA:76,0
DA:97,0
DA:102,0
LF:27
LH:0
BRDA:12,0,0,0
BRDA:12,0,1,0
BRDA:19,1,0,0
BRDA:19,1,1,0
BRDA:19,2,0,0
BRDA:19,2,1,0
BRDA:28,3,0,0
BRDA:28,3,1,0
BRDA:32,4,0,0
BRDA:32,4,1,0
BRDA:32,5,0,0
BRDA:32,5,1,0
BRDA:42,6,0,0
BRDA:42,6,1,0
BRDA:46,7,0,0
BRDA:46,7,1,0
BRDA:68,8,0,0
BRDA:68,8,1,0
BRDA:72,9,0,0
BRDA:72,9,1,0
BRF:20
BRH:0
end_of_record
TN:
SF:src\app\components\stats\YearDistributionChart.jsx
FN:6,(anonymous_0)
FN:17,(anonymous_1)
FN:23,(anonymous_2)
FN:42,(anonymous_3)
FNF:4
FNH:0
FNDA:0,(anonymous_0)
FNDA:0,(anonymous_1)
FNDA:0,(anonymous_2)
FNDA:0,(anonymous_3)
DA:6,0
DA:8,0
DA:9,0
DA:17,0
DA:21,0
DA:23,0
DA:25,0
DA:39,0
DA:40,0
DA:42,0
DA:44,0
DA:45,0
DA:48,0
DA:49,0
DA:52,0
DA:73,0
DA:78,0
LF:17
LH:0
BRDA:8,0,0,0
BRDA:8,0,1,0
BRDA:8,1,0,0
BRDA:8,1,1,0
BRDA:21,2,0,0
BRDA:21,2,1,0
BRDA:44,3,0,0
BRDA:44,3,1,0
BRDA:48,4,0,0
BRDA:48,4,1,0
BRF:10
BRH:0
end_of_record
TN:
SF:src\app\components\stats\chartConfig.js
FN:33,getTypeColor
FN:52,createBarChartOptions
FNF:2
FNH:0
FNDA:0,getTypeColor
FNDA:0,createBarChartOptions
DA:14,0
DA:34,0
DA:35,0
DA:37,0
DA:60,0
LF:5
LH:0
BRDA:34,0,0,0
BRDA:34,0,1,0
BRDA:52,1,0,0
BRDA:54,2,0,0
BRDA:55,3,0,0
BRDA:56,4,0,0
BRDA:66,5,0,0
BRDA:66,5,1,0
BRDA:79,6,0,0
BRDA:79,6,1,0
BRDA:83,7,0,0
BRDA:83,7,1,0
BRDA:101,8,0,0
BRDA:101,8,1,0
BRF:14
BRH:0
end_of_record
TN:
SF:src\app\components\ui\Button.jsx
FN:3,(anonymous_0)
FNF:1
FNH:1
FNDA:10,(anonymous_0)
DA:3,1
DA:12,10
DA:14,10
DA:23,10
DA:30,10
DA:32,10
LF:6
LH:6
BRDA:4,0,0,9
BRDA:5,1,0,8
BRDA:7,2,0,9
BRDA:8,3,0,8
BRDA:9,4,0,9
BRDA:35,5,0,10
BRDA:35,5,1,8
BRDA:38,6,0,10
BRDA:38,6,1,1
BRF:9
BRH:9
end_of_record
TN:
SF:src\app\components\ui\FormInput.jsx
FN:3,(anonymous_0)
FNF:1
FNH:1
FNDA:8,(anonymous_0)
DA:3,1
DA:11,8
DA:13,8
LF:3
LH:3
BRDA:7,0,0,8
BRDA:8,1,0,8
BRDA:11,2,0,2
BRDA:11,2,1,6
BRDA:15,3,0,8
BRDA:15,3,1,1
BRDA:24,4,0,8
BRDA:24,4,1,2
BRDA:27,5,0,8
BRDA:27,5,1,2
BRDA:27,5,2,1
BRF:11
BRH:11
end_of_record
TN:
SF:src\app\components\ui\FormSelect.jsx
FN:3,(anonymous_0)
FN:22,(anonymous_1)
FNF:2
FNH:2
FNDA:8,(anonymous_0)
FNDA:12,(anonymous_1)
DA:3,1
DA:12,8
DA:14,8
DA:23,12
LF:4
LH:4
BRDA:7,0,0,2
BRDA:8,1,0,8
BRDA:9,2,0,8
BRDA:12,3,0,2
BRDA:12,3,1,6
BRDA:16,4,0,8
BRDA:16,4,1,1
BRDA:28,5,0,8
BRDA:28,5,1,2
BRDA:31,6,0,8
BRDA:31,6,1,2
BRDA:31,6,2,1
BRF:12
BRH:12
end_of_record
TN:
SF:src\app\components\ui\PageMeta.jsx
FN:3,PageMeta
FNF:1
FNH:1
FNDA:96,PageMeta
DA:4,96
DA:5,96
LF:2
LH:2
BRDA:3,0,0,92
BRDA:4,1,0,4
BRDA:4,1,1,92
BRDA:8,2,0,96
BRDA:8,2,1,4
BRF:5
BRH:5
end_of_record
TN:
SF:src\app\components\ui\index.js
FNF:0
FNH:0
LF:0
LH:0
BRF:0
BRH:0
end_of_record
TN:
SF:src\app\hooks\useClickOutside.js
FN:8,useClickOutside
FN:9,(anonymous_1)
FN:10,(anonymous_2)
FN:12,(anonymous_3)
FN:17,(anonymous_4)
FNF:5
FNH:5
FNDA:130,useClickOutside
FNDA:112,(anonymous_1)
FNDA:4,(anonymous_2)
FNDA:5,(anonymous_3)
FNDA:112,(anonymous_4)
DA:9,130
DA:10,112
DA:11,4
DA:12,5
DA:13,2
DA:16,112
DA:17,112
LF:7
LH:7
BRDA:11,0,0,2
BRDA:11,0,1,2
BRDA:12,1,0,2
BRDA:12,1,1,2
BRDA:12,2,0,5
BRDA:12,2,1,5
BRF:6
BRH:6
end_of_record
TN:
SF:src\app\hooks\useMediaData.js
FN:13,(anonymous_0)
FN:22,(anonymous_1)
FN:35,(anonymous_2)
FN:43,(anonymous_3)
FNF:4
FNH:4
FNDA:12,(anonymous_0)
FNDA:3,(anonymous_1)
FNDA:6,(anonymous_2)
FNDA:12,(anonymous_3)
DA:13,1
DA:15,12
DA:18,12
DA:19,12
DA:22,12
DA:23,3
DA:24,3
DA:25,3
DA:26,3
DA:35,12
DA:36,6
DA:37,3
DA:38,3
DA:43,12
DA:44,12
DA:45,3
DA:47,9
DA:50,12
DA:52,12
LF:19
LH:19
BRDA:13,0,0,0
BRDA:25,1,0,3
BRDA:25,1,1,0
BRDA:36,2,0,3
BRDA:36,2,1,3
BRDA:44,3,0,3
BRDA:44,3,1,9
BRDA:45,4,0,3
BRDA:45,4,1,0
BRDA:47,5,0,9
BRDA:47,5,1,0
BRDA:50,6,0,3
BRDA:50,6,1,9
BRDA:58,7,0,3
BRDA:58,7,1,9
BRDA:59,8,0,3
BRDA:59,8,1,9
BRDA:60,9,0,3
BRDA:60,9,1,9
BRDA:61,10,0,3
BRDA:61,10,1,9
BRDA:62,11,0,3
BRDA:62,11,1,9
BRDA:63,12,0,3
BRDA:63,12,1,9
BRDA:64,13,0,3
BRDA:64,13,1,9
BRDA:65,14,0,3
BRDA:65,14,1,9
BRDA:66,15,0,3
BRDA:66,15,1,9
BRDA:67,16,0,3
BRDA:67,16,1,9
BRDA:70,17,0,9
BRDA:70,17,1,3
BRF:35
BRH:31
end_of_record
TN:
SF:src\app\hooks\useSwipe.tsx
FN:4,Swiper
FN:13,(anonymous_1)
FN:31,(anonymous_2)
FN:37,(anonymous_3)
FN:64,(anonymous_4)
FN:82,(anonymous_5)
FN:88,(anonymous_6)
FN:117,(anonymous_7)
FN:118,(anonymous_8)
FN:119,(anonymous_9)
FN:120,(anonymous_10)
FN:121,(anonymous_11)
FN:122,(anonymous_12)
FNF:13
FNH:1
FNDA:8,Swiper
FNDA:0,(anonymous_1)
FNDA:0,(anonymous_2)
FNDA:0,(anonymous_3)
FNDA:0,(anonymous_4)
FNDA:0,(anonymous_5)
FNDA:0,(anonymous_6)
FNDA:0,(anonymous_7)
FNDA:0,(anonymous_8)
FNDA:0,(anonymous_9)
FNDA:0,(anonymous_10)
FNDA:0,(anonymous_11)
FNDA:0,(anonymous_12)
DA:5,8
DA:6,8
DA:7,8
DA:8,8
DA:9,8
DA:11,8
DA:13,8
DA:15,0
DA:16,0
DA:17,0
DA:20,0
DA:21,0
DA:24,0
DA:25,0
DA:26,0
DA:27,0
DA:28,0
DA:31,8
DA:32,0
DA:33,0
DA:34,0
DA:37,8
DA:38,0
DA:39,0
DA:40,0
DA:43,0
DA:44,0
DA:45,0
DA:46,0
DA:49,0
DA:50,0
DA:51,0
DA:52,0
DA:53,0
DA:55,0
DA:56,0
DA:58,0
DA:59,0
DA:64,8
DA:66,0
DA:67,0
DA:68,0
DA:71,0
DA:72,0
DA:75,0
DA:76,0
DA:77,0
DA:78,0
DA:79,0
DA:82,8
DA:83,0
DA:84,0
DA:85,0
DA:88,8
DA:89,0
DA:90,0
DA:91,0
DA:94,0
DA:95,0
DA:96,0
DA:97,0
DA:100,0
DA:101,0
DA:102,0
DA:103,0
DA:104,0
DA:106,0
DA:107,0
DA:109,0
DA:110,0
DA:115,8
DA:116,0
DA:126,8
LF:73
LH:14
BRDA:16,0,0,0
BRDA:16,0,1,0
BRDA:20,1,0,0
BRDA:20,1,1,0
BRDA:32,2,0,0
BRDA:32,2,1,0
BRDA:38,3,0,0
BRDA:38,3,1,0
BRDA:38,4,0,0
BRDA:38,4,1,0
BRDA:38,4,2,0
BRDA:38,4,3,0
BRDA:55,5,0,0
BRDA:55,5,1,0
BRDA:55,6,0,0
BRDA:55,6,1,0
BRDA:58,7,0,0
BRDA:58,7,1,0
BRDA:58,8,0,0
BRDA:58,8,1,0
BRDA:67,9,0,0
BRDA:67,9,1,0
BRDA:71,10,0,0
BRDA:71,10,1,0
BRDA:83,11,0,0
BRDA:83,11,1,0
BRDA:89,12,0,0
BRDA:89,12,1,0
BRDA:89,13,0,0
BRDA:89,13,1,0
BRDA:89,13,2,0
BRDA:89,13,3,0
BRDA:106,14,0,0
BRDA:106,14,1,0
BRDA:106,15,0,0
BRDA:106,15,1,0
BRDA:109,16,0,0
BRDA:109,16,1,0
BRDA:109,17,0,0
BRDA:109,17,1,0
BRDA:115,18,0,0
BRDA:115,18,1,8
BRF:42
BRH:1
end_of_record
TN:
SF:src\app\pages\CreateMedia.jsx
FN:13,buildListURL
FN:19,(anonymous_1)
FN:21,(anonymous_2)
FN:22,(anonymous_3)
FN:24,(anonymous_4)
FN:33,(anonymous_5)
FN:38,(anonymous_6)
FN:42,(anonymous_7)
FN:47,(anonymous_8)
FN:48,(anonymous_9)
FN:54,(anonymous_10)
FN:87,(anonymous_11)
FN:94,(anonymous_12)
FN:95,(anonymous_13)
FN:97,(anonymous_14)
FN:102,(anonymous_15)
FN:110,(anonymous_16)
FN:135,(anonymous_17)
FN:139,(anonymous_18)
FN:190,(anonymous_19)
FN:193,(anonymous_20)
FN:198,(anonymous_21)
FN:218,(anonymous_22)
FN:264,(anonymous_23)
FN:314,(anonymous_24)
FN:340,(anonymous_25)
FN:366,(anonymous_26)
FN:376,(anonymous_27)
FN:407,(anonymous_28)
FN:443,(anonymous_29)
FN:482,(anonymous_30)
FN:493,(anonymous_31)
FNF:32
FNH:28
FNDA:10,buildListURL
FNDA:6,(anonymous_1)
FNDA:2,(anonymous_2)
FNDA:2,(anonymous_3)
FNDA:50,(anonymous_4)
FNDA:64,(anonymous_5)
FNDA:36,(anonymous_6)
FNDA:12,(anonymous_7)
FNDA:4,(anonymous_8)
FNDA:4,(anonymous_9)
FNDA:18,(anonymous_10)
FNDA:40,(anonymous_11)
FNDA:23,(anonymous_12)
FNDA:23,(anonymous_13)
FNDA:16,(anonymous_14)
FNDA:18,(anonymous_15)
FNDA:18,(anonymous_16)
FNDA:11,(anonymous_17)
FNDA:12,(anonymous_18)
FNDA:8,(anonymous_19)
FNDA:0,(anonymous_20)
FNDA:3534,(anonymous_21)
FNDA:0,(anonymous_22)
FNDA:0,(anonymous_23)
FNDA:11,(anonymous_24)
FNDA:114,(anonymous_25)
FNDA:372,(anonymous_26)
FNDA:40,(anonymous_27)
FNDA:0,(anonymous_28)
FNDA:114,(anonymous_29)
FNDA:372,(anonymous_30)
FNDA:40,(anonymous_31)
DA:14,10
DA:15,10
DA:16,10
DA:17,10
DA:18,10
DA:19,6
DA:20,6
DA:21,2
DA:22,2
DA:24,10
DA:25,50
DA:26,50
DA:28,10
DA:29,10
DA:30,10
DA:33,2
DA:35,64
DA:38,64
DA:39,36
DA:40,36
DA:41,36
DA:42,12
DA:45,28
DA:46,28
DA:47,4
DA:48,4
DA:50,26
DA:54,64
DA:57,18
DA:58,18
DA:59,5
DA:63,13
DA:64,0
DA:67,13
DA:71,64
DA:72,64
DA:73,64
DA:74,64
DA:77,64
DA:81,64
DA:87,40
DA:90,64
DA:91,64
DA:94,64
DA:95,23
DA:97,16
DA:102,64
DA:103,18
DA:104,18
DA:105,5
DA:110,64
DA:115,64
DA:116,2
DA:135,62
DA:136,11
DA:139,62
DA:140,12
DA:143,12
DA:144,2
DA:147,2
DA:150,2
DA:151,2
DA:152,0
DA:159,2
DA:163,10
DA:166,10
DA:168,2
DA:172,2
DA:181,2
DA:182,2
DA:184,2
DA:188,8
DA:191,8
DA:194,0
DA:198,3534
DA:199,62
DA:200,62
DA:201,62
DA:204,62
DA:205,62
DA:206,62
DA:207,62
DA:209,62
DA:219,0
DA:220,0
DA:221,0
DA:223,0
DA:224,0
DA:225,0
DA:226,0
DA:227,0
DA:230,0
DA:266,0
DA:267,0
DA:268,0
DA:271,0
DA:272,0
DA:273,0
DA:274,0
DA:275,0
DA:279,0
DA:315,11
DA:316,11
DA:317,1
DA:341,114
DA:367,372
DA:376,40
DA:408,0
DA:409,0
DA:410,0
DA:444,114
DA:483,372
DA:493,40
LF:113
LH:89
BRDA:18,0,0,4
BRDA:18,0,1,6
BRDA:20,1,0,1
BRDA:20,1,1,5
BRDA:26,2,0,1
BRDA:26,2,1,49
BRDA:29,3,0,0
BRDA:29,3,1,10
BRDA:30,4,0,5
BRDA:30,4,1,5
BRDA:33,5,0,0
BRDA:33,6,0,0
BRDA:33,7,0,60
BRDA:41,8,0,8
BRDA:41,8,1,28
BRDA:46,9,0,2
BRDA:46,9,1,26
BRDA:58,10,0,5
BRDA:58,10,1,13
BRDA:63,11,0,0
BRDA:63,11,1,13
BRDA:63,12,0,13
BRDA:63,12,1,13
BRDA:77,13,0,2
BRDA:77,13,1,62
BRDA:84,14,0,0
BRDA:84,14,1,64
BRDA:85,15,0,9
BRDA:85,15,1,55
BRDA:91,16,0,64
BRDA:91,16,1,64
BRDA:91,17,0,62
BRDA:91,17,1,2
BRDA:91,18,0,0
BRDA:91,18,1,62
BRDA:104,19,0,5
BRDA:104,19,1,13
BRDA:115,20,0,2
BRDA:115,20,1,62
BRDA:115,21,0,64
BRDA:115,21,1,55
BRDA:143,22,0,2
BRDA:143,22,1,10
BRDA:151,23,0,0
BRDA:151,23,1,2
BRDA:166,24,0,2
BRDA:166,24,1,8
BRDA:168,25,0,0
BRDA:168,25,1,2
BRDA:168,26,0,2
BRDA:168,26,1,0
BRDA:181,27,0,2
BRDA:181,27,1,0
BRDA:200,28,0,0
BRDA:200,28,1,62
BRDA:201,29,0,0
BRDA:201,29,1,62
BRDA:204,30,0,9
BRDA:204,30,1,53
BRDA:205,31,0,9
BRDA:205,31,1,53
BRDA:206,32,0,9
BRDA:206,32,1,53
BRDA:207,33,0,9
BRDA:207,33,1,53
BRDA:212,34,0,62
BRDA:212,34,1,53
BRDA:223,35,0,0
BRDA:223,35,1,0
BRDA:224,36,0,0
BRDA:224,36,1,0
BRDA:226,37,0,0
BRDA:226,37,1,0
BRDA:253,38,0,0
BRDA:253,38,1,62
BRDA:271,39,0,0
BRDA:271,39,1,0
BRDA:272,40,0,0
BRDA:272,40,1,0
BRDA:274,41,0,0
BRDA:274,41,1,0
BRDA:286,42,0,0
BRDA:286,42,1,62
BRDA:310,43,0,62
BRDA:310,43,1,0
BRDA:310,44,0,62
BRDA:310,44,1,62
BRDA:312,45,0,2
BRDA:312,45,1,60
BRDA:316,46,0,1
BRDA:316,46,1,10
BRDA:320,47,0,2
BRDA:320,47,1,60
BRDA:322,48,0,62
BRDA:322,48,1,2
BRDA:333,49,0,2
BRDA:333,49,1,60
BRDA:337,50,0,2
BRDA:337,50,1,0
BRDA:367,51,0,372
BRDA:367,51,1,0
BRDA:367,52,0,372
BRDA:367,52,1,372
BRDA:376,53,0,62
BRDA:376,53,1,0
BRDA:376,54,0,62
BRDA:376,54,1,62
BRDA:385,55,0,62
BRDA:385,55,1,0
BRDA:385,56,0,62
BRDA:385,56,1,62
BRDA:403,57,0,62
BRDA:403,57,1,0
BRDA:403,58,0,62
BRDA:403,58,1,62
BRDA:405,59,0,2
BRDA:405,59,1,60
BRDA:409,60,0,0
BRDA:409,60,1,0
BRDA:414,61,0,2
BRDA:414,61,1,60
BRDA:421,62,0,62
BRDA:421,62,1,2
BRDA:430,63,0,2
BRDA:430,63,1,60
BRDA:434,64,0,2
BRDA:434,64,1,0
BRDA:484,65,0,372
BRDA:484,65,1,0
BRDA:484,66,0,372
BRDA:484,66,1,372
BRDA:493,67,0,62
BRDA:493,67,1,0
BRDA:493,68,0,62
BRDA:493,68,1,62
BRDA:501,69,0,62
BRDA:501,69,1,0
BRDA:501,70,0,62
BRDA:501,70,1,62
BRDA:521,71,0,9
BRDA:521,71,1,53
BRDA:522,72,0,62
BRDA:522,72,1,9
BRDA:523,73,0,9
BRDA:523,73,1,53
BRDA:541,74,0,62
BRDA:541,74,1,9
BRF:147
BRH:109
end_of_record
TN:
SF:src\app\pages\Friends.jsx
FN:9,Friends
FN:17,(anonymous_1)
FN:21,(anonymous_2)
FN:46,(anonymous_3)
FN:64,(anonymous_4)
FN:81,(anonymous_5)
FN:102,(anonymous_6)
FN:153,(anonymous_7)
FN:154,(anonymous_8)
FN:168,(anonymous_9)
FN:178,(anonymous_10)
FN:230,(anonymous_11)
FN:231,(anonymous_12)
FN:283,(anonymous_13)
FN:284,(anonymous_14)
FN:301,(anonymous_15)
FN:307,(anonymous_16)
FN:348,(anonymous_17)
FN:391,(anonymous_18)
FN:427,(anonymous_19)
FN:452,(anonymous_20)
FNF:21
FNH:5
FNDA:6,Friends
FNDA:3,(anonymous_1)
FNDA:3,(anonymous_2)
FNDA:0,(anonymous_3)
FNDA:0,(anonymous_4)
FNDA:0,(anonymous_5)
FNDA:1,(anonymous_6)
FNDA:0,(anonymous_7)
FNDA:0,(anonymous_8)
FNDA:0,(anonymous_9)
FNDA:0,(anonymous_10)
FNDA:0,(anonymous_11)
FNDA:0,(anonymous_12)
FNDA:0,(anonymous_13)
FNDA:0,(anonymous_14)
FNDA:0,(anonymous_15)
FNDA:0,(anonymous_16)
FNDA:0,(anonymous_17)
FNDA:0,(anonymous_18)
FNDA:1,(anonymous_19)
FNDA:0,(anonymous_20)
DA:10,6
DA:11,6
DA:12,6
DA:13,6
DA:14,6
DA:15,6
DA:17,6
DA:18,3
DA:21,6
DA:22,3
DA:23,3
DA:24,3
DA:25,3
DA:30,2
DA:31,2
DA:34,2
DA:35,2
DA:36,2
DA:39,1
DA:40,1
DA:42,3
DA:46,6
DA:47,0
DA:48,0
DA:54,0
DA:55,0
DA:56,0
DA:59,0
DA:60,0
DA:64,6
DA:65,0
DA:66,0
DA:72,0
DA:73,0
DA:76,0
DA:77,0
DA:81,6
DA:82,0
DA:83,0
DA:86,0
DA:87,0
DA:92,0
DA:93,0
DA:94,0
DA:97,0
DA:98,0
DA:102,6
DA:103,1
DA:153,0
DA:154,0
DA:168,0
DA:178,6
DA:179,0
DA:230,0
DA:231,0
DA:283,0
DA:284,0
DA:301,0
DA:307,0
DA:317,6
DA:318,3
DA:335,3
DA:336,1
DA:348,0
DA:354,2
DA:392,0
DA:428,1
DA:453,0
LF:68
LH:33
BRDA:30,0,0,2
BRDA:30,0,1,0
BRDA:31,1,0,2
BRDA:31,1,1,0
BRDA:34,2,0,2
BRDA:34,2,1,0
BRDA:35,3,0,2
BRDA:35,3,1,0
BRDA:36,4,0,2
BRDA:36,4,1,0
BRDA:40,5,0,1
BRDA:40,5,1,0
BRDA:54,6,0,0
BRDA:54,6,1,0
BRDA:56,7,0,0
BRDA:56,7,1,0
BRDA:60,8,0,0
BRDA:60,8,1,0
BRDA:72,9,0,0
BRDA:72,9,1,0
BRDA:77,10,0,0
BRDA:77,10,1,0
BRDA:82,11,0,0
BRDA:82,11,1,0
BRDA:92,12,0,0
BRDA:92,12,1,0
BRDA:94,13,0,0
BRDA:94,13,1,0
BRDA:98,14,0,0
BRDA:98,14,1,0
BRDA:102,15,0,0
BRDA:104,16,0,1
BRDA:104,16,1,1
BRDA:115,17,0,0
BRDA:115,17,1,1
BRDA:131,18,0,1
BRDA:131,18,1,0
BRDA:135,19,0,1
BRDA:135,19,1,0
BRDA:139,20,0,1
BRDA:139,20,1,0
BRDA:139,20,2,0
BRDA:146,21,0,1
BRDA:146,21,1,0
BRDA:153,22,0,0
BRDA:153,22,1,0
BRDA:154,23,0,0
BRDA:154,23,1,0
BRDA:156,24,0,1
BRDA:156,24,1,0
BRDA:159,25,0,1
BRDA:159,25,1,0
BRDA:166,26,0,1
BRDA:166,26,1,1
BRDA:180,27,0,0
BRDA:180,27,1,0
BRDA:190,28,0,0
BRDA:190,28,1,0
BRDA:192,29,0,0
BRDA:192,29,1,0
BRDA:208,30,0,0
BRDA:208,30,1,0
BRDA:212,31,0,0
BRDA:212,31,1,0
BRDA:216,32,0,0
BRDA:216,32,1,0
BRDA:216,32,2,0
BRDA:223,33,0,0
BRDA:223,33,1,0
BRDA:230,34,0,0
BRDA:230,34,1,0
BRDA:231,35,0,0
BRDA:231,35,1,0
BRDA:233,36,0,0
BRDA:233,36,1,0
BRDA:236,37,0,0
BRDA:236,37,1,0
BRDA:245,38,0,0
BRDA:245,38,1,0
BRDA:261,39,0,0
BRDA:261,39,1,0
BRDA:265,40,0,0
BRDA:265,40,1,0
BRDA:269,41,0,0
BRDA:269,41,1,0
BRDA:269,41,2,0
BRDA:276,42,0,0
BRDA:276,42,1,0
BRDA:283,43,0,0
BRDA:283,43,1,0
BRDA:284,44,0,0
BRDA:284,44,1,0
BRDA:286,45,0,0
BRDA:286,45,1,0
BRDA:289,46,0,0
BRDA:289,46,1,0
BRDA:298,47,0,0
BRDA:298,47,1,0
BRDA:317,48,0,3
BRDA:317,48,1,3
BRDA:321,49,0,3
BRDA:321,49,1,0
BRDA:322,50,0,3
BRDA:322,50,1,0
BRDA:335,51,0,1
BRDA:335,51,1,2
BRDA:339,52,0,1
BRDA:339,52,1,0
BRDA:340,53,0,1
BRDA:340,53,1,0
BRDA:347,54,0,1
BRDA:347,54,1,0
BRDA:357,55,0,2
BRDA:357,55,1,0
BRDA:358,56,0,2
BRDA:358,56,1,0
BRDA:368,57,0,2
BRDA:368,57,1,0
BRDA:374,58,0,2
BRDA:374,58,1,0
BRDA:376,59,0,0
BRDA:376,59,1,0
BRDA:386,60,0,0
BRDA:386,60,1,0
BRDA:400,61,0,2
BRDA:400,61,1,0
BRDA:410,62,0,2
BRDA:410,62,1,0
BRDA:414,63,0,1
BRDA:414,63,1,1
BRDA:418,64,0,1
BRDA:418,64,1,0
BRDA:435,65,0,2
BRDA:435,65,1,0
BRDA:437,66,0,0
BRDA:437,66,1,0
BRDA:447,67,0,0
BRDA:447,67,1,0
BRDA:460,68,0,2
BRDA:460,68,1,1
BRDA:460,68,2,1
BRDA:460,68,3,1
BRDA:462,69,0,1
BRDA:462,69,1,0
BRDA:470,70,0,1
BRDA:470,70,1,0
BRDA:477,71,0,1
BRDA:477,71,1,0
BRF:148
BRH:43
end_of_record
TN:
SF:src\app\pages\Logout.jsx
FN:4,(anonymous_0)
FN:5,(anonymous_1)
FNF:2
FNH:0
FNDA:0,(anonymous_0)
FNDA:0,(anonymous_1)
DA:4,1
DA:5,0
DA:6,0
DA:9,0
LF:4
LH:1
BRF:0
BRH:0
end_of_record
TN:
SF:src\app\pages\Profile.jsx
FN:13,Profile
FN:34,(anonymous_1)
FN:49,(anonymous_2)
FN:70,(anonymous_3)
FN:89,(anonymous_4)
FN:94,(anonymous_5)
FN:100,(anonymous_6)
FN:160,(anonymous_7)
FN:169,(anonymous_8)
FN:195,(anonymous_9)
FN:202,(anonymous_10)
FN:220,(anonymous_11)
FN:233,(anonymous_12)
FN:248,(anonymous_13)
FN:293,(anonymous_14)
FN:298,(anonymous_15)
FN:309,(anonymous_16)
FN:317,(anonymous_17)
FN:321,(anonymous_18)
FN:338,(anonymous_19)
FN:342,(anonymous_20)
FN:343,(anonymous_21)
FN:356,(anonymous_22)
FN:367,SortableSharedList
FN:436,(anonymous_24)
FN:446,(anonymous_25)
FN:461,(anonymous_26)
FN:465,(anonymous_27)
FN:482,(anonymous_28)
FN:483,(anonymous_29)
FN:499,(anonymous_30)
FN:503,(anonymous_31)
FN:528,(anonymous_32)
FN:582,(anonymous_33)
FN:609,(anonymous_34)
FN:631,(anonymous_35)
FN:734,(anonymous_36)
FN:738,(anonymous_37)
FN:800,(anonymous_38)
FN:816,(anonymous_39)
FN:830,(anonymous_40)
FN:839,(anonymous_41)
FNF:42
FNH:5
FNDA:5,Profile
FNDA:2,(anonymous_1)
FNDA:1,(anonymous_2)
FNDA:0,(anonymous_3)
FNDA:0,(anonymous_4)
FNDA:0,(anonymous_5)
FNDA:0,(anonymous_6)
FNDA:5,(anonymous_7)
FNDA:0,(anonymous_8)
FNDA:0,(anonymous_9)
FNDA:0,(anonymous_10)
FNDA:0,(anonymous_11)
FNDA:1,(anonymous_12)
FNDA:0,(anonymous_13)
FNDA:0,(anonymous_14)
FNDA:0,(anonymous_15)
FNDA:0,(anonymous_16)
FNDA:0,(anonymous_17)
FNDA:0,(anonymous_18)
FNDA:0,(anonymous_19)
FNDA:0,(anonymous_20)
FNDA:0,(anonymous_21)
FNDA:0,(anonymous_22)
FNDA:0,SortableSharedList
FNDA:0,(anonymous_24)
FNDA:0,(anonymous_25)
FNDA:0,(anonymous_26)
FNDA:0,(anonymous_27)
FNDA:0,(anonymous_28)
FNDA:0,(anonymous_29)
FNDA:0,(anonymous_30)
FNDA:0,(anonymous_31)
FNDA:0,(anonymous_32)
FNDA:0,(anonymous_33)
FNDA:0,(anonymous_34)
FNDA:0,(anonymous_35)
FNDA:0,(anonymous_36)
FNDA:0,(anonymous_37)
FNDA:0,(anonymous_38)
FNDA:0,(anonymous_39)
FNDA:0,(anonymous_40)
FNDA:0,(anonymous_41)
DA:14,5
DA:15,5
DA:17,5
DA:18,5
DA:19,5
DA:20,5
DA:21,5
DA:22,5
DA:23,5
DA:24,5
DA:25,5
DA:26,5
DA:27,5
DA:28,5
DA:29,5
DA:30,5
DA:31,5
DA:32,5
DA:34,5
DA:35,2
DA:36,1
DA:37,1
DA:38,1
DA:39,1
DA:40,1
DA:41,1
DA:42,1
DA:43,1
DA:45,0
DA:49,5
DA:50,1
DA:51,1
DA:52,1
DA:55,1
DA:56,1
DA:57,1
DA:58,1
DA:59,1
DA:60,1
DA:63,0
DA:64,0
DA:66,1
DA:70,5
DA:71,0
DA:72,0
DA:73,0
DA:74,0
DA:77,0
DA:78,0
DA:79,0
DA:82,0
DA:83,0
DA:85,0
DA:89,5
DA:90,0
DA:91,0
DA:92,0
DA:93,0
DA:94,0
DA:96,0
DA:100,5
DA:101,0
DA:103,0
DA:104,0
DA:106,0
DA:107,0
DA:112,0
DA:113,0
DA:115,0
DA:116,0
DA:121,0
DA:122,0
DA:123,0
DA:125,0
DA:126,0
DA:131,0
DA:132,0
DA:134,0
DA:135,0
DA:136,0
DA:137,0
DA:139,0
DA:143,0
DA:144,0
DA:145,0
DA:149,0
DA:150,0
DA:153,0
DA:154,0
DA:156,0
DA:160,5
DA:162,5
DA:163,5
DA:166,0
DA:167,0
DA:169,0
DA:179,0
DA:180,0
DA:191,0
DA:192,0
DA:195,0
DA:202,0
DA:212,0
DA:213,0
DA:220,0
DA:230,0
DA:233,5
DA:234,1
DA:235,1
DA:238,1
DA:239,1
DA:242,0
DA:244,1
DA:248,5
DA:249,0
DA:251,0
DA:252,0
DA:253,0
DA:256,0
DA:257,0
DA:258,0
DA:262,0
DA:263,0
DA:264,0
DA:265,0
DA:268,0
DA:269,0
DA:270,0
DA:271,0
DA:274,0
DA:275,0
DA:281,0
DA:282,0
DA:283,0
DA:284,0
DA:285,0
DA:288,0
DA:289,0
DA:293,5
DA:294,0
DA:295,0
DA:296,0
DA:297,0
DA:298,0
DA:300,0
DA:302,0
DA:303,0
DA:304,0
DA:305,0
DA:306,0
DA:307,0
DA:308,0
DA:309,0
DA:311,0
DA:313,0
DA:317,5
DA:318,0
DA:321,5
DA:322,0
DA:323,0
DA:324,0
DA:325,0
DA:329,5
DA:338,5
DA:339,0
DA:340,0
DA:342,0
DA:343,0
DA:345,0
DA:348,0
DA:349,0
DA:350,0
DA:353,0
DA:354,0
DA:356,0
DA:360,0
DA:362,0
DA:375,0
DA:377,0
DA:384,0
DA:437,0
DA:438,0
DA:439,0
DA:444,0
DA:446,0
DA:462,0
DA:463,0
DA:465,0
DA:482,0
DA:483,0
DA:500,0
DA:501,0
DA:504,0
DA:505,0
DA:515,5
DA:516,0
DA:528,0
DA:534,5
DA:536,5
DA:582,0
DA:609,0
DA:632,0
DA:633,0
DA:634,0
DA:735,0
DA:736,0
DA:739,0
DA:740,0
DA:800,0
DA:817,0
DA:831,0
DA:832,0
DA:833,0
DA:840,0
LF:214
LH:60
BRDA:17,0,0,5
BRDA:17,0,1,2
BRDA:35,1,0,1
BRDA:35,1,1,1
BRDA:38,2,0,1
BRDA:38,2,1,0
BRDA:41,3,0,1
BRDA:41,3,1,0
BRDA:42,4,0,1
BRDA:42,4,1,0
BRDA:55,5,0,1
BRDA:55,5,1,0
BRDA:59,6,0,1
BRDA:59,6,1,0
BRDA:64,7,0,0
BRDA:64,7,1,0
BRDA:77,8,0,0
BRDA:77,8,1,0
BRDA:79,9,0,0
BRDA:79,9,1,0
BRDA:101,10,0,0
BRDA:101,10,1,0
BRDA:106,11,0,0
BRDA:106,11,1,0
BRDA:112,12,0,0
BRDA:112,12,1,0
BRDA:115,13,0,0
BRDA:115,13,1,0
BRDA:121,14,0,0
BRDA:121,14,1,0
BRDA:123,15,0,0
BRDA:123,15,1,0
BRDA:125,16,0,0
BRDA:125,16,1,0
BRDA:131,17,0,0
BRDA:131,17,1,0
BRDA:134,18,0,0
BRDA:134,18,1,0
BRDA:135,19,0,0
BRDA:135,19,1,0
BRDA:143,20,0,0
BRDA:143,20,1,0
BRDA:145,21,0,0
BRDA:145,21,1,0
BRDA:149,22,0,0
BRDA:149,22,1,0
BRDA:149,23,0,0
BRDA:149,23,1,0
BRDA:150,24,0,0
BRDA:150,24,1,0
BRDA:154,25,0,0
BRDA:154,25,1,0
BRDA:162,26,0,5
BRDA:162,26,1,0
BRDA:162,27,0,5
BRDA:162,27,1,2
BRDA:162,27,2,2
BRDA:166,28,0,0
BRDA:166,28,1,0
BRDA:174,29,0,0
BRDA:174,29,1,0
BRDA:179,30,0,0
BRDA:179,30,1,0
BRDA:191,31,0,0
BRDA:191,31,1,0
BRDA:199,32,0,0
BRDA:199,32,1,0
BRDA:212,33,0,0
BRDA:212,33,1,0
BRDA:215,34,0,0
BRDA:215,34,1,0
BRDA:224,35,0,0
BRDA:224,35,1,0
BRDA:238,36,0,1
BRDA:238,36,1,0
BRDA:251,37,0,0
BRDA:251,37,1,0
BRDA:256,38,0,0
BRDA:256,38,1,0
BRDA:263,39,0,0
BRDA:263,39,1,0
BRDA:268,40,0,0
BRDA:268,40,1,0
BRDA:281,41,0,0
BRDA:281,41,1,0
BRDA:289,42,0,0
BRDA:289,42,1,0
BRDA:322,43,0,0
BRDA:322,43,1,0
BRDA:322,44,0,0
BRDA:322,44,1,0
BRDA:323,45,0,0
BRDA:323,45,1,0
BRDA:324,46,0,0
BRDA:324,46,1,0
BRDA:340,47,0,0
BRDA:340,47,1,0
BRDA:340,48,0,0
BRDA:340,48,1,0
BRDA:340,48,2,0
BRDA:345,49,0,0
BRDA:345,49,1,0
BRDA:345,50,0,0
BRDA:345,50,1,0
BRDA:380,51,0,0
BRDA:380,51,1,0
BRDA:381,52,0,0
BRDA:381,52,1,0
BRDA:393,53,0,0
BRDA:393,53,1,0
BRDA:399,54,0,0
BRDA:399,54,1,0
BRDA:417,55,0,0
BRDA:417,55,1,0
BRDA:423,56,0,0
BRDA:423,56,1,0
BRDA:434,57,0,0
BRDA:434,57,1,0
BRDA:474,58,0,0
BRDA:474,58,1,0
BRDA:475,59,0,0
BRDA:475,59,1,0
BRDA:486,60,0,0
BRDA:486,60,1,0
BRDA:488,61,0,0
BRDA:488,61,1,0
BRDA:496,62,0,0
BRDA:496,62,1,0
BRDA:500,63,0,0
BRDA:500,63,1,0
BRDA:501,64,0,0
BRDA:501,64,1,0
BRDA:504,65,0,0
BRDA:504,65,1,0
BRDA:505,66,0,0
BRDA:505,66,1,0
BRDA:515,67,0,0
BRDA:515,67,1,5
BRDA:515,68,0,5
BRDA:515,68,1,0
BRDA:519,69,0,0
BRDA:519,69,1,0
BRDA:520,70,0,0
BRDA:520,70,1,0
BRDA:534,71,0,0
BRDA:534,71,1,5
BRDA:534,72,0,5
BRDA:534,72,1,1
BRDA:539,73,0,5
BRDA:539,73,1,0
BRDA:540,74,0,5
BRDA:540,74,1,0
BRDA:544,75,0,3
BRDA:544,75,1,2
BRDA:548,76,0,5
BRDA:548,76,1,0
BRDA:566,77,0,5
BRDA:566,77,1,0
BRDA:569,78,0,5
BRDA:569,78,1,0
BRDA:578,79,0,5
BRDA:578,79,1,0
BRDA:580,80,0,5
BRDA:580,80,1,3
BRDA:587,81,0,3
BRDA:587,81,1,3
BRDA:615,82,0,0
BRDA:615,82,1,0
BRDA:616,83,0,0
BRDA:616,83,1,0
BRDA:642,84,0,0
BRDA:642,84,1,0
BRDA:654,85,0,5
BRDA:654,85,1,3
BRDA:661,86,0,3
BRDA:661,86,1,0
BRDA:673,87,0,3
BRDA:673,87,1,3
BRDA:687,88,0,3
BRDA:687,88,1,0
BRDA:691,89,0,0
BRDA:691,89,1,3
BRDA:696,90,0,3
BRDA:696,90,1,0
BRDA:702,91,0,0
BRDA:702,91,1,0
BRDA:720,92,0,0
BRDA:720,92,1,0
BRDA:721,93,0,0
BRDA:721,93,1,0
BRDA:735,94,0,0
BRDA:735,94,1,0
BRDA:736,95,0,0
BRDA:736,95,1,0
BRDA:740,96,0,0
BRDA:740,96,1,0
BRDA:751,97,0,0
BRDA:751,97,1,0
BRDA:762,98,0,5
BRDA:762,98,1,0
BRDA:766,99,0,3
BRDA:766,99,1,2
BRDA:766,100,0,5
BRDA:766,100,1,3
BRDA:773,101,0,5
BRDA:773,101,1,0
BRDA:776,102,0,3
BRDA:776,102,1,2
BRDA:777,103,0,3
BRDA:777,103,1,0
BRDA:780,104,0,2
BRDA:780,104,1,0
BRDA:784,105,0,2
BRDA:784,105,1,0
BRDA:787,106,0,2
BRDA:787,106,1,1
BRDA:827,107,0,5
BRDA:827,107,1,3
BRDA:827,107,2,0
BRDA:827,107,3,0
BRF:220
BRH:54
end_of_record
TN:
SF:src\app\pages\SharedMediaDetails.jsx
FN:13,SharedMediaDetails
FN:24,(anonymous_1)
FN:31,(anonymous_2)
FN:34,(anonymous_3)
FN:51,(anonymous_4)
FNF:5
FNH:0
FNDA:0,SharedMediaDetails
FNDA:0,(anonymous_1)
FNDA:0,(anonymous_2)
FNDA:0,(anonymous_3)
FNDA:0,(anonymous_4)
DA:14,0
DA:15,0
DA:16,0
DA:17,0
DA:18,0
DA:19,0
DA:21,0
DA:24,0
DA:25,0
DA:26,0
DA:27,0
DA:31,0
DA:32,0
DA:33,0
DA:35,0
DA:36,0
DA:37,0
DA:40,0
DA:43,0
DA:45,0
DA:47,0
DA:48,0
DA:52,0
DA:53,0
DA:54,0
DA:59,0
DA:60,0
DA:63,0
DA:64,0
DA:74,0
LF:30
LH:0
BRDA:27,0,0,0
BRDA:27,0,1,0
BRDA:32,1,0,0
BRDA:32,1,1,0
BRDA:35,2,0,0
BRDA:35,2,1,0
BRDA:37,3,0,0
BRDA:37,3,1,0
BRDA:40,4,0,0
BRDA:40,4,1,0
BRDA:41,5,0,0
BRDA:41,5,1,0
BRDA:42,6,0,0
BRDA:42,6,1,0
BRDA:53,7,0,0
BRDA:53,7,1,0
BRDA:59,8,0,0
BRDA:59,8,1,0
BRDA:63,9,0,0
BRDA:63,9,1,0
BRDA:76,10,0,0
BRDA:76,10,1,0
BRDA:160,11,0,0
BRDA:160,11,1,0
BRDA:167,12,0,0
BRDA:167,12,1,0
BRDA:174,13,0,0
BRDA:174,13,1,0
BRDA:174,13,2,0
BRDA:181,14,0,0
BRDA:181,14,1,0
BRDA:181,15,0,0
BRDA:181,15,1,0
BRDA:188,16,0,0
BRDA:188,16,1,0
BRDA:195,17,0,0
BRDA:195,17,1,0
BRF:37
BRH:0
end_of_record
TN:
SF:src\app\pages\SharedView.jsx
FN:18,renderDescriptionWithLink
FN:42,SharedView
FN:85,(anonymous_2)
FN:86,(anonymous_3)
FN:90,(anonymous_4)
FN:92,(anonymous_5)
FN:95,(anonymous_6)
FN:99,(anonymous_7)
FN:105,(anonymous_8)
FN:143,(anonymous_9)
FN:150,(anonymous_10)
FN:158,switchToDo
FN:173,onSwipeLeft
FN:179,onSwipeRight
FN:201,(anonymous_14)
FN:206,(anonymous_15)
FN:324,(anonymous_16)
FN:331,(anonymous_17)
FN:351,(anonymous_18)
FNF:19
FNH:9
FNDA:0,renderDescriptionWithLink
FNDA:5,SharedView
FNDA:1,(anonymous_2)
FNDA:1,(anonymous_3)
FNDA:1,(anonymous_4)
FNDA:0,(anonymous_5)
FNDA:0,(anonymous_6)
FNDA:4,(anonymous_7)
FNDA:1,(anonymous_8)
FNDA:1,(anonymous_9)
FNDA:4,(anonymous_10)
FNDA:0,switchToDo
FNDA:0,onSwipeLeft
FNDA:0,onSwipeRight
FNDA:0,(anonymous_14)
FNDA:0,(anonymous_15)
FNDA:6,(anonymous_16)
FNDA:0,(anonymous_17)
FNDA:0,(anonymous_18)
DA:19,0
DA:20,0
DA:23,0
DA:24,0
DA:25,0
DA:26,0
DA:27,0
DA:28,0
DA:29,0
DA:39,0
DA:43,5
DA:45,5
DA:46,5
DA:49,5
DA:50,5
DA:51,5
DA:52,5
DA:53,5
DA:54,5
DA:55,5
DA:56,5
DA:57,5
DA:58,5
DA:59,5
DA:62,5
DA:63,5
DA:66,5
DA:67,5
DA:68,5
DA:69,5
DA:70,5
DA:71,5
DA:72,5
DA:73,5
DA:74,5
DA:75,5
DA:76,5
DA:77,5
DA:80,5
DA:82,5
DA:85,5
DA:86,1
DA:87,1
DA:88,1
DA:90,1
DA:91,1
DA:92,1
DA:95,1
DA:99,5
DA:100,4
DA:102,2
DA:104,2
DA:106,1
DA:107,1
DA:108,1
DA:111,1
DA:112,1
DA:113,1
DA:114,1
DA:117,1
DA:120,1
DA:124,1
DA:125,1
DA:126,1
DA:127,1
DA:130,1
DA:131,1
DA:134,1
DA:135,1
DA:136,1
DA:138,1
DA:139,1
DA:140,1
DA:144,1
DA:145,1
DA:150,5
DA:151,4
DA:152,1
DA:153,1
DA:159,0
DA:160,0
DA:161,0
DA:162,0
DA:165,0
DA:166,0
DA:167,0
DA:168,0
DA:174,0
DA:175,0
DA:180,0
DA:181,0
DA:185,5
DA:190,5
DA:191,4
DA:193,1
DA:194,1
DA:196,1
DA:202,0
DA:203,0
DA:207,0
DA:208,0
DA:325,6
DA:351,0
LF:103
LH:76
BRDA:19,0,0,0
BRDA:19,0,1,0
BRDA:20,1,0,0
BRDA:20,1,1,0
BRDA:20,2,0,0
BRDA:20,2,1,0
BRDA:24,3,0,0
BRDA:24,3,1,0
BRDA:26,4,0,0
BRDA:26,4,1,0
BRDA:26,5,0,0
BRDA:26,5,1,0
BRDA:28,6,0,0
BRDA:28,6,1,0
BRDA:80,7,0,5
BRDA:80,7,1,0
BRDA:91,8,0,1
BRDA:91,8,1,0
BRDA:92,9,0,1
BRDA:92,9,1,0
BRDA:100,10,0,2
BRDA:100,10,1,2
BRDA:106,11,0,1
BRDA:106,11,1,0
BRDA:108,12,0,1
BRDA:108,12,1,0
BRDA:114,13,0,1
BRDA:114,13,1,0
BRDA:117,14,0,0
BRDA:117,14,1,1
BRDA:117,15,0,1
BRDA:117,15,1,1
BRDA:120,16,0,0
BRDA:120,16,1,1
BRDA:120,17,0,1
BRDA:120,17,1,1
BRDA:126,18,0,0
BRDA:126,18,1,1
BRDA:130,19,0,1
BRDA:130,19,1,1
BRDA:131,20,0,1
BRDA:131,20,1,1
BRDA:144,21,0,1
BRDA:144,21,1,0
BRDA:151,22,0,1
BRDA:151,22,1,3
BRDA:151,23,0,4
BRDA:151,23,1,2
BRDA:151,23,2,2
BRDA:159,24,0,0
BRDA:159,24,1,0
BRDA:159,25,0,0
BRDA:159,25,1,0
BRDA:162,26,0,0
BRDA:162,26,1,0
BRDA:174,27,0,0
BRDA:174,27,1,0
BRDA:174,28,0,0
BRDA:174,28,1,0
BRDA:180,29,0,0
BRDA:180,29,1,0
BRDA:180,30,0,0
BRDA:180,30,1,0
BRDA:190,31,0,1
BRDA:190,31,1,4
BRDA:191,32,0,3
BRDA:191,32,1,1
BRDA:191,33,0,4
BRDA:191,33,1,2
BRDA:193,34,0,1
BRDA:193,34,1,1
BRDA:194,35,0,0
BRDA:194,35,1,1
BRDA:202,36,0,0
BRDA:202,36,1,0
BRDA:207,37,0,0
BRDA:207,37,1,0
BRDA:212,38,0,1
BRDA:212,38,1,0
BRDA:212,39,0,1
BRDA:212,39,1,1
BRDA:235,40,0,1
BRDA:235,40,1,0
BRDA:241,41,0,0
BRDA:241,41,1,0
BRDA:250,42,0,0
BRDA:250,42,1,1
BRDA:252,43,0,1
BRDA:252,43,1,0
BRDA:263,44,0,1
BRDA:263,44,1,0
BRDA:268,45,0,0
BRDA:268,45,1,0
BRDA:277,46,0,0
BRDA:277,46,1,1
BRDA:279,47,0,1
BRDA:279,47,1,0
BRDA:327,48,0,6
BRDA:327,48,1,0
BRDA:329,49,0,0
BRDA:329,49,1,6
BRDA:342,50,0,6
BRDA:342,50,1,5
BRF:103
BRH:47
end_of_record
TN:
SF:src\app\pages\ShowMediaDetails.jsx
FN:14,ShowMediaDetails
FN:40,(anonymous_1)
FN:53,(anonymous_2)
FN:59,(anonymous_3)
FN:62,(anonymous_4)
FN:80,(anonymous_5)
FN:97,(anonymous_6)
FN:111,(anonymous_7)
FN:113,(anonymous_8)
FN:129,(anonymous_9)
FN:135,(anonymous_10)
FN:136,(anonymous_11)
FN:142,(anonymous_12)
FN:166,(anonymous_13)
FN:171,(anonymous_14)
FN:177,onDeleteClick
FN:192,(anonymous_16)
FN:202,(anonymous_17)
FN:208,onDuplicateClick
FN:216,handleConfirmDuplicate
FN:250,(anonymous_20)
FN:254,(anonymous_21)
FN:259,handleCancelDuplicate
FN:263,handleGoToCopy
FN:274,handleDone
FN:279,onSwipeLeft
FN:307,onSwipeRight
FN:351,(anonymous_27)
FN:355,(anonymous_28)
FN:362,(anonymous_29)
FN:365,(anonymous_30)
FN:418,(anonymous_31)
FN:428,(anonymous_32)
FN:450,(anonymous_33)
FN:453,(anonymous_34)
FN:464,(anonymous_35)
FN:480,(anonymous_36)
FN:495,(anonymous_37)
FN:512,(anonymous_38)
FN:530,(anonymous_39)
FN:556,(anonymous_40)
FN:757,(anonymous_41)
FNF:42
FNH:17
FNDA:38,ShowMediaDetails
FNDA:76,(anonymous_1)
FNDA:9,(anonymous_2)
FNDA:9,(anonymous_3)
FNDA:18,(anonymous_4)
FNDA:9,(anonymous_5)
FNDA:0,(anonymous_6)
FNDA:3,(anonymous_7)
FNDA:3,(anonymous_8)
FNDA:1,(anonymous_9)
FNDA:0,(anonymous_10)
FNDA:0,(anonymous_11)
FNDA:1,(anonymous_12)
FNDA:1,(anonymous_13)
FNDA:0,(anonymous_14)
FNDA:2,onDeleteClick
FNDA:2,(anonymous_16)
FNDA:0,(anonymous_17)
FNDA:0,onDuplicateClick
FNDA:0,handleConfirmDuplicate
FNDA:0,(anonymous_20)
FNDA:0,(anonymous_21)
FNDA:0,handleCancelDuplicate
FNDA:0,handleGoToCopy
FNDA:0,handleDone
FNDA:0,onSwipeLeft
FNDA:0,onSwipeRight
FNDA:3,(anonymous_27)
FNDA:0,(anonymous_28)
FNDA:23,(anonymous_29)
FNDA:0,(anonymous_30)
FNDA:228,(anonymous_31)
FNDA:0,(anonymous_32)
FNDA:0,(anonymous_33)
FNDA:0,(anonymous_34)
FNDA:0,(anonymous_35)
FNDA:0,(anonymous_36)
FNDA:0,(anonymous_37)
FNDA:0,(anonymous_38)
FNDA:0,(anonymous_39)
FNDA:3,(anonymous_40)
FNDA:0,(anonymous_41)
DA:27,38
DA:28,38
DA:29,38
DA:30,38
DA:31,38
DA:32,38
DA:33,38
DA:35,38
DA:36,38
DA:37,38
DA:40,38
DA:41,76
DA:42,76
DA:45,76
DA:46,0
DA:49,76
DA:53,38
DA:54,9
DA:56,0
DA:59,9
DA:62,38
DA:63,18
DA:64,9
DA:66,0
DA:67,0
DA:68,0
DA:70,0
DA:71,0
DA:74,0
DA:76,9
DA:78,9
DA:81,9
DA:82,0
DA:84,9
DA:85,9
DA:88,9
DA:89,9
DA:90,9
DA:91,9
DA:94,9
DA:98,0
DA:99,0
DA:100,0
DA:101,0
DA:103,0
DA:104,0
DA:111,38
DA:112,3
DA:113,3
DA:129,38
DA:130,1
DA:131,1
DA:132,1
DA:135,38
DA:136,0
DA:142,38
DA:143,1
DA:152,1
DA:153,0
DA:154,0
DA:155,0
DA:156,0
DA:157,0
DA:159,0
DA:161,0
DA:164,1
DA:167,1
DA:168,1
DA:169,1
DA:172,0
DA:173,0
DA:178,2
DA:180,0
DA:181,0
DA:182,0
DA:183,0
DA:184,0
DA:185,0
DA:186,0
DA:188,2
DA:190,2
DA:194,2
DA:195,2
DA:196,2
DA:199,2
DA:200,2
DA:203,0
DA:209,0
DA:210,0
DA:213,0
DA:217,0
DA:218,0
DA:221,0
DA:223,0
DA:236,0
DA:238,0
DA:239,0
DA:240,0
DA:241,0
DA:243,0
DA:245,0
DA:248,0
DA:251,0
DA:252,0
DA:255,0
DA:260,0
DA:264,0
DA:265,0
DA:266,0
DA:267,0
DA:269,0
DA:270,0
DA:271,0
DA:275,0
DA:276,0
DA:280,0
DA:281,0
DA:285,0
DA:286,0
DA:287,0
DA:290,0
DA:291,0
DA:292,0
DA:295,0
DA:296,0
DA:299,0
DA:300,0
DA:301,0
DA:303,0
DA:304,0
DA:308,0
DA:309,0
DA:313,0
DA:314,0
DA:315,0
DA:318,0
DA:319,0
DA:320,0
DA:323,0
DA:324,0
DA:327,0
DA:328,0
DA:329,0
DA:331,0
DA:332,0
DA:335,38
DA:336,38
DA:337,38
DA:338,38
DA:339,38
DA:340,38
DA:341,38
DA:342,38
DA:344,38
DA:351,38
DA:352,3
DA:355,38
DA:356,0
DA:359,38
DA:362,38
DA:363,23
DA:365,0
DA:366,0
DA:367,0
DA:368,0
DA:373,0
DA:376,0
DA:379,0
DA:380,0
DA:381,0
DA:384,0
DA:385,0
DA:387,0
DA:392,23
DA:397,38
DA:398,0
DA:418,38
DA:419,228
DA:420,6
DA:422,0
DA:423,0
DA:428,0
DA:432,0
DA:433,0
DA:450,0
DA:454,0
DA:459,0
DA:460,0
DA:464,0
DA:472,0
DA:474,0
DA:480,0
DA:488,6
DA:489,6
DA:490,6
DA:491,0
DA:495,0
DA:507,6
DA:508,6
DA:512,0
DA:525,0
DA:530,0
DA:542,222
DA:556,3
DA:574,38
DA:757,0
LF:206
LH:82
BRDA:18,0,0,0
BRDA:19,1,0,0
BRDA:37,2,0,38
BRDA:37,2,1,38
BRDA:37,3,0,38
BRDA:37,3,1,0
BRDA:37,4,0,0
BRDA:37,4,1,38
BRDA:41,5,0,0
BRDA:41,5,1,76
BRDA:45,6,0,0
BRDA:45,6,1,76
BRDA:54,7,0,0
BRDA:54,7,1,9
BRDA:54,8,0,9
BRDA:54,8,1,0
BRDA:59,9,0,9
BRDA:59,9,1,0
BRDA:63,10,0,9
BRDA:63,10,1,9
BRDA:64,11,0,0
BRDA:64,11,1,9
BRDA:64,12,0,9
BRDA:64,12,1,0
BRDA:67,13,0,0
BRDA:67,13,1,0
BRDA:76,14,0,9
BRDA:76,14,1,0
BRDA:81,15,0,0
BRDA:81,15,1,9
BRDA:89,16,0,9
BRDA:89,16,1,0
BRDA:99,17,0,0
BRDA:99,17,1,0
BRDA:103,18,0,0
BRDA:103,18,1,0
BRDA:138,19,0,0
BRDA:138,19,1,0
BRDA:152,20,0,0
BRDA:152,20,1,1
BRDA:154,21,0,0
BRDA:154,21,1,0
BRDA:173,22,0,0
BRDA:173,22,1,0
BRDA:178,23,0,0
BRDA:178,23,1,2
BRDA:178,24,0,2
BRDA:178,24,1,0
BRDA:181,25,0,0
BRDA:181,25,1,0
BRDA:182,26,0,0
BRDA:182,26,1,0
BRDA:185,27,0,0
BRDA:185,27,1,0
BRDA:188,28,0,2
BRDA:188,28,1,0
BRDA:194,29,0,0
BRDA:194,29,1,2
BRDA:194,30,0,2
BRDA:194,30,1,2
BRDA:194,30,2,2
BRDA:199,31,0,0
BRDA:199,31,1,2
BRDA:203,32,0,0
BRDA:203,32,1,0
BRDA:209,33,0,0
BRDA:209,33,1,0
BRDA:217,34,0,0
BRDA:217,34,1,0
BRDA:230,35,0,0
BRDA:230,35,1,0
BRDA:231,36,0,0
BRDA:231,36,1,0
BRDA:236,37,0,0
BRDA:236,37,1,0
BRDA:239,38,0,0
BRDA:239,38,1,0
BRDA:239,39,0,0
BRDA:239,39,1,0
BRDA:264,40,0,0
BRDA:264,40,1,0
BRDA:267,41,0,0
BRDA:267,41,1,0
BRDA:280,42,0,0
BRDA:280,42,1,0
BRDA:286,43,0,0
BRDA:286,43,1,0
BRDA:291,44,0,0
BRDA:291,44,1,0
BRDA:291,45,0,0
BRDA:291,45,1,0
BRDA:301,46,0,0
BRDA:301,46,1,0
BRDA:308,47,0,0
BRDA:308,47,1,0
BRDA:314,48,0,0
BRDA:314,48,1,0
BRDA:319,49,0,0
BRDA:319,49,1,0
BRDA:319,50,0,0
BRDA:319,50,1,0
BRDA:329,51,0,0
BRDA:329,51,1,0
BRDA:347,52,0,38
BRDA:347,52,1,35
BRDA:359,53,0,0
BRDA:359,53,1,38
BRDA:359,54,0,29
BRDA:359,54,1,9
BRDA:363,55,0,0
BRDA:363,55,1,23
BRDA:366,56,0,0
BRDA:366,56,1,0
BRDA:366,57,0,0
BRDA:366,57,1,0
BRDA:366,57,2,0
BRDA:367,58,0,0
BRDA:367,58,1,0
BRDA:368,59,0,0
BRDA:368,59,1,0
BRDA:368,60,0,0
BRDA:368,60,1,0
BRDA:368,60,2,0
BRDA:397,61,0,0
BRDA:397,61,1,38
BRDA:397,62,0,38
BRDA:397,62,1,38
BRDA:418,63,0,76
BRDA:419,64,0,6
BRDA:419,64,1,222
BRDA:420,65,0,0
BRDA:420,65,1,0
BRDA:420,65,2,6
BRDA:422,66,0,0
BRDA:422,66,1,0
BRDA:427,67,0,0
BRDA:427,67,1,0
BRDA:427,68,0,0
BRDA:427,68,1,0
BRDA:432,69,0,0
BRDA:432,69,1,0
BRDA:454,70,0,0
BRDA:454,70,1,0
BRDA:454,71,0,0
BRDA:454,71,1,0
BRDA:459,72,0,0
BRDA:459,72,1,0
BRDA:463,73,0,0
BRDA:463,73,1,0
BRDA:480,74,0,0
BRDA:480,74,1,0
BRDA:481,75,0,0
BRDA:481,75,1,0
BRDA:481,76,0,0
BRDA:481,76,1,0
BRDA:490,77,0,0
BRDA:490,77,1,6
BRDA:494,78,0,0
BRDA:494,78,1,0
BRDA:507,79,0,6
BRDA:507,79,1,0
BRDA:511,80,0,6
BRDA:511,80,1,0
BRDA:537,81,0,0
BRDA:537,81,1,0
BRDA:547,82,0,70
BRDA:547,82,1,152
BRDA:547,83,0,222
BRDA:547,83,1,184
BRDA:559,84,0,38
BRDA:559,84,1,184
BRDA:560,85,0,38
BRDA:560,85,1,0
BRDA:560,86,0,38
BRDA:560,86,1,38
BRDA:560,87,0,38
BRDA:560,87,1,9
BRDA:560,88,0,0
BRDA:560,88,1,0
BRDA:561,89,0,38
BRDA:561,89,1,146
BRDA:562,90,0,29
BRDA:562,90,1,9
BRDA:562,91,0,38
BRDA:562,91,1,9
BRDA:562,91,2,29
BRDA:562,92,0,29
BRDA:562,92,1,0
BRDA:562,93,0,29
BRDA:562,93,1,0
BRDA:563,94,0,38
BRDA:563,94,1,108
BRDA:564,95,0,0
BRDA:564,95,1,38
BRDA:564,96,0,29
BRDA:564,96,1,9
BRDA:565,97,0,38
BRDA:565,97,1,70
BRDA:566,98,0,29
BRDA:566,98,1,9
BRDA:566,99,0,38
BRDA:566,99,1,9
BRDA:566,100,0,29
BRDA:566,100,1,0
BRDA:567,101,0,70
BRDA:567,101,1,18
BRDA:576,102,0,38
BRDA:576,102,1,9
BRDA:699,103,0,38
BRDA:699,103,1,0
BRDA:699,104,0,38
BRDA:699,104,1,38
BRDA:706,105,0,29
BRDA:706,105,1,9
BRDA:706,106,0,38
BRDA:706,106,1,29
BRDA:713,107,0,29
BRDA:713,107,1,9
BRDA:731,108,0,6
BRDA:731,108,1,32
BRDA:755,109,0,38
BRDA:755,109,1,0
BRF:222
BRH:89
end_of_record
TN:
SF:src\app\pages\ShowMediaList.jsx
FN:28,renderDescriptionWithLink
FN:52,ShowMediaList
FN:81,(anonymous_2)
FN:82,(anonymous_3)
FN:88,(anonymous_4)
FN:91,(anonymous_5)
FN:104,(anonymous_6)
FN:105,(anonymous_7)
FN:106,(anonymous_8)
FN:107,(anonymous_9)
FN:124,(anonymous_10)
FN:137,(anonymous_11)
FN:145,(anonymous_12)
FN:147,(anonymous_13)
FN:160,(anonymous_14)
FN:164,(anonymous_15)
FN:165,(anonymous_16)
FN:173,(anonymous_17)
FN:176,(anonymous_18)
FN:184,(anonymous_19)
FN:195,(anonymous_20)
FN:203,(anonymous_21)
FN:233,(anonymous_22)
FN:234,(anonymous_23)
FN:246,switchToDo
FN:259,exportToCsv
FN:262,(anonymous_26)
FN:263,(anonymous_27)
FN:273,handleEditListSave
FN:306,(anonymous_29)
FN:307,(anonymous_30)
FN:315,getCurrentDescription
FN:331,onDeleteClick
FN:334,(anonymous_33)
FN:338,(anonymous_34)
FN:346,(anonymous_35)
FN:347,(anonymous_36)
FN:351,(anonymous_37)
FN:355,(anonymous_38)
FN:367,(anonymous_39)
FN:382,(anonymous_40)
FN:390,(anonymous_41)
FN:401,(anonymous_42)
FN:411,(anonymous_43)
FN:414,(anonymous_44)
FN:415,(anonymous_45)
FN:432,(anonymous_46)
FN:437,(anonymous_47)
FN:440,(anonymous_48)
FN:441,(anonymous_49)
FN:489,(anonymous_50)
FN:490,(anonymous_51)
FN:492,(anonymous_52)
FN:512,(anonymous_53)
FN:513,(anonymous_54)
FN:515,(anonymous_55)
FN:553,(anonymous_56)
FN:565,(anonymous_57)
FN:586,(anonymous_58)
FN:588,(anonymous_59)
FN:596,(anonymous_60)
FN:601,(anonymous_61)
FN:606,(anonymous_62)
FN:607,(anonymous_63)
FN:614,(anonymous_64)
FN:614,(anonymous_65)
FN:614,(anonymous_66)
FNF:67
FNH:20
FNDA:0,renderDescriptionWithLink
FNDA:8,ShowMediaList
FNDA:4,(anonymous_2)
FNDA:1,(anonymous_3)
FNDA:0,(anonymous_4)
FNDA:4,(anonymous_5)
FNDA:4,(anonymous_6)
FNDA:4,(anonymous_7)
FNDA:4,(anonymous_8)
FNDA:4,(anonymous_9)
FNDA:4,(anonymous_10)
FNDA:8,(anonymous_11)
FNDA:0,(anonymous_12)
FNDA:0,(anonymous_13)
FNDA:4,(anonymous_14)
FNDA:0,(anonymous_15)
FNDA:0,(anonymous_16)
FNDA:0,(anonymous_17)
FNDA:24,(anonymous_18)
FNDA:0,(anonymous_19)
FNDA:4,(anonymous_20)
FNDA:8,(anonymous_21)
FNDA:3,(anonymous_22)
FNDA:3,(anonymous_23)
FNDA:0,switchToDo
FNDA:0,exportToCsv
FNDA:0,(anonymous_26)
FNDA:0,(anonymous_27)
FNDA:0,handleEditListSave
FNDA:0,(anonymous_29)
FNDA:0,(anonymous_30)
FNDA:12,getCurrentDescription
FNDA:0,onDeleteClick
FNDA:0,(anonymous_33)
FNDA:0,(anonymous_34)
FNDA:0,(anonymous_35)
FNDA:0,(anonymous_36)
FNDA:0,(anonymous_37)
FNDA:0,(anonymous_38)
FNDA:0,(anonymous_39)
FNDA:0,(anonymous_40)
FNDA:0,(anonymous_41)
FNDA:0,(anonymous_42)
FNDA:0,(anonymous_43)
FNDA:0,(anonymous_44)
FNDA:0,(anonymous_45)
FNDA:0,(anonymous_46)
FNDA:4,(anonymous_47)
FNDA:4,(anonymous_48)
FNDA:0,(anonymous_49)
FNDA:0,(anonymous_50)
FNDA:0,(anonymous_51)
FNDA:0,(anonymous_52)
FNDA:0,(anonymous_53)
FNDA:0,(anonymous_54)
FNDA:0,(anonymous_55)
FNDA:24,(anonymous_56)
FNDA:0,(anonymous_57)
FNDA:0,(anonymous_58)
FNDA:0,(anonymous_59)
FNDA:0,(anonymous_60)
FNDA:0,(anonymous_61)
FNDA:0,(anonymous_62)
FNDA:0,(anonymous_63)
FNDA:0,(anonymous_64)
FNDA:0,(anonymous_65)
FNDA:0,(anonymous_66)
DA:29,0
DA:30,0
DA:33,0
DA:34,0
DA:35,0
DA:36,0
DA:37,0
DA:38,0
DA:39,0
DA:49,0
DA:71,8
DA:72,8
DA:73,8
DA:75,8
DA:76,8
DA:77,8
DA:78,8
DA:81,8
DA:82,4
DA:83,1
DA:84,1
DA:86,4
DA:87,0
DA:88,0
DA:90,4
DA:91,4
DA:94,8
DA:95,8
DA:96,8
DA:97,8
DA:98,8
DA:99,8
DA:100,8
DA:101,8
DA:102,8
DA:104,8
DA:105,8
DA:106,8
DA:107,8
DA:108,8
DA:109,8
DA:110,8
DA:111,8
DA:112,8
DA:113,8
DA:114,8
DA:115,8
DA:116,8
DA:118,8
DA:119,8
DA:122,8
DA:124,8
DA:125,4
DA:126,4
DA:127,4
DA:128,4
DA:129,4
DA:132,8
DA:137,8
DA:138,8
DA:139,4
DA:141,0
DA:142,0
DA:143,0
DA:144,0
DA:145,0
DA:146,0
DA:147,0
DA:148,0
DA:150,0
DA:151,0
DA:152,0
DA:153,0
DA:154,4
DA:156,4
DA:161,4
DA:162,4
DA:164,4
DA:165,4
DA:167,4
DA:168,4
DA:170,4
DA:171,4
DA:172,4
DA:173,4
DA:175,4
DA:176,4
DA:177,24
DA:179,4
DA:180,4
DA:181,4
DA:182,4
DA:185,0
DA:186,0
DA:188,0
DA:195,8
DA:196,4
DA:197,4
DA:198,4
DA:199,4
DA:200,4
DA:203,8
DA:204,8
DA:206,3
DA:208,3
DA:225,3
DA:241,3
DA:242,3
DA:247,0
DA:248,0
DA:249,0
DA:250,0
DA:251,0
DA:252,0
DA:253,0
DA:254,0
DA:255,0
DA:256,0
DA:260,0
DA:261,0
DA:262,0
DA:263,0
DA:264,0
DA:265,0
DA:266,0
DA:267,0
DA:268,0
DA:269,0
DA:270,0
DA:274,0
DA:276,0
DA:277,0
DA:278,0
DA:279,0
DA:280,0
DA:283,0
DA:293,0
DA:295,0
DA:298,0
DA:300,0
DA:305,0
DA:306,0
DA:308,0
DA:309,0
DA:317,12
DA:318,0
DA:320,12
DA:321,12
DA:322,12
DA:323,0
DA:325,12
DA:326,12
DA:328,0
DA:332,0
DA:333,0
DA:335,0
DA:336,0
DA:339,0
DA:340,0
DA:345,8
DA:346,0
DA:347,0
DA:351,8
DA:352,0
DA:353,0
DA:355,8
DA:356,0
DA:357,0
DA:358,0
DA:359,0
DA:360,0
DA:361,0
DA:363,0
DA:364,0
DA:365,0
DA:366,0
DA:367,0
DA:368,0
DA:370,0
DA:371,0
DA:372,0
DA:373,0
DA:374,0
DA:375,0
DA:376,0
DA:377,0
DA:378,0
DA:379,0
DA:380,0
DA:382,0
DA:385,0
DA:388,0
DA:389,0
DA:390,0
DA:391,0
DA:393,0
DA:395,0
DA:396,0
DA:397,0
DA:398,0
DA:400,0
DA:401,0
DA:402,0
DA:405,0
DA:407,0
DA:408,0
DA:409,0
DA:410,0
DA:411,0
DA:412,0
DA:413,0
DA:414,0
DA:415,0
DA:418,0
DA:419,0
DA:420,0
DA:421,0
DA:422,0
DA:423,0
DA:424,0
DA:425,0
DA:426,0
DA:427,0
DA:428,0
DA:429,0
DA:430,0
DA:432,0
DA:437,8
DA:438,4
DA:439,4
DA:440,4
DA:442,0
DA:443,0
DA:448,8
DA:449,0
DA:462,8
DA:464,4
DA:489,0
DA:490,0
DA:492,0
DA:512,0
DA:513,0
DA:515,0
DA:555,24
DA:556,24
DA:557,24
DA:558,0
DA:559,24
DA:560,0
DA:561,24
DA:562,0
DA:564,24
DA:565,0
DA:568,24
DA:587,0
DA:588,0
DA:589,0
DA:591,0
DA:596,0
DA:601,0
DA:606,0
DA:607,0
DA:614,0
LF:263
LH:104
BRDA:29,0,0,0
BRDA:29,0,1,0
BRDA:30,1,0,0
BRDA:30,1,1,0
BRDA:30,2,0,0
BRDA:30,2,1,0
BRDA:34,3,0,0
BRDA:34,3,1,0
BRDA:36,4,0,0
BRDA:36,4,1,0
BRDA:36,5,0,0
BRDA:36,5,1,0
BRDA:38,6,0,0
BRDA:38,6,1,0
BRDA:61,7,0,8
BRDA:62,8,0,8
BRDA:66,9,0,8
BRDA:67,10,0,8
BRDA:68,11,0,8
BRDA:69,12,0,8
BRDA:86,13,0,0
BRDA:86,13,1,4
BRDA:95,14,0,2
BRDA:95,14,1,6
BRDA:96,15,0,2
BRDA:96,15,1,6
BRDA:104,16,0,4
BRDA:104,16,1,4
BRDA:105,17,0,4
BRDA:105,17,1,4
BRDA:106,18,0,4
BRDA:106,18,1,4
BRDA:107,19,0,4
BRDA:107,19,1,4
BRDA:119,20,0,8
BRDA:119,20,1,0
BRDA:119,21,0,0
BRDA:119,21,1,8
BRDA:138,22,0,4
BRDA:138,22,1,4
BRDA:139,23,0,0
BRDA:139,23,1,4
BRDA:139,24,0,4
BRDA:139,24,1,0
BRDA:148,25,0,0
BRDA:148,25,1,0
BRDA:148,26,0,0
BRDA:148,26,1,0
BRDA:154,27,0,4
BRDA:154,27,1,0
BRDA:164,28,0,4
BRDA:164,28,1,0
BRDA:164,29,0,0
BRDA:164,29,1,0
BRDA:165,30,0,4
BRDA:165,30,1,0
BRDA:165,31,0,0
BRDA:165,31,1,0
BRDA:170,32,0,4
BRDA:170,32,1,0
BRDA:171,33,0,4
BRDA:171,33,1,0
BRDA:177,34,0,24
BRDA:177,34,1,0
BRDA:177,35,0,24
BRDA:177,35,1,0
BRDA:185,36,0,0
BRDA:185,36,1,0
BRDA:185,37,0,0
BRDA:185,37,1,0
BRDA:204,38,0,3
BRDA:204,38,1,5
BRDA:204,39,0,8
BRDA:204,39,1,4
BRDA:204,39,2,4
BRDA:204,39,3,4
BRDA:204,39,4,4
BRDA:206,40,0,1
BRDA:206,40,1,2
BRDA:248,41,0,0
BRDA:248,41,1,0
BRDA:251,42,0,0
BRDA:251,42,1,0
BRDA:255,43,0,0
BRDA:255,43,1,0
BRDA:260,44,0,0
BRDA:260,44,1,0
BRDA:262,45,0,0
BRDA:262,45,1,0
BRDA:262,46,0,0
BRDA:262,46,1,0
BRDA:262,47,0,0
BRDA:262,47,1,0
BRDA:263,48,0,0
BRDA:263,48,1,0
BRDA:263,49,0,0
BRDA:263,49,1,0
BRDA:274,50,0,0
BRDA:274,50,1,0
BRDA:274,51,0,0
BRDA:274,51,1,0
BRDA:277,52,0,0
BRDA:277,52,1,0
BRDA:293,53,0,0
BRDA:293,53,1,0
BRDA:293,54,0,0
BRDA:293,54,1,0
BRDA:298,55,0,0
BRDA:298,55,1,0
BRDA:298,56,0,0
BRDA:298,56,1,0
BRDA:317,57,0,0
BRDA:317,57,1,12
BRDA:320,58,0,0
BRDA:320,58,1,12
BRDA:321,59,0,3
BRDA:321,59,1,9
BRDA:322,60,0,0
BRDA:322,60,1,12
BRDA:322,61,0,12
BRDA:322,61,1,0
BRDA:322,61,2,0
BRDA:323,62,0,0
BRDA:323,62,1,0
BRDA:325,63,0,12
BRDA:325,63,1,0
BRDA:326,64,0,12
BRDA:326,64,1,12
BRDA:332,65,0,0
BRDA:332,65,1,0
BRDA:346,66,0,0
BRDA:346,66,1,0
BRDA:347,67,0,0
BRDA:347,67,1,0
BRDA:352,68,0,0
BRDA:352,68,1,0
BRDA:356,69,0,0
BRDA:356,69,1,0
BRDA:358,70,0,0
BRDA:358,70,1,0
BRDA:358,71,0,0
BRDA:358,71,1,0
BRDA:358,71,2,0
BRDA:363,72,0,0
BRDA:363,72,1,0
BRDA:363,73,0,0
BRDA:363,73,1,0
BRDA:363,73,2,0
BRDA:363,73,3,0
BRDA:368,74,0,0
BRDA:368,74,1,0
BRDA:370,75,0,0
BRDA:370,75,1,0
BRDA:370,76,0,0
BRDA:370,76,1,0
BRDA:373,77,0,0
BRDA:373,77,1,0
BRDA:374,78,0,0
BRDA:374,78,1,0
BRDA:377,79,0,0
BRDA:377,79,1,0
BRDA:377,80,0,0
BRDA:377,80,1,0
BRDA:379,81,0,0
BRDA:379,81,1,0
BRDA:391,82,0,0
BRDA:391,82,1,0
BRDA:393,83,0,0
BRDA:393,83,1,0
BRDA:396,84,0,0
BRDA:396,84,1,0
BRDA:396,85,0,0
BRDA:396,85,1,0
BRDA:396,85,2,0
BRDA:398,86,0,0
BRDA:398,86,1,0
BRDA:402,87,0,0
BRDA:402,87,1,0
BRDA:405,88,0,0
BRDA:405,88,1,0
BRDA:407,89,0,0
BRDA:407,89,1,0
BRDA:408,90,0,0
BRDA:408,90,1,0
BRDA:410,91,0,0
BRDA:410,91,1,0
BRDA:410,92,0,0
BRDA:410,92,1,0
BRDA:412,93,0,0
BRDA:412,93,1,0
BRDA:418,94,0,0
BRDA:418,94,1,0
BRDA:419,95,0,0
BRDA:419,95,1,0
BRDA:421,96,0,0
BRDA:421,96,1,0
BRDA:427,97,0,0
BRDA:427,97,1,0
BRDA:427,98,0,0
BRDA:427,98,1,0
BRDA:429,99,0,0
BRDA:429,99,1,0
BRDA:438,100,0,4
BRDA:438,100,1,0
BRDA:438,101,0,4
BRDA:438,101,1,4
BRDA:438,101,2,4
BRDA:440,102,0,0
BRDA:440,102,1,4
BRDA:448,103,0,0
BRDA:448,103,1,8
BRDA:448,104,0,8
BRDA:448,104,1,8
BRDA:462,105,0,4
BRDA:462,105,1,4
BRDA:462,106,0,8
BRDA:462,106,1,4
BRDA:466,107,0,1
BRDA:466,107,1,3
BRDA:472,108,0,1
BRDA:472,108,1,3
BRDA:479,109,0,4
BRDA:479,109,1,0
BRDA:490,110,0,4
BRDA:490,110,1,4
BRDA:490,111,0,0
BRDA:490,111,1,4
BRDA:492,112,0,4
BRDA:492,112,1,4
BRDA:492,112,2,0
BRDA:499,113,0,1
BRDA:499,113,1,3
BRDA:502,114,0,4
BRDA:502,114,1,0
BRDA:513,115,0,4
BRDA:513,115,1,4
BRDA:513,116,0,0
BRDA:513,116,1,4
BRDA:515,117,0,4
BRDA:515,117,1,4
BRDA:515,117,2,0
BRDA:557,118,0,0
BRDA:557,118,1,24
BRDA:557,119,0,24
BRDA:557,119,1,24
BRDA:559,120,0,0
BRDA:559,120,1,24
BRDA:559,121,0,24
BRDA:559,121,1,24
BRDA:559,121,2,0
BRDA:561,122,0,0
BRDA:561,122,1,24
BRDA:564,123,0,0
BRDA:564,123,1,24
BRDA:580,124,0,6
BRDA:580,124,1,18
BRDA:580,125,0,24
BRDA:580,125,1,6
BRDA:581,126,0,24
BRDA:581,126,1,20
BRDA:586,127,0,4
BRDA:586,127,1,0
BRDA:589,128,0,0
BRDA:589,128,1,0
BRDA:589,129,0,0
BRDA:589,129,1,0
BRDA:614,130,0,4
BRDA:614,130,1,4
BRDA:614,131,0,0
BRDA:614,131,1,0
BRF:270
BRH:97
end_of_record
TN:
SF:src\app\pages\Stats.jsx
FN:11,(anonymous_0)
FN:19,(anonymous_1)
FN:40,(anonymous_2)
FN:167,(anonymous_3)
FN:193,(anonymous_4)
FN:223,(anonymous_5)
FN:250,(anonymous_6)
FN:252,(anonymous_7)
FN:274,(anonymous_8)
FN:276,(anonymous_9)
FN:302,(anonymous_10)
FNF:11
FNH:5
FNDA:8,(anonymous_0)
FNDA:3,(anonymous_1)
FNDA:4,(anonymous_2)
FNDA:0,(anonymous_3)
FNDA:0,(anonymous_4)
FNDA:0,(anonymous_5)
FNDA:0,(anonymous_6)
FNDA:12,(anonymous_7)
FNDA:0,(anonymous_8)
FNDA:12,(anonymous_9)
FNDA:0,(anonymous_10)
DA:11,1
DA:12,8
DA:13,8
DA:14,8
DA:15,8
DA:16,8
DA:17,8
DA:19,8
DA:20,3
DA:22,0
DA:23,0
DA:24,0
DA:25,0
DA:26,0
DA:29,0
DA:30,0
DA:32,0
DA:34,3
DA:36,3
DA:40,8
DA:41,4
DA:42,4
DA:43,4
DA:45,4
DA:49,3
DA:50,3
DA:52,0
DA:55,1
DA:56,1
DA:58,4
DA:62,8
DA:63,4
DA:75,4
DA:76,1
DA:100,3
DA:101,1
DA:117,2
DA:167,0
DA:193,0
DA:223,0
DA:250,0
DA:253,12
DA:274,0
DA:277,12
DA:302,0
LF:45
LH:30
BRDA:11,0,0,8
BRDA:20,1,0,0
BRDA:20,1,1,3
BRDA:20,2,0,3
BRDA:20,2,1,0
BRDA:25,3,0,0
BRDA:25,3,1,0
BRDA:34,4,0,3
BRDA:34,4,1,0
BRDA:49,5,0,3
BRDA:49,5,1,0
BRDA:62,6,0,4
BRDA:62,6,1,4
BRDA:75,7,0,1
BRDA:75,7,1,3
BRDA:100,8,0,1
BRDA:100,8,1,2
BRDA:159,9,0,2
BRDA:159,9,1,0
BRDA:163,10,0,2
BRDA:163,10,1,0
BRDA:184,11,0,2
BRDA:184,11,1,2
BRF:23
BRH:15
end_of_record
TN:
SF:src\landing\Footer.jsx
FN:3,(anonymous_0)
FNF:1
FNH:1
FNDA:4,(anonymous_0)
DA:3,1
DA:4,4
LF:2
LH:2
BRF:0
BRH:0
end_of_record
TN:
SF:src\landing\components\LegalPageLayout.jsx
FN:5,(anonymous_0)
FN:15,LegalPageLayout
FN:19,(anonymous_2)
FN:20,(anonymous_3)
FN:26,(anonymous_4)
FN:80,(anonymous_5)
FNF:6
FNH:0
FNDA:0,(anonymous_0)
FNDA:0,LegalPageLayout
FNDA:0,(anonymous_2)
FNDA:0,(anonymous_3)
FNDA:0,(anonymous_4)
FNDA:0,(anonymous_5)
DA:5,1
DA:6,0
DA:16,0
DA:17,0
DA:19,0
DA:20,0
DA:21,0
DA:23,0
DA:25,0
DA:26,0
DA:29,0
DA:36,0
DA:81,0
LF:13
LH:1
BRDA:16,0,0,0
BRDA:16,0,1,0
BRDA:42,1,0,0
BRDA:42,1,1,0
BRDA:43,2,0,0
BRDA:43,2,1,0
BRDA:44,3,0,0
BRDA:44,3,1,0
BRF:8
BRH:0
end_of_record
TN:
SF:src\landing\pages\About.jsx
FN:5,(anonymous_0)
FNF:1
FNH:0
FNDA:0,(anonymous_0)
DA:5,1
DA:7,0
LF:2
LH:1
BRF:0
BRH:0
end_of_record
TN:
SF:src\landing\pages\Intro.jsx
FN:11,(anonymous_0)
FN:12,(anonymous_1)
FN:17,(anonymous_2)
FN:24,(anonymous_3)
FN:28,(anonymous_4)
FN:31,(anonymous_5)
FN:44,(anonymous_6)
FN:55,(anonymous_7)
FN:74,(anonymous_8)
FN:78,(anonymous_9)
FN:81,(anonymous_10)
FN:82,(anonymous_11)
FN:86,(anonymous_12)
FN:89,(anonymous_13)
FN:106,(anonymous_14)
FN:132,(anonymous_15)
FN:136,(anonymous_16)
FN:248,(anonymous_17)
FN:276,(anonymous_18)
FN:280,(anonymous_19)
FN:281,(anonymous_20)
FN:283,(anonymous_21)
FN:284,(anonymous_22)
FN:288,(anonymous_23)
FN:289,(anonymous_24)
FN:290,(anonymous_25)
FN:292,(anonymous_26)
FN:318,(anonymous_27)
FN:342,(anonymous_28)
FN:348,(anonymous_29)
FN:361,(anonymous_30)
FN:371,(anonymous_31)
FN:383,(anonymous_32)
FN:395,(anonymous_33)
FN:399,(anonymous_34)
FN:402,(anonymous_35)
FN:410,(anonymous_36)
FN:501,(anonymous_37)
FN:607,(anonymous_38)
FNF:39
FNH:23
FNDA:4,(anonymous_0)
FNDA:4,(anonymous_1)
FNDA:4,(anonymous_2)
FNDA:80,(anonymous_3)
FNDA:80,(anonymous_4)
FNDA:0,(anonymous_5)
FNDA:80,(anonymous_6)
FNDA:80,(anonymous_7)
FNDA:0,(anonymous_8)
FNDA:4,(anonymous_9)
FNDA:4,(anonymous_10)
FNDA:0,(anonymous_11)
FNDA:4,(anonymous_12)
FNDA:0,(anonymous_13)
FNDA:0,(anonymous_14)
FNDA:16,(anonymous_15)
FNDA:0,(anonymous_16)
FNDA:16,(anonymous_17)
FNDA:4,(anonymous_18)
FNDA:0,(anonymous_19)
FNDA:0,(anonymous_20)
FNDA:0,(anonymous_21)
FNDA:0,(anonymous_22)
FNDA:4,(anonymous_23)
FNDA:0,(anonymous_24)
FNDA:0,(anonymous_25)
FNDA:4,(anonymous_26)
FNDA:16,(anonymous_27)
FNDA:0,(anonymous_28)
FNDA:8,(anonymous_29)
FNDA:32,(anonymous_30)
FNDA:16,(anonymous_31)
FNDA:0,(anonymous_32)
FNDA:4,(anonymous_33)
FNDA:4,(anonymous_34)
FNDA:0,(anonymous_35)
FNDA:0,(anonymous_36)
FNDA:24,(anonymous_37)
FNDA:16,(anonymous_38)
DA:7,1
DA:8,1
DA:11,1
DA:12,4
DA:13,4
DA:14,4
DA:15,4
DA:16,4
DA:17,4
DA:18,4
DA:24,1
DA:25,80
DA:26,80
DA:28,80
DA:29,80
DA:30,80
DA:32,0
DA:33,0
DA:34,0
DA:40,80
DA:41,80
DA:44,80
DA:45,80
DA:46,80
DA:51,80
DA:55,1
DA:56,80
DA:58,80
DA:74,1
DA:75,0
DA:78,1
DA:79,4
DA:81,4
DA:82,4
DA:83,0
DA:85,4
DA:86,4
DA:89,4
DA:90,0
DA:91,0
DA:92,0
DA:96,4
DA:106,0
DA:133,16
DA:136,0
DA:248,1
DA:249,16
DA:254,1
DA:261,1
DA:276,1
DA:277,4
DA:278,4
DA:280,4
DA:281,0
DA:282,0
DA:283,0
DA:284,0
DA:288,4
DA:289,4
DA:290,0
DA:292,4
DA:293,4
DA:297,4
DA:319,16
DA:342,0
DA:349,8
DA:362,32
DA:372,16
DA:383,0
DA:395,1
DA:396,4
DA:399,4
DA:400,4
DA:401,4
DA:402,0
DA:403,0
DA:404,0
DA:405,0
DA:409,0
DA:410,0
DA:414,4
DA:502,24
DA:608,16
LF:83
LH:60
BRDA:32,0,0,0
BRDA:32,0,1,0
BRDA:40,1,0,80
BRDA:40,1,1,0
BRDA:45,2,0,80
BRDA:45,2,1,0
BRDA:55,3,0,24
BRDA:55,4,0,36
BRDA:55,5,0,80
BRDA:64,6,0,0
BRDA:64,6,1,80
BRDA:65,7,0,0
BRDA:65,7,1,80
BRDA:91,8,0,0
BRDA:91,8,1,0
BRDA:97,9,0,0
BRDA:97,9,1,4
BRDA:100,10,0,0
BRDA:100,10,1,4
BRDA:101,11,0,0
BRDA:101,11,1,4
BRDA:102,12,0,0
BRDA:102,12,1,4
BRDA:109,13,0,0
BRDA:109,13,1,4
BRDA:118,14,0,0
BRDA:118,14,1,4
BRDA:126,15,0,0
BRDA:126,15,1,4
BRDA:141,16,0,0
BRDA:141,16,1,16
BRDA:155,17,0,0
BRDA:155,17,1,4
BRDA:282,18,0,0
BRDA:282,18,1,0
BRDA:293,19,0,4
BRDA:293,19,1,0
BRDA:353,20,0,4
BRDA:353,20,1,4
BRDA:354,21,0,4
BRDA:354,21,1,4
BRDA:355,22,0,4
BRDA:355,22,1,4
BRDA:355,23,0,0
BRDA:355,23,1,4
BRDA:357,24,0,4
BRDA:357,24,1,4
BRDA:358,25,0,4
BRDA:358,25,1,4
BRDA:401,26,0,0
BRDA:401,26,1,4
BRDA:404,27,0,0
BRDA:404,27,1,0
BRF:53
BRH:29
end_of_record
TN:
SF:src\landing\pages\NotFound.jsx
FN:4,(anonymous_0)
FNF:1
FNH:0
FNDA:0,(anonymous_0)
DA:4,1
DA:5,0
LF:2
LH:1
BRF:0
BRH:0
end_of_record
TN:
SF:src\landing\pages\Privacy.jsx
FN:5,(anonymous_0)
FNF:1
FNH:0
FNDA:0,(anonymous_0)
DA:5,1
DA:6,0
LF:2
LH:1
BRF:0
BRH:0
end_of_record
TN:
SF:src\landing\pages\Terms.jsx
FN:5,(anonymous_0)
FNF:1
FNH:0
FNDA:0,(anonymous_0)
DA:5,1
DA:6,0
LF:2
LH:1
BRF:0
BRH:0
end_of_record
TN:
SF:src\styling\theme.js
FNF:0
FNH:0
DA:18,10
LF:1
LH:1
BRF:0
BRH:0
end_of_record
